[0.072s] Invoking command in '/home/abdn/robot_ws/build/serial_motor_demo_msgs': /usr/bin/cmake /home/abdn/robot_ws/src/serial_motor_demo/serial_motor_demo_msgs -DCMAKE_INSTALL_PREFIX=/home/abdn/robot_ws/install/serial_motor_demo_msgs
[0.192s] [31mCMake Error at CMakeLists.txt:19 (find_package):
[0.192s]   By not providing "Findament_cmake.cmake" in CMAKE_MODULE_PATH this project
[0.193s]   has asked CMake to find a package configuration file provided by
[0.193s]   "ament_cmake", but CMake did not find one.
[0.193s] 
[0.194s]   Could not find a package configuration file provided by "ament_cmake" with
[0.195s]   any of the following names:
[0.195s] 
[0.200s]     ament_cmakeConfig.cmake
[0.202s]     ament_cmake-config.cmake
[0.203s] 
[0.204s]   Add the installation prefix of "ament_cmake" to CMAKE_PREFIX_PATH or set
[0.210s]   "ament_cmake_DIR" to a directory containing one of the above files.  If
[0.212s]   "ament_cmake" provides a separate development package or SDK, be sure it
[0.214s]   has been installed.
[0.215s] 
[0.215s] [0m
[0.217s] -- Configuring incomplete, errors occurred!
[0.217s] See also "/home/abdn/robot_ws/build/serial_motor_demo_msgs/CMakeFiles/CMakeOutput.log".
[0.218s] Invoked command in '/home/abdn/robot_ws/build/serial_motor_demo_msgs' returned '1': /usr/bin/cmake /home/abdn/robot_ws/src/serial_motor_demo/serial_motor_demo_msgs -DCMAKE_INSTALL_PREFIX=/home/abdn/robot_ws/install/serial_motor_demo_msgs
