[1.163s] DEBUG:colcon:Command line arguments: ['/usr/bin/colcon', 'build']
[1.163s] DEBUG:colcon:Parsed command line arguments: Namespace(log_base=None, log_level=None, verb_name='build', build_base='build', install_base='install', merge_install=False, symlink_install=False, test_result_base=None, continue_on_error=False, executor='parallel', parallel_workers=4, event_handlers=None, ignore_user_meta=False, metas=['./colcon.meta'], base_paths=['.'], packages_ignore=None, packages_ignore_regex=None, paths=None, packages_up_to=None, packages_up_to_regex=None, packages_above=None, packages_above_and_dependencies=None, packages_above_depth=None, packages_select_by_dep=None, packages_skip_by_dep=None, packages_skip_up_to=None, packages_select_build_failed=False, packages_skip_build_finished=False, packages_select_test_failures=False, packages_skip_test_passed=False, packages_select=None, packages_skip=None, packages_select_regex=None, packages_skip_regex=None, packages_start=None, packages_end=None, allow_overriding=[], cmake_args=None, cmake_target=None, cmake_target_skip_unavailable=False, cmake_clean_cache=False, cmake_clean_first=False, cmake_force_configure=False, ament_cmake_args=None, catkin_cmake_args=None, catkin_skip_building_tests=False, mixin_files=None, mixin=None, verb_parser=<colcon_mixin.mixin.mixin_argument.MixinArgumentDecorator object at 0xffffa6084f70>, verb_extension=<colcon_core.verb.build.BuildVerb object at 0xffffa617a1a0>, main=<bound method BuildVerb.main of <colcon_core.verb.build.BuildVerb object at 0xffffa617a1a0>>, mixin_verb=('build',))
[2.500s] Level 1:colcon.colcon_core.package_discovery:discover_packages(colcon_meta) check parameters
[2.501s] Level 1:colcon.colcon_core.package_discovery:discover_packages(recursive) check parameters
[2.501s] Level 1:colcon.colcon_core.package_discovery:discover_packages(ignore) check parameters
[2.501s] Level 1:colcon.colcon_core.package_discovery:discover_packages(path) check parameters
[2.501s] Level 1:colcon.colcon_core.package_discovery:discover_packages(colcon_meta) discover
[2.502s] Level 1:colcon.colcon_core.package_discovery:discover_packages(recursive) discover
[2.502s] INFO:colcon.colcon_core.package_discovery:Crawling recursively for packages in '/home/abdn/robot_ws'
[2.502s] Level 1:colcon.colcon_core.package_identification:_identify(.) by extensions ['ignore', 'ignore_ament_install']
[2.503s] Level 1:colcon.colcon_core.package_identification:_identify(.) by extension 'ignore'
[2.504s] Level 1:colcon.colcon_core.package_identification:_identify(.) by extension 'ignore_ament_install'
[2.504s] Level 1:colcon.colcon_core.package_identification:_identify(.) by extensions ['colcon_pkg']
[2.505s] Level 1:colcon.colcon_core.package_identification:_identify(.) by extension 'colcon_pkg'
[2.505s] Level 1:colcon.colcon_core.package_identification:_identify(.) by extensions ['colcon_meta']
[2.505s] Level 1:colcon.colcon_core.package_identification:_identify(.) by extension 'colcon_meta'
[2.505s] Level 1:colcon.colcon_core.package_identification:_identify(.) by extensions ['ros']
[2.506s] Level 1:colcon.colcon_core.package_identification:_identify(.) by extension 'ros'
[2.607s] Level 1:colcon.colcon_core.package_identification:_identify(.) by extensions ['cmake', 'python']
[2.607s] Level 1:colcon.colcon_core.package_identification:_identify(.) by extension 'cmake'
[2.608s] Level 1:colcon.colcon_core.package_identification:_identify(.) by extension 'python'
[2.608s] Level 1:colcon.colcon_core.package_identification:_identify(.) by extensions ['python_setup_py']
[2.608s] Level 1:colcon.colcon_core.package_identification:_identify(.) by extension 'python_setup_py'
[2.609s] Level 1:colcon.colcon_core.package_identification:_identify(build) by extensions ['ignore', 'ignore_ament_install']
[2.609s] Level 1:colcon.colcon_core.package_identification:_identify(build) by extension 'ignore'
[2.609s] Level 1:colcon.colcon_core.package_identification:_identify(build) ignored
[2.610s] Level 1:colcon.colcon_core.package_identification:_identify(install) by extensions ['ignore', 'ignore_ament_install']
[2.611s] Level 1:colcon.colcon_core.package_identification:_identify(install) by extension 'ignore'
[2.611s] Level 1:colcon.colcon_core.package_identification:_identify(install) ignored
[2.612s] Level 1:colcon.colcon_core.package_identification:_identify(log) by extensions ['ignore', 'ignore_ament_install']
[2.612s] Level 1:colcon.colcon_core.package_identification:_identify(log) by extension 'ignore'
[2.613s] Level 1:colcon.colcon_core.package_identification:_identify(log) ignored
[2.613s] Level 1:colcon.colcon_core.package_identification:_identify(src) by extensions ['ignore', 'ignore_ament_install']
[2.613s] Level 1:colcon.colcon_core.package_identification:_identify(src) by extension 'ignore'
[2.614s] Level 1:colcon.colcon_core.package_identification:_identify(src) by extension 'ignore_ament_install'
[2.614s] Level 1:colcon.colcon_core.package_identification:_identify(src) by extensions ['colcon_pkg']
[2.614s] Level 1:colcon.colcon_core.package_identification:_identify(src) by extension 'colcon_pkg'
[2.614s] Level 1:colcon.colcon_core.package_identification:_identify(src) by extensions ['colcon_meta']
[2.615s] Level 1:colcon.colcon_core.package_identification:_identify(src) by extension 'colcon_meta'
[2.615s] Level 1:colcon.colcon_core.package_identification:_identify(src) by extensions ['ros']
[2.615s] Level 1:colcon.colcon_core.package_identification:_identify(src) by extension 'ros'
[2.615s] Level 1:colcon.colcon_core.package_identification:_identify(src) by extensions ['cmake', 'python']
[2.616s] Level 1:colcon.colcon_core.package_identification:_identify(src) by extension 'cmake'
[2.616s] Level 1:colcon.colcon_core.package_identification:_identify(src) by extension 'python'
[2.616s] Level 1:colcon.colcon_core.package_identification:_identify(src) by extensions ['python_setup_py']
[2.616s] Level 1:colcon.colcon_core.package_identification:_identify(src) by extension 'python_setup_py'
[2.617s] Level 1:colcon.colcon_core.package_identification:_identify(src/diffdrive_arduino) by extensions ['ignore', 'ignore_ament_install']
[2.617s] Level 1:colcon.colcon_core.package_identification:_identify(src/diffdrive_arduino) by extension 'ignore'
[2.618s] Level 1:colcon.colcon_core.package_identification:_identify(src/diffdrive_arduino) by extension 'ignore_ament_install'
[2.618s] Level 1:colcon.colcon_core.package_identification:_identify(src/diffdrive_arduino) by extensions ['colcon_pkg']
[2.618s] Level 1:colcon.colcon_core.package_identification:_identify(src/diffdrive_arduino) by extension 'colcon_pkg'
[2.618s] Level 1:colcon.colcon_core.package_identification:_identify(src/diffdrive_arduino) by extensions ['colcon_meta']
[2.619s] Level 1:colcon.colcon_core.package_identification:_identify(src/diffdrive_arduino) by extension 'colcon_meta'
[2.619s] Level 1:colcon.colcon_core.package_identification:_identify(src/diffdrive_arduino) by extensions ['ros']
[2.619s] Level 1:colcon.colcon_core.package_identification:_identify(src/diffdrive_arduino) by extension 'ros'
[2.643s] DEBUG:colcon.colcon_core.package_identification:Package 'src/diffdrive_arduino' with type 'ros.ament_cmake' and name 'diffdrive_arduino'
[2.644s] Level 1:colcon.colcon_core.package_identification:_identify(src/my_bot) by extensions ['ignore', 'ignore_ament_install']
[2.645s] Level 1:colcon.colcon_core.package_identification:_identify(src/my_bot) by extension 'ignore'
[2.646s] Level 1:colcon.colcon_core.package_identification:_identify(src/my_bot) by extension 'ignore_ament_install'
[2.646s] Level 1:colcon.colcon_core.package_identification:_identify(src/my_bot) by extensions ['colcon_pkg']
[2.647s] Level 1:colcon.colcon_core.package_identification:_identify(src/my_bot) by extension 'colcon_pkg'
[2.647s] Level 1:colcon.colcon_core.package_identification:_identify(src/my_bot) by extensions ['colcon_meta']
[2.647s] Level 1:colcon.colcon_core.package_identification:_identify(src/my_bot) by extension 'colcon_meta'
[2.648s] Level 1:colcon.colcon_core.package_identification:_identify(src/my_bot) by extensions ['ros']
[2.648s] Level 1:colcon.colcon_core.package_identification:_identify(src/my_bot) by extension 'ros'
[2.651s] DEBUG:colcon.colcon_core.package_identification:Package 'src/my_bot' with type 'ros.ament_cmake' and name 'my_bot'
[2.652s] Level 1:colcon.colcon_core.package_identification:_identify(src/serial_motor_demo) by extensions ['ignore', 'ignore_ament_install']
[2.653s] Level 1:colcon.colcon_core.package_identification:_identify(src/serial_motor_demo) by extension 'ignore'
[2.653s] Level 1:colcon.colcon_core.package_identification:_identify(src/serial_motor_demo) by extension 'ignore_ament_install'
[2.653s] Level 1:colcon.colcon_core.package_identification:_identify(src/serial_motor_demo) by extensions ['colcon_pkg']
[2.653s] Level 1:colcon.colcon_core.package_identification:_identify(src/serial_motor_demo) by extension 'colcon_pkg'
[2.654s] Level 1:colcon.colcon_core.package_identification:_identify(src/serial_motor_demo) by extensions ['colcon_meta']
[2.654s] Level 1:colcon.colcon_core.package_identification:_identify(src/serial_motor_demo) by extension 'colcon_meta'
[2.654s] Level 1:colcon.colcon_core.package_identification:_identify(src/serial_motor_demo) by extensions ['ros']
[2.654s] Level 1:colcon.colcon_core.package_identification:_identify(src/serial_motor_demo) by extension 'ros'
[2.655s] Level 1:colcon.colcon_core.package_identification:_identify(src/serial_motor_demo) by extensions ['cmake', 'python']
[2.655s] Level 1:colcon.colcon_core.package_identification:_identify(src/serial_motor_demo) by extension 'cmake'
[2.655s] Level 1:colcon.colcon_core.package_identification:_identify(src/serial_motor_demo) by extension 'python'
[2.656s] Level 1:colcon.colcon_core.package_identification:_identify(src/serial_motor_demo) by extensions ['python_setup_py']
[2.656s] Level 1:colcon.colcon_core.package_identification:_identify(src/serial_motor_demo) by extension 'python_setup_py'
[2.656s] Level 1:colcon.colcon_core.package_identification:_identify(src/serial_motor_demo/serial_motor_demo) by extensions ['ignore', 'ignore_ament_install']
[2.657s] Level 1:colcon.colcon_core.package_identification:_identify(src/serial_motor_demo/serial_motor_demo) by extension 'ignore'
[2.657s] Level 1:colcon.colcon_core.package_identification:_identify(src/serial_motor_demo/serial_motor_demo) by extension 'ignore_ament_install'
[2.658s] Level 1:colcon.colcon_core.package_identification:_identify(src/serial_motor_demo/serial_motor_demo) by extensions ['colcon_pkg']
[2.658s] Level 1:colcon.colcon_core.package_identification:_identify(src/serial_motor_demo/serial_motor_demo) by extension 'colcon_pkg'
[2.658s] Level 1:colcon.colcon_core.package_identification:_identify(src/serial_motor_demo/serial_motor_demo) by extensions ['colcon_meta']
[2.658s] Level 1:colcon.colcon_core.package_identification:_identify(src/serial_motor_demo/serial_motor_demo) by extension 'colcon_meta'
[2.658s] Level 1:colcon.colcon_core.package_identification:_identify(src/serial_motor_demo/serial_motor_demo) by extensions ['ros']
[2.659s] Level 1:colcon.colcon_core.package_identification:_identify(src/serial_motor_demo/serial_motor_demo) by extension 'ros'
[2.662s] DEBUG:colcon.colcon_core.package_identification:Package 'src/serial_motor_demo/serial_motor_demo' with type 'ros.ament_python' and name 'serial_motor_demo'
[2.663s] Level 1:colcon.colcon_core.package_identification:_identify(src/serial_motor_demo/serial_motor_demo_msgs) by extensions ['ignore', 'ignore_ament_install']
[2.664s] Level 1:colcon.colcon_core.package_identification:_identify(src/serial_motor_demo/serial_motor_demo_msgs) by extension 'ignore'
[2.664s] Level 1:colcon.colcon_core.package_identification:_identify(src/serial_motor_demo/serial_motor_demo_msgs) by extension 'ignore_ament_install'
[2.664s] Level 1:colcon.colcon_core.package_identification:_identify(src/serial_motor_demo/serial_motor_demo_msgs) by extensions ['colcon_pkg']
[2.665s] Level 1:colcon.colcon_core.package_identification:_identify(src/serial_motor_demo/serial_motor_demo_msgs) by extension 'colcon_pkg'
[2.665s] Level 1:colcon.colcon_core.package_identification:_identify(src/serial_motor_demo/serial_motor_demo_msgs) by extensions ['colcon_meta']
[2.665s] Level 1:colcon.colcon_core.package_identification:_identify(src/serial_motor_demo/serial_motor_demo_msgs) by extension 'colcon_meta'
[2.665s] Level 1:colcon.colcon_core.package_identification:_identify(src/serial_motor_demo/serial_motor_demo_msgs) by extensions ['ros']
[2.666s] Level 1:colcon.colcon_core.package_identification:_identify(src/serial_motor_demo/serial_motor_demo_msgs) by extension 'ros'
[2.669s] DEBUG:colcon.colcon_core.package_identification:Package 'src/serial_motor_demo/serial_motor_demo_msgs' with type 'ros.ament_cmake' and name 'serial_motor_demo_msgs'
[2.669s] Level 1:colcon.colcon_core.package_discovery:discover_packages(recursive) using defaults
[2.669s] Level 1:colcon.colcon_core.package_discovery:discover_packages(ignore) discover
[2.669s] Level 1:colcon.colcon_core.package_discovery:discover_packages(ignore) using defaults
[2.670s] Level 1:colcon.colcon_core.package_discovery:discover_packages(path) discover
[2.670s] Level 1:colcon.colcon_core.package_discovery:discover_packages(path) using defaults
[2.839s] Level 1:colcon.colcon_core.package_discovery:discover_packages(prefix_path) check parameters
[2.840s] Level 1:colcon.colcon_core.package_discovery:discover_packages(prefix_path) discover
[2.862s] DEBUG:colcon.colcon_installed_package_information.package_discovery:Found 235 installed packages in /opt/ros/humble
[2.905s] Level 1:colcon.colcon_core.package_discovery:discover_packages(prefix_path) using defaults
[3.092s] Level 5:colcon.colcon_core.verb:set package 'diffdrive_arduino' build argument 'cmake_args' from command line to 'None'
[3.093s] Level 5:colcon.colcon_core.verb:set package 'diffdrive_arduino' build argument 'cmake_target' from command line to 'None'
[3.093s] Level 5:colcon.colcon_core.verb:set package 'diffdrive_arduino' build argument 'cmake_target_skip_unavailable' from command line to 'False'
[3.093s] Level 5:colcon.colcon_core.verb:set package 'diffdrive_arduino' build argument 'cmake_clean_cache' from command line to 'False'
[3.093s] Level 5:colcon.colcon_core.verb:set package 'diffdrive_arduino' build argument 'cmake_clean_first' from command line to 'False'
[3.093s] Level 5:colcon.colcon_core.verb:set package 'diffdrive_arduino' build argument 'cmake_force_configure' from command line to 'False'
[3.093s] Level 5:colcon.colcon_core.verb:set package 'diffdrive_arduino' build argument 'ament_cmake_args' from command line to 'None'
[3.093s] Level 5:colcon.colcon_core.verb:set package 'diffdrive_arduino' build argument 'catkin_cmake_args' from command line to 'None'
[3.094s] Level 5:colcon.colcon_core.verb:set package 'diffdrive_arduino' build argument 'catkin_skip_building_tests' from command line to 'False'
[3.094s] DEBUG:colcon.colcon_core.verb:Building package 'diffdrive_arduino' with the following arguments: {'ament_cmake_args': None, 'build_base': '/home/abdn/robot_ws/build/diffdrive_arduino', 'catkin_cmake_args': None, 'catkin_skip_building_tests': False, 'cmake_args': None, 'cmake_clean_cache': False, 'cmake_clean_first': False, 'cmake_force_configure': False, 'cmake_target': None, 'cmake_target_skip_unavailable': False, 'install_base': '/home/abdn/robot_ws/install/diffdrive_arduino', 'merge_install': False, 'path': '/home/abdn/robot_ws/src/diffdrive_arduino', 'symlink_install': False, 'test_result_base': None}
[3.096s] Level 5:colcon.colcon_core.verb:set package 'my_bot' build argument 'cmake_args' from command line to 'None'
[3.096s] Level 5:colcon.colcon_core.verb:set package 'my_bot' build argument 'cmake_target' from command line to 'None'
[3.096s] Level 5:colcon.colcon_core.verb:set package 'my_bot' build argument 'cmake_target_skip_unavailable' from command line to 'False'
[3.096s] Level 5:colcon.colcon_core.verb:set package 'my_bot' build argument 'cmake_clean_cache' from command line to 'False'
[3.096s] Level 5:colcon.colcon_core.verb:set package 'my_bot' build argument 'cmake_clean_first' from command line to 'False'
[3.096s] Level 5:colcon.colcon_core.verb:set package 'my_bot' build argument 'cmake_force_configure' from command line to 'False'
[3.097s] Level 5:colcon.colcon_core.verb:set package 'my_bot' build argument 'ament_cmake_args' from command line to 'None'
[3.097s] Level 5:colcon.colcon_core.verb:set package 'my_bot' build argument 'catkin_cmake_args' from command line to 'None'
[3.097s] Level 5:colcon.colcon_core.verb:set package 'my_bot' build argument 'catkin_skip_building_tests' from command line to 'False'
[3.097s] DEBUG:colcon.colcon_core.verb:Building package 'my_bot' with the following arguments: {'ament_cmake_args': None, 'build_base': '/home/abdn/robot_ws/build/my_bot', 'catkin_cmake_args': None, 'catkin_skip_building_tests': False, 'cmake_args': None, 'cmake_clean_cache': False, 'cmake_clean_first': False, 'cmake_force_configure': False, 'cmake_target': None, 'cmake_target_skip_unavailable': False, 'install_base': '/home/abdn/robot_ws/install/my_bot', 'merge_install': False, 'path': '/home/abdn/robot_ws/src/my_bot', 'symlink_install': False, 'test_result_base': None}
[3.099s] Level 5:colcon.colcon_core.verb:set package 'serial_motor_demo_msgs' build argument 'cmake_args' from command line to 'None'
[3.099s] Level 5:colcon.colcon_core.verb:set package 'serial_motor_demo_msgs' build argument 'cmake_target' from command line to 'None'
[3.099s] Level 5:colcon.colcon_core.verb:set package 'serial_motor_demo_msgs' build argument 'cmake_target_skip_unavailable' from command line to 'False'
[3.099s] Level 5:colcon.colcon_core.verb:set package 'serial_motor_demo_msgs' build argument 'cmake_clean_cache' from command line to 'False'
[3.099s] Level 5:colcon.colcon_core.verb:set package 'serial_motor_demo_msgs' build argument 'cmake_clean_first' from command line to 'False'
[3.099s] Level 5:colcon.colcon_core.verb:set package 'serial_motor_demo_msgs' build argument 'cmake_force_configure' from command line to 'False'
[3.100s] Level 5:colcon.colcon_core.verb:set package 'serial_motor_demo_msgs' build argument 'ament_cmake_args' from command line to 'None'
[3.100s] Level 5:colcon.colcon_core.verb:set package 'serial_motor_demo_msgs' build argument 'catkin_cmake_args' from command line to 'None'
[3.100s] Level 5:colcon.colcon_core.verb:set package 'serial_motor_demo_msgs' build argument 'catkin_skip_building_tests' from command line to 'False'
[3.100s] DEBUG:colcon.colcon_core.verb:Building package 'serial_motor_demo_msgs' with the following arguments: {'ament_cmake_args': None, 'build_base': '/home/abdn/robot_ws/build/serial_motor_demo_msgs', 'catkin_cmake_args': None, 'catkin_skip_building_tests': False, 'cmake_args': None, 'cmake_clean_cache': False, 'cmake_clean_first': False, 'cmake_force_configure': False, 'cmake_target': None, 'cmake_target_skip_unavailable': False, 'install_base': '/home/abdn/robot_ws/install/serial_motor_demo_msgs', 'merge_install': False, 'path': '/home/abdn/robot_ws/src/serial_motor_demo/serial_motor_demo_msgs', 'symlink_install': False, 'test_result_base': None}
[3.102s] Level 5:colcon.colcon_core.verb:set package 'serial_motor_demo' build argument 'cmake_args' from command line to 'None'
[3.102s] Level 5:colcon.colcon_core.verb:set package 'serial_motor_demo' build argument 'cmake_target' from command line to 'None'
[3.102s] Level 5:colcon.colcon_core.verb:set package 'serial_motor_demo' build argument 'cmake_target_skip_unavailable' from command line to 'False'
[3.102s] Level 5:colcon.colcon_core.verb:set package 'serial_motor_demo' build argument 'cmake_clean_cache' from command line to 'False'
[3.102s] Level 5:colcon.colcon_core.verb:set package 'serial_motor_demo' build argument 'cmake_clean_first' from command line to 'False'
[3.102s] Level 5:colcon.colcon_core.verb:set package 'serial_motor_demo' build argument 'cmake_force_configure' from command line to 'False'
[3.103s] Level 5:colcon.colcon_core.verb:set package 'serial_motor_demo' build argument 'ament_cmake_args' from command line to 'None'
[3.103s] Level 5:colcon.colcon_core.verb:set package 'serial_motor_demo' build argument 'catkin_cmake_args' from command line to 'None'
[3.103s] Level 5:colcon.colcon_core.verb:set package 'serial_motor_demo' build argument 'catkin_skip_building_tests' from command line to 'False'
[3.103s] DEBUG:colcon.colcon_core.verb:Building package 'serial_motor_demo' with the following arguments: {'ament_cmake_args': None, 'build_base': '/home/abdn/robot_ws/build/serial_motor_demo', 'catkin_cmake_args': None, 'catkin_skip_building_tests': False, 'cmake_args': None, 'cmake_clean_cache': False, 'cmake_clean_first': False, 'cmake_force_configure': False, 'cmake_target': None, 'cmake_target_skip_unavailable': False, 'install_base': '/home/abdn/robot_ws/install/serial_motor_demo', 'merge_install': False, 'path': '/home/abdn/robot_ws/src/serial_motor_demo/serial_motor_demo', 'symlink_install': False, 'test_result_base': None}
[3.104s] INFO:colcon.colcon_core.executor:Executing jobs using 'parallel' executor
[3.107s] DEBUG:colcon.colcon_parallel_executor.executor.parallel:run_until_complete
[3.109s] INFO:colcon.colcon_ros.task.ament_cmake.build:Building ROS package in '/home/abdn/robot_ws/src/serial_motor_demo/serial_motor_demo_msgs' with build type 'ament_cmake'
[3.109s] INFO:colcon.colcon_cmake.task.cmake.build:Building CMake package in '/home/abdn/robot_ws/src/serial_motor_demo/serial_motor_demo_msgs'
[3.139s] INFO:colcon.colcon_core.plugin_system:Skipping extension 'colcon_core.shell.bat': Not used on non-Windows systems
[3.140s] INFO:colcon.colcon_core.shell:Skip shell extension 'powershell' for command environment: Not usable outside of PowerShell
[3.140s] DEBUG:colcon.colcon_core.shell:Skip shell extension 'dsv' for command environment
[3.166s] INFO:colcon.colcon_ros.task.ament_cmake.build:Building ROS package in '/home/abdn/robot_ws/src/diffdrive_arduino' with build type 'ament_cmake'
[3.166s] INFO:colcon.colcon_cmake.task.cmake.build:Building CMake package in '/home/abdn/robot_ws/src/diffdrive_arduino'
[3.168s] INFO:colcon.colcon_core.shell:Skip shell extension 'powershell' for command environment: Not usable outside of PowerShell
[3.169s] DEBUG:colcon.colcon_core.shell:Skip shell extension 'dsv' for command environment
[3.186s] INFO:colcon.colcon_ros.task.ament_cmake.build:Building ROS package in '/home/abdn/robot_ws/src/my_bot' with build type 'ament_cmake'
[3.187s] INFO:colcon.colcon_cmake.task.cmake.build:Building CMake package in '/home/abdn/robot_ws/src/my_bot'
[3.188s] INFO:colcon.colcon_core.shell:Skip shell extension 'powershell' for command environment: Not usable outside of PowerShell
[3.189s] DEBUG:colcon.colcon_core.shell:Skip shell extension 'dsv' for command environment
[3.239s] DEBUG:colcon.colcon_core.event_handler.log_command:Invoking command in '/home/abdn/robot_ws/build/serial_motor_demo_msgs': CMAKE_PREFIX_PATH=/opt/ros/humble /usr/bin/cmake --build /home/abdn/robot_ws/build/serial_motor_demo_msgs -- -j4 -l4
[3.271s] DEBUG:colcon.colcon_core.event_handler.log_command:Invoking command in '/home/abdn/robot_ws/build/diffdrive_arduino': CMAKE_PREFIX_PATH=/opt/ros/humble /usr/bin/cmake --build /home/abdn/robot_ws/build/diffdrive_arduino -- -j4 -l4
[3.297s] DEBUG:colcon.colcon_core.event_handler.log_command:Invoking command in '/home/abdn/robot_ws/build/my_bot': CMAKE_PREFIX_PATH=/opt/ros/humble /usr/bin/cmake --build /home/abdn/robot_ws/build/my_bot -- -j4 -l4
[3.683s] DEBUG:colcon.colcon_core.event_handler.log_command:Invoked command in '/home/abdn/robot_ws/build/my_bot' returned '0': CMAKE_PREFIX_PATH=/opt/ros/humble /usr/bin/cmake --build /home/abdn/robot_ws/build/my_bot -- -j4 -l4
[3.765s] DEBUG:colcon.colcon_core.event_handler.log_command:Invoking command in '/home/abdn/robot_ws/build/my_bot': CMAKE_PREFIX_PATH=/opt/ros/humble /usr/bin/cmake --install /home/abdn/robot_ws/build/my_bot
[3.952s] Level 1:colcon.colcon_core.environment:create_environment_scripts_only(my_bot)
[3.955s] DEBUG:colcon.colcon_core.event_handler.log_command:Invoked command in '/home/abdn/robot_ws/build/my_bot' returned '0': CMAKE_PREFIX_PATH=/opt/ros/humble /usr/bin/cmake --install /home/abdn/robot_ws/build/my_bot
[4.002s] Level 1:colcon.colcon_core.environment:checking '/home/abdn/robot_ws/install/my_bot' for CMake module files
[4.007s] Level 1:colcon.colcon_core.environment:checking '/home/abdn/robot_ws/install/my_bot' for CMake config files
[4.023s] Level 1:colcon.colcon_core.shell:create_environment_hook('my_bot', 'cmake_prefix_path')
[4.024s] INFO:colcon.colcon_core.shell:Creating environment hook '/home/abdn/robot_ws/install/my_bot/share/my_bot/hook/cmake_prefix_path.ps1'
[4.029s] INFO:colcon.colcon_core.shell:Creating environment descriptor '/home/abdn/robot_ws/install/my_bot/share/my_bot/hook/cmake_prefix_path.dsv'
[4.040s] INFO:colcon.colcon_core.shell:Creating environment hook '/home/abdn/robot_ws/install/my_bot/share/my_bot/hook/cmake_prefix_path.sh'
[4.050s] Level 1:colcon.colcon_core.environment:checking '/home/abdn/robot_ws/install/my_bot/bin'
[4.051s] Level 1:colcon.colcon_core.environment:checking '/home/abdn/robot_ws/install/my_bot/lib/pkgconfig/my_bot.pc'
[4.052s] Level 1:colcon.colcon_core.environment:checking '/home/abdn/robot_ws/install/my_bot/lib/python3.10/site-packages'
[4.055s] Level 1:colcon.colcon_core.environment:checking '/home/abdn/robot_ws/install/my_bot/bin'
[4.057s] INFO:colcon.colcon_core.shell:Creating package script '/home/abdn/robot_ws/install/my_bot/share/my_bot/package.ps1'
[4.068s] INFO:colcon.colcon_core.shell:Creating package descriptor '/home/abdn/robot_ws/install/my_bot/share/my_bot/package.dsv'
[4.089s] INFO:colcon.colcon_core.shell:Creating package script '/home/abdn/robot_ws/install/my_bot/share/my_bot/package.sh'
[4.101s] INFO:colcon.colcon_core.shell:Creating package script '/home/abdn/robot_ws/install/my_bot/share/my_bot/package.bash'
[4.112s] INFO:colcon.colcon_core.shell:Creating package script '/home/abdn/robot_ws/install/my_bot/share/my_bot/package.zsh'
[4.123s] Level 1:colcon.colcon_core.environment:create_file_with_runtime_dependencies(/home/abdn/robot_ws/install/my_bot/share/colcon-core/packages/my_bot)
[4.127s] Level 1:colcon.colcon_core.environment:create_environment_scripts_only(my_bot)
[4.129s] Level 1:colcon.colcon_core.environment:checking '/home/abdn/robot_ws/install/my_bot' for CMake module files
[4.134s] Level 1:colcon.colcon_core.environment:checking '/home/abdn/robot_ws/install/my_bot' for CMake config files
[4.138s] Level 1:colcon.colcon_core.shell:create_environment_hook('my_bot', 'cmake_prefix_path')
[4.140s] INFO:colcon.colcon_core.shell:Creating environment hook '/home/abdn/robot_ws/install/my_bot/share/my_bot/hook/cmake_prefix_path.ps1'
[4.145s] INFO:colcon.colcon_core.shell:Creating environment descriptor '/home/abdn/robot_ws/install/my_bot/share/my_bot/hook/cmake_prefix_path.dsv'
[4.149s] INFO:colcon.colcon_core.shell:Creating environment hook '/home/abdn/robot_ws/install/my_bot/share/my_bot/hook/cmake_prefix_path.sh'
[4.155s] Level 1:colcon.colcon_core.environment:checking '/home/abdn/robot_ws/install/my_bot/bin'
[4.156s] Level 1:colcon.colcon_core.environment:checking '/home/abdn/robot_ws/install/my_bot/lib/pkgconfig/my_bot.pc'
[4.158s] Level 1:colcon.colcon_core.environment:checking '/home/abdn/robot_ws/install/my_bot/lib/python3.10/site-packages'
[4.161s] Level 1:colcon.colcon_core.environment:checking '/home/abdn/robot_ws/install/my_bot/bin'
[4.163s] INFO:colcon.colcon_core.shell:Creating package script '/home/abdn/robot_ws/install/my_bot/share/my_bot/package.ps1'
[4.171s] INFO:colcon.colcon_core.shell:Creating package descriptor '/home/abdn/robot_ws/install/my_bot/share/my_bot/package.dsv'
[4.176s] INFO:colcon.colcon_core.shell:Creating package script '/home/abdn/robot_ws/install/my_bot/share/my_bot/package.sh'
[4.179s] INFO:colcon.colcon_core.shell:Creating package script '/home/abdn/robot_ws/install/my_bot/share/my_bot/package.bash'
[4.183s] INFO:colcon.colcon_core.shell:Creating package script '/home/abdn/robot_ws/install/my_bot/share/my_bot/package.zsh'
[4.188s] Level 1:colcon.colcon_core.environment:create_file_with_runtime_dependencies(/home/abdn/robot_ws/install/my_bot/share/colcon-core/packages/my_bot)
[4.198s] DEBUG:colcon.colcon_core.event_handler.log_command:Invoked command in '/home/abdn/robot_ws/build/diffdrive_arduino' returned '0': CMAKE_PREFIX_PATH=/opt/ros/humble /usr/bin/cmake --build /home/abdn/robot_ws/build/diffdrive_arduino -- -j4 -l4
[4.205s] DEBUG:colcon.colcon_core.event_handler.log_command:Invoking command in '/home/abdn/robot_ws/build/diffdrive_arduino': CMAKE_PREFIX_PATH=/opt/ros/humble /usr/bin/cmake --install /home/abdn/robot_ws/build/diffdrive_arduino
[4.399s] Level 1:colcon.colcon_core.environment:create_environment_scripts_only(diffdrive_arduino)
[4.401s] Level 1:colcon.colcon_core.environment:checking '/home/abdn/robot_ws/install/diffdrive_arduino' for CMake module files
[4.404s] DEBUG:colcon.colcon_core.event_handler.log_command:Invoked command in '/home/abdn/robot_ws/build/diffdrive_arduino' returned '0': CMAKE_PREFIX_PATH=/opt/ros/humble /usr/bin/cmake --install /home/abdn/robot_ws/build/diffdrive_arduino
[4.408s] Level 1:colcon.colcon_core.environment:checking '/home/abdn/robot_ws/install/diffdrive_arduino' for CMake config files
[4.411s] Level 1:colcon.colcon_core.shell:create_environment_hook('diffdrive_arduino', 'cmake_prefix_path')
[4.412s] INFO:colcon.colcon_core.shell:Creating environment hook '/home/abdn/robot_ws/install/diffdrive_arduino/share/diffdrive_arduino/hook/cmake_prefix_path.ps1'
[4.415s] INFO:colcon.colcon_core.shell:Creating environment descriptor '/home/abdn/robot_ws/install/diffdrive_arduino/share/diffdrive_arduino/hook/cmake_prefix_path.dsv'
[4.418s] INFO:colcon.colcon_core.shell:Creating environment hook '/home/abdn/robot_ws/install/diffdrive_arduino/share/diffdrive_arduino/hook/cmake_prefix_path.sh'
[4.425s] Level 1:colcon.colcon_core.environment:checking '/home/abdn/robot_ws/install/diffdrive_arduino/lib'
[4.427s] Level 1:colcon.colcon_core.shell:create_environment_hook('diffdrive_arduino', 'ld_library_path_lib')
[4.429s] INFO:colcon.colcon_core.shell:Creating environment hook '/home/abdn/robot_ws/install/diffdrive_arduino/share/diffdrive_arduino/hook/ld_library_path_lib.ps1'
[4.434s] INFO:colcon.colcon_core.shell:Creating environment descriptor '/home/abdn/robot_ws/install/diffdrive_arduino/share/diffdrive_arduino/hook/ld_library_path_lib.dsv'
[4.436s] INFO:colcon.colcon_core.shell:Creating environment hook '/home/abdn/robot_ws/install/diffdrive_arduino/share/diffdrive_arduino/hook/ld_library_path_lib.sh'
[4.440s] Level 1:colcon.colcon_core.environment:checking '/home/abdn/robot_ws/install/diffdrive_arduino/bin'
[4.441s] Level 1:colcon.colcon_core.environment:checking '/home/abdn/robot_ws/install/diffdrive_arduino/lib/pkgconfig/diffdrive_arduino.pc'
[4.442s] Level 1:colcon.colcon_core.environment:checking '/home/abdn/robot_ws/install/diffdrive_arduino/lib/python3.10/site-packages'
[4.445s] Level 1:colcon.colcon_core.environment:checking '/home/abdn/robot_ws/install/diffdrive_arduino/bin'
[4.447s] INFO:colcon.colcon_core.shell:Creating package script '/home/abdn/robot_ws/install/diffdrive_arduino/share/diffdrive_arduino/package.ps1'
[4.452s] INFO:colcon.colcon_core.shell:Creating package descriptor '/home/abdn/robot_ws/install/diffdrive_arduino/share/diffdrive_arduino/package.dsv'
[4.457s] INFO:colcon.colcon_core.shell:Creating package script '/home/abdn/robot_ws/install/diffdrive_arduino/share/diffdrive_arduino/package.sh'
[4.462s] INFO:colcon.colcon_core.shell:Creating package script '/home/abdn/robot_ws/install/diffdrive_arduino/share/diffdrive_arduino/package.bash'
[4.466s] INFO:colcon.colcon_core.shell:Creating package script '/home/abdn/robot_ws/install/diffdrive_arduino/share/diffdrive_arduino/package.zsh'
[4.470s] Level 1:colcon.colcon_core.environment:create_file_with_runtime_dependencies(/home/abdn/robot_ws/install/diffdrive_arduino/share/colcon-core/packages/diffdrive_arduino)
[4.474s] Level 1:colcon.colcon_core.environment:create_environment_scripts_only(diffdrive_arduino)
[4.477s] Level 1:colcon.colcon_core.environment:checking '/home/abdn/robot_ws/install/diffdrive_arduino' for CMake module files
[4.481s] Level 1:colcon.colcon_core.environment:checking '/home/abdn/robot_ws/install/diffdrive_arduino' for CMake config files
[4.484s] Level 1:colcon.colcon_core.shell:create_environment_hook('diffdrive_arduino', 'cmake_prefix_path')
[4.485s] INFO:colcon.colcon_core.shell:Creating environment hook '/home/abdn/robot_ws/install/diffdrive_arduino/share/diffdrive_arduino/hook/cmake_prefix_path.ps1'
[4.488s] INFO:colcon.colcon_core.shell:Creating environment descriptor '/home/abdn/robot_ws/install/diffdrive_arduino/share/diffdrive_arduino/hook/cmake_prefix_path.dsv'
[4.491s] INFO:colcon.colcon_core.shell:Creating environment hook '/home/abdn/robot_ws/install/diffdrive_arduino/share/diffdrive_arduino/hook/cmake_prefix_path.sh'
[4.495s] Level 1:colcon.colcon_core.environment:checking '/home/abdn/robot_ws/install/diffdrive_arduino/lib'
[4.496s] Level 1:colcon.colcon_core.shell:create_environment_hook('diffdrive_arduino', 'ld_library_path_lib')
[4.497s] INFO:colcon.colcon_core.shell:Creating environment hook '/home/abdn/robot_ws/install/diffdrive_arduino/share/diffdrive_arduino/hook/ld_library_path_lib.ps1'
[4.501s] INFO:colcon.colcon_core.shell:Creating environment descriptor '/home/abdn/robot_ws/install/diffdrive_arduino/share/diffdrive_arduino/hook/ld_library_path_lib.dsv'
[4.504s] INFO:colcon.colcon_core.shell:Creating environment hook '/home/abdn/robot_ws/install/diffdrive_arduino/share/diffdrive_arduino/hook/ld_library_path_lib.sh'
[4.508s] Level 1:colcon.colcon_core.environment:checking '/home/abdn/robot_ws/install/diffdrive_arduino/bin'
[4.509s] Level 1:colcon.colcon_core.environment:checking '/home/abdn/robot_ws/install/diffdrive_arduino/lib/pkgconfig/diffdrive_arduino.pc'
[4.510s] Level 1:colcon.colcon_core.environment:checking '/home/abdn/robot_ws/install/diffdrive_arduino/lib/python3.10/site-packages'
[4.513s] Level 1:colcon.colcon_core.environment:checking '/home/abdn/robot_ws/install/diffdrive_arduino/bin'
[4.515s] INFO:colcon.colcon_core.shell:Creating package script '/home/abdn/robot_ws/install/diffdrive_arduino/share/diffdrive_arduino/package.ps1'
[4.521s] INFO:colcon.colcon_core.shell:Creating package descriptor '/home/abdn/robot_ws/install/diffdrive_arduino/share/diffdrive_arduino/package.dsv'
[4.526s] INFO:colcon.colcon_core.shell:Creating package script '/home/abdn/robot_ws/install/diffdrive_arduino/share/diffdrive_arduino/package.sh'
[4.530s] INFO:colcon.colcon_core.shell:Creating package script '/home/abdn/robot_ws/install/diffdrive_arduino/share/diffdrive_arduino/package.bash'
[4.533s] INFO:colcon.colcon_core.shell:Creating package script '/home/abdn/robot_ws/install/diffdrive_arduino/share/diffdrive_arduino/package.zsh'
[4.537s] Level 1:colcon.colcon_core.environment:create_file_with_runtime_dependencies(/home/abdn/robot_ws/install/diffdrive_arduino/share/colcon-core/packages/diffdrive_arduino)
[5.745s] DEBUG:colcon.colcon_core.event_handler.log_command:Invoked command in '/home/abdn/robot_ws/build/serial_motor_demo_msgs' returned '0': CMAKE_PREFIX_PATH=/opt/ros/humble /usr/bin/cmake --build /home/abdn/robot_ws/build/serial_motor_demo_msgs -- -j4 -l4
[5.766s] DEBUG:colcon.colcon_core.event_handler.log_command:Invoking command in '/home/abdn/robot_ws/build/serial_motor_demo_msgs': CMAKE_PREFIX_PATH=/opt/ros/humble /usr/bin/cmake --install /home/abdn/robot_ws/build/serial_motor_demo_msgs
[6.216s] Level 1:colcon.colcon_core.environment:create_environment_scripts_only(serial_motor_demo_msgs)
[6.218s] Level 1:colcon.colcon_core.environment:checking '/home/abdn/robot_ws/install/serial_motor_demo_msgs' for CMake module files
[6.220s] DEBUG:colcon.colcon_core.event_handler.log_command:Invoked command in '/home/abdn/robot_ws/build/serial_motor_demo_msgs' returned '0': CMAKE_PREFIX_PATH=/opt/ros/humble /usr/bin/cmake --install /home/abdn/robot_ws/build/serial_motor_demo_msgs
[6.225s] Level 1:colcon.colcon_core.environment:checking '/home/abdn/robot_ws/install/serial_motor_demo_msgs' for CMake config files
[6.229s] Level 1:colcon.colcon_core.shell:create_environment_hook('serial_motor_demo_msgs', 'cmake_prefix_path')
[6.231s] INFO:colcon.colcon_core.shell:Creating environment hook '/home/abdn/robot_ws/install/serial_motor_demo_msgs/share/serial_motor_demo_msgs/hook/cmake_prefix_path.ps1'
[6.234s] INFO:colcon.colcon_core.shell:Creating environment descriptor '/home/abdn/robot_ws/install/serial_motor_demo_msgs/share/serial_motor_demo_msgs/hook/cmake_prefix_path.dsv'
[6.236s] INFO:colcon.colcon_core.shell:Creating environment hook '/home/abdn/robot_ws/install/serial_motor_demo_msgs/share/serial_motor_demo_msgs/hook/cmake_prefix_path.sh'
[6.239s] Level 1:colcon.colcon_core.environment:checking '/home/abdn/robot_ws/install/serial_motor_demo_msgs/lib'
[6.240s] Level 1:colcon.colcon_core.shell:create_environment_hook('serial_motor_demo_msgs', 'ld_library_path_lib')
[6.241s] INFO:colcon.colcon_core.shell:Creating environment hook '/home/abdn/robot_ws/install/serial_motor_demo_msgs/share/serial_motor_demo_msgs/hook/ld_library_path_lib.ps1'
[6.243s] INFO:colcon.colcon_core.shell:Creating environment descriptor '/home/abdn/robot_ws/install/serial_motor_demo_msgs/share/serial_motor_demo_msgs/hook/ld_library_path_lib.dsv'
[6.246s] INFO:colcon.colcon_core.shell:Creating environment hook '/home/abdn/robot_ws/install/serial_motor_demo_msgs/share/serial_motor_demo_msgs/hook/ld_library_path_lib.sh'
[6.248s] Level 1:colcon.colcon_core.environment:checking '/home/abdn/robot_ws/install/serial_motor_demo_msgs/bin'
[6.248s] Level 1:colcon.colcon_core.environment:checking '/home/abdn/robot_ws/install/serial_motor_demo_msgs/lib/pkgconfig/serial_motor_demo_msgs.pc'
[6.249s] Level 1:colcon.colcon_core.environment:checking '/home/abdn/robot_ws/install/serial_motor_demo_msgs/lib/python3.10/site-packages'
[6.251s] Level 1:colcon.colcon_core.environment:checking '/home/abdn/robot_ws/install/serial_motor_demo_msgs/bin'
[6.253s] INFO:colcon.colcon_core.shell:Creating package script '/home/abdn/robot_ws/install/serial_motor_demo_msgs/share/serial_motor_demo_msgs/package.ps1'
[6.256s] INFO:colcon.colcon_core.shell:Creating package descriptor '/home/abdn/robot_ws/install/serial_motor_demo_msgs/share/serial_motor_demo_msgs/package.dsv'
[6.258s] INFO:colcon.colcon_core.shell:Creating package script '/home/abdn/robot_ws/install/serial_motor_demo_msgs/share/serial_motor_demo_msgs/package.sh'
[6.261s] INFO:colcon.colcon_core.shell:Creating package script '/home/abdn/robot_ws/install/serial_motor_demo_msgs/share/serial_motor_demo_msgs/package.bash'
[6.263s] INFO:colcon.colcon_core.shell:Creating package script '/home/abdn/robot_ws/install/serial_motor_demo_msgs/share/serial_motor_demo_msgs/package.zsh'
[6.265s] Level 1:colcon.colcon_core.environment:create_file_with_runtime_dependencies(/home/abdn/robot_ws/install/serial_motor_demo_msgs/share/colcon-core/packages/serial_motor_demo_msgs)
[6.269s] Level 1:colcon.colcon_core.environment:create_environment_scripts_only(serial_motor_demo_msgs)
[6.270s] Level 1:colcon.colcon_core.environment:checking '/home/abdn/robot_ws/install/serial_motor_demo_msgs' for CMake module files
[6.275s] Level 1:colcon.colcon_core.environment:checking '/home/abdn/robot_ws/install/serial_motor_demo_msgs' for CMake config files
[6.279s] Level 1:colcon.colcon_core.shell:create_environment_hook('serial_motor_demo_msgs', 'cmake_prefix_path')
[6.281s] INFO:colcon.colcon_core.shell:Creating environment hook '/home/abdn/robot_ws/install/serial_motor_demo_msgs/share/serial_motor_demo_msgs/hook/cmake_prefix_path.ps1'
[6.283s] INFO:colcon.colcon_core.shell:Creating environment descriptor '/home/abdn/robot_ws/install/serial_motor_demo_msgs/share/serial_motor_demo_msgs/hook/cmake_prefix_path.dsv'
[6.285s] INFO:colcon.colcon_core.shell:Creating environment hook '/home/abdn/robot_ws/install/serial_motor_demo_msgs/share/serial_motor_demo_msgs/hook/cmake_prefix_path.sh'
[6.288s] Level 1:colcon.colcon_core.environment:checking '/home/abdn/robot_ws/install/serial_motor_demo_msgs/lib'
[6.288s] Level 1:colcon.colcon_core.shell:create_environment_hook('serial_motor_demo_msgs', 'ld_library_path_lib')
[6.290s] INFO:colcon.colcon_core.shell:Creating environment hook '/home/abdn/robot_ws/install/serial_motor_demo_msgs/share/serial_motor_demo_msgs/hook/ld_library_path_lib.ps1'
[6.292s] INFO:colcon.colcon_core.shell:Creating environment descriptor '/home/abdn/robot_ws/install/serial_motor_demo_msgs/share/serial_motor_demo_msgs/hook/ld_library_path_lib.dsv'
[6.294s] INFO:colcon.colcon_core.shell:Creating environment hook '/home/abdn/robot_ws/install/serial_motor_demo_msgs/share/serial_motor_demo_msgs/hook/ld_library_path_lib.sh'
[6.297s] Level 1:colcon.colcon_core.environment:checking '/home/abdn/robot_ws/install/serial_motor_demo_msgs/bin'
[6.297s] Level 1:colcon.colcon_core.environment:checking '/home/abdn/robot_ws/install/serial_motor_demo_msgs/lib/pkgconfig/serial_motor_demo_msgs.pc'
[6.298s] Level 1:colcon.colcon_core.environment:checking '/home/abdn/robot_ws/install/serial_motor_demo_msgs/lib/python3.10/site-packages'
[6.300s] Level 1:colcon.colcon_core.environment:checking '/home/abdn/robot_ws/install/serial_motor_demo_msgs/bin'
[6.301s] INFO:colcon.colcon_core.shell:Creating package script '/home/abdn/robot_ws/install/serial_motor_demo_msgs/share/serial_motor_demo_msgs/package.ps1'
[6.305s] INFO:colcon.colcon_core.shell:Creating package descriptor '/home/abdn/robot_ws/install/serial_motor_demo_msgs/share/serial_motor_demo_msgs/package.dsv'
[6.308s] INFO:colcon.colcon_core.shell:Creating package script '/home/abdn/robot_ws/install/serial_motor_demo_msgs/share/serial_motor_demo_msgs/package.sh'
[6.310s] INFO:colcon.colcon_core.shell:Creating package script '/home/abdn/robot_ws/install/serial_motor_demo_msgs/share/serial_motor_demo_msgs/package.bash'
[6.313s] INFO:colcon.colcon_core.shell:Creating package script '/home/abdn/robot_ws/install/serial_motor_demo_msgs/share/serial_motor_demo_msgs/package.zsh'
[6.315s] Level 1:colcon.colcon_core.environment:create_file_with_runtime_dependencies(/home/abdn/robot_ws/install/serial_motor_demo_msgs/share/colcon-core/packages/serial_motor_demo_msgs)
[6.317s] INFO:colcon.colcon_ros.task.ament_python.build:Building ROS package in '/home/abdn/robot_ws/src/serial_motor_demo/serial_motor_demo' with build type 'ament_python'
[6.318s] Level 1:colcon.colcon_core.shell:create_environment_hook('serial_motor_demo', 'ament_prefix_path')
[6.319s] INFO:colcon.colcon_core.shell:Creating environment hook '/home/abdn/robot_ws/install/serial_motor_demo/share/serial_motor_demo/hook/ament_prefix_path.ps1'
[6.322s] INFO:colcon.colcon_core.shell:Creating environment descriptor '/home/abdn/robot_ws/install/serial_motor_demo/share/serial_motor_demo/hook/ament_prefix_path.dsv'
[6.325s] INFO:colcon.colcon_core.shell:Creating environment hook '/home/abdn/robot_ws/install/serial_motor_demo/share/serial_motor_demo/hook/ament_prefix_path.sh'
[6.328s] INFO:colcon.colcon_core.shell:Skip shell extension 'powershell' for command environment: Not usable outside of PowerShell
[6.328s] DEBUG:colcon.colcon_core.shell:Skip shell extension 'dsv' for command environment
[7.677s] INFO:colcon.colcon_core.task.python.build:Building Python package in '/home/abdn/robot_ws/src/serial_motor_demo/serial_motor_demo'
[7.678s] INFO:colcon.colcon_core.shell:Skip shell extension 'powershell' for command environment: Not usable outside of PowerShell
[7.678s] DEBUG:colcon.colcon_core.shell:Skip shell extension 'dsv' for command environment
[10.051s] DEBUG:colcon.colcon_core.task.python.build:Available setuptools commands: symlink_data, alias, bdist_rpm, setopt, egg_info, build_ext, develop, install_scripts, build_scripts, compile_catalog, build, install_headers, bdist_dumb, register, install, install_data, update_catalog, dist_info, easy_install, init_catalog, install_lib, bdist_wheel, upload, clean, bdist_egg, sdist, build_clib, rotate, bdist, test, upload_docs, build_py, check, install_egg_info, saveopts, extract_messages
[10.065s] DEBUG:colcon.colcon_core.event_handler.log_command:Invoking command in '/home/abdn/robot_ws/src/serial_motor_demo/serial_motor_demo': AMENT_PREFIX_PATH=/home/abdn/robot_ws/install/serial_motor_demo_msgs:${AMENT_PREFIX_PATH} CMAKE_PREFIX_PATH=/home/abdn/robot_ws/install/serial_motor_demo_msgs LD_LIBRARY_PATH=/home/abdn/robot_ws/install/serial_motor_demo_msgs/lib:${LD_LIBRARY_PATH} PYTHONPATH=/home/abdn/robot_ws/build/serial_motor_demo/prefix_override:/usr/lib/python3/dist-packages/colcon_core/task/python/colcon_distutils_commands:/home/abdn/robot_ws/install/serial_motor_demo/lib/python3.10/site-packages:/home/abdn/robot_ws/install/serial_motor_demo_msgs/local/lib/python3.10/dist-packages:${PYTHONPATH} /usr/bin/python3 -W ignore:setup.py install is deprecated -W ignore:easy_install command is deprecated setup.py egg_info --egg-base ../../../build/serial_motor_demo build --build-base /home/abdn/robot_ws/build/serial_motor_demo/build install --record /home/abdn/robot_ws/build/serial_motor_demo/install.log --install-scripts $base/lib/serial_motor_demo --single-version-externally-managed install_data
[11.530s] Level 1:colcon.colcon_core.environment:checking '/home/abdn/robot_ws/install/serial_motor_demo' for CMake module files
[11.532s] DEBUG:colcon.colcon_core.event_handler.log_command:Invoked command in '/home/abdn/robot_ws/src/serial_motor_demo/serial_motor_demo' returned '0': AMENT_PREFIX_PATH=/home/abdn/robot_ws/install/serial_motor_demo_msgs:${AMENT_PREFIX_PATH} CMAKE_PREFIX_PATH=/home/abdn/robot_ws/install/serial_motor_demo_msgs LD_LIBRARY_PATH=/home/abdn/robot_ws/install/serial_motor_demo_msgs/lib:${LD_LIBRARY_PATH} PYTHONPATH=/home/abdn/robot_ws/build/serial_motor_demo/prefix_override:/usr/lib/python3/dist-packages/colcon_core/task/python/colcon_distutils_commands:/home/abdn/robot_ws/install/serial_motor_demo/lib/python3.10/site-packages:/home/abdn/robot_ws/install/serial_motor_demo_msgs/local/lib/python3.10/dist-packages:${PYTHONPATH} /usr/bin/python3 -W ignore:setup.py install is deprecated -W ignore:easy_install command is deprecated setup.py egg_info --egg-base ../../../build/serial_motor_demo build --build-base /home/abdn/robot_ws/build/serial_motor_demo/build install --record /home/abdn/robot_ws/build/serial_motor_demo/install.log --install-scripts $base/lib/serial_motor_demo --single-version-externally-managed install_data
[11.534s] Level 1:colcon.colcon_core.environment:checking '/home/abdn/robot_ws/install/serial_motor_demo' for CMake config files
[11.539s] Level 1:colcon.colcon_core.environment:checking '/home/abdn/robot_ws/install/serial_motor_demo/lib'
[11.540s] Level 1:colcon.colcon_core.environment:checking '/home/abdn/robot_ws/install/serial_motor_demo/bin'
[11.540s] Level 1:colcon.colcon_core.environment:checking '/home/abdn/robot_ws/install/serial_motor_demo/lib/pkgconfig/serial_motor_demo.pc'
[11.542s] Level 1:colcon.colcon_core.environment:checking '/home/abdn/robot_ws/install/serial_motor_demo/lib/python3.10/site-packages'
[11.542s] Level 1:colcon.colcon_core.shell:create_environment_hook('serial_motor_demo', 'pythonpath')
[11.543s] INFO:colcon.colcon_core.shell:Creating environment hook '/home/abdn/robot_ws/install/serial_motor_demo/share/serial_motor_demo/hook/pythonpath.ps1'
[11.546s] INFO:colcon.colcon_core.shell:Creating environment descriptor '/home/abdn/robot_ws/install/serial_motor_demo/share/serial_motor_demo/hook/pythonpath.dsv'
[11.548s] INFO:colcon.colcon_core.shell:Creating environment hook '/home/abdn/robot_ws/install/serial_motor_demo/share/serial_motor_demo/hook/pythonpath.sh'
[11.553s] Level 1:colcon.colcon_core.environment:checking '/home/abdn/robot_ws/install/serial_motor_demo/bin'
[11.553s] Level 1:colcon.colcon_core.environment:create_environment_scripts_only(serial_motor_demo)
[11.555s] INFO:colcon.colcon_core.shell:Creating package script '/home/abdn/robot_ws/install/serial_motor_demo/share/serial_motor_demo/package.ps1'
[11.558s] INFO:colcon.colcon_core.shell:Creating package descriptor '/home/abdn/robot_ws/install/serial_motor_demo/share/serial_motor_demo/package.dsv'
[11.561s] INFO:colcon.colcon_core.shell:Creating package script '/home/abdn/robot_ws/install/serial_motor_demo/share/serial_motor_demo/package.sh'
[11.563s] INFO:colcon.colcon_core.shell:Creating package script '/home/abdn/robot_ws/install/serial_motor_demo/share/serial_motor_demo/package.bash'
[11.565s] INFO:colcon.colcon_core.shell:Creating package script '/home/abdn/robot_ws/install/serial_motor_demo/share/serial_motor_demo/package.zsh'
[11.568s] Level 1:colcon.colcon_core.environment:create_file_with_runtime_dependencies(/home/abdn/robot_ws/install/serial_motor_demo/share/colcon-core/packages/serial_motor_demo)
[11.569s] DEBUG:colcon.colcon_parallel_executor.executor.parallel:closing loop
[11.571s] DEBUG:colcon.colcon_parallel_executor.executor.parallel:loop closed
[11.571s] DEBUG:colcon.colcon_parallel_executor.executor.parallel:run_until_complete finished with '0'
[11.572s] DEBUG:colcon.colcon_core.event_reactor:joining thread
[11.574s] DEBUG:colcon.colcon_core.event_reactor:joined thread
[11.576s] INFO:colcon.colcon_core.shell:Creating prefix script '/home/abdn/robot_ws/install/local_setup.ps1'
[11.581s] INFO:colcon.colcon_core.shell:Creating prefix util module '/home/abdn/robot_ws/install/_local_setup_util_ps1.py'
[11.590s] INFO:colcon.colcon_core.shell:Creating prefix chain script '/home/abdn/robot_ws/install/setup.ps1'
[11.596s] INFO:colcon.colcon_core.shell:Creating prefix script '/home/abdn/robot_ws/install/local_setup.sh'
[11.599s] INFO:colcon.colcon_core.shell:Creating prefix util module '/home/abdn/robot_ws/install/_local_setup_util_sh.py'
[11.603s] INFO:colcon.colcon_core.shell:Creating prefix chain script '/home/abdn/robot_ws/install/setup.sh'
[11.608s] INFO:colcon.colcon_core.shell:Creating prefix script '/home/abdn/robot_ws/install/local_setup.bash'
[11.612s] INFO:colcon.colcon_core.shell:Creating prefix chain script '/home/abdn/robot_ws/install/setup.bash'
[11.617s] INFO:colcon.colcon_core.shell:Creating prefix script '/home/abdn/robot_ws/install/local_setup.zsh'
[11.621s] INFO:colcon.colcon_core.shell:Creating prefix chain script '/home/abdn/robot_ws/install/setup.zsh'
