[0.097s] Invoking command in '/home/abdn/robot_ws/build/articubot_one': CMAKE_PREFIX_PATH=${CMAKE_PREFIX_PATH}:/opt/ros/humble /usr/bin/cmake /home/abdn/robot_ws/src/articubot_one -DAMENT_CMAKE_SYMLINK_INSTALL=1 -DCMAKE_INSTALL_PREFIX=/home/abdn/robot_ws/install/articubot_one
[0.407s] -- The C compiler identification is GNU 11.4.0
[0.757s] -- The CXX compiler identification is GNU 11.4.0
[0.796s] -- Detecting C compiler ABI info
[1.156s] -- Detecting C compiler ABI info - done
[1.185s] -- Check for working C compiler: /usr/bin/cc - skipped
[1.186s] -- Detecting C compile features
[1.188s] -- Detecting C compile features - done
[1.201s] -- Detecting CXX compiler ABI info
[1.595s] -- Detecting CXX compiler ABI info - done
[1.626s] -- Check for working CXX compiler: /usr/bin/c++ - skipped
[1.627s] -- Detecting CXX compile features
[1.629s] -- Detecting CXX compile features - done
[1.660s] -- Found ament_cmake: 1.3.14 (/opt/ros/humble/share/ament_cmake/cmake)
[2.455s] -- Found Python3: /usr/bin/python3 (found version "3.10.12") found components: Interpreter 
[2.766s] -- Override CMake install command with custom implementation using symlinks instead of copying resources
[3.092s] -- Found ament_lint_auto: 0.12.15 (/opt/ros/humble/share/ament_lint_auto/cmake)
[3.617s] -- Added test 'copyright' to check source files copyright and LICENSE
[3.732s] -- Added test 'flake8' to check Python code syntax and style conventions
[3.747s] -- Added test 'lint_cmake' to check CMake code style
[3.756s] -- Added test 'pep257' to check Python code against some of the docstring style conventions in PEP 257
[3.817s] -- Added test 'xmllint' to check XML markup files
[3.828s] -- Configuring done
[3.852s] -- Generating done
[3.860s] -- Build files have been written to: /home/abdn/robot_ws/build/articubot_one
[3.881s] Invoked command in '/home/abdn/robot_ws/build/articubot_one' returned '0': CMAKE_PREFIX_PATH=${CMAKE_PREFIX_PATH}:/opt/ros/humble /usr/bin/cmake /home/abdn/robot_ws/src/articubot_one -DAMENT_CMAKE_SYMLINK_INSTALL=1 -DCMAKE_INSTALL_PREFIX=/home/abdn/robot_ws/install/articubot_one
[3.890s] Invoking command in '/home/abdn/robot_ws/build/articubot_one': CMAKE_PREFIX_PATH=${CMAKE_PREFIX_PATH}:/opt/ros/humble /usr/bin/cmake --build /home/abdn/robot_ws/build/articubot_one -- -j4 -l4
[4.055s] Invoked command in '/home/abdn/robot_ws/build/articubot_one' returned '0': CMAKE_PREFIX_PATH=${CMAKE_PREFIX_PATH}:/opt/ros/humble /usr/bin/cmake --build /home/abdn/robot_ws/build/articubot_one -- -j4 -l4
[4.067s] Invoking command in '/home/abdn/robot_ws/build/articubot_one': CMAKE_PREFIX_PATH=${CMAKE_PREFIX_PATH}:/opt/ros/humble /usr/bin/cmake --install /home/abdn/robot_ws/build/articubot_one
[4.098s] -- Install configuration: ""
[4.100s] -- Execute custom install script
[4.104s] -- Symlinking: /home/abdn/robot_ws/install/articubot_one/share/articubot_one/config/ball_tracker_params_robot.yaml
[4.140s] -- Symlinking: /home/abdn/robot_ws/install/articubot_one/share/articubot_one/config/ball_tracker_params_sim.yaml
[4.175s] -- Symlinking: /home/abdn/robot_ws/install/articubot_one/share/articubot_one/config/drive_bot.rviz
[4.211s] -- Symlinking: /home/abdn/robot_ws/install/articubot_one/share/articubot_one/config/empty.yaml
[4.245s] -- Symlinking: /home/abdn/robot_ws/install/articubot_one/share/articubot_one/config/gaz_ros2_ctl_use_sim.yaml
[4.282s] -- Symlinking: /home/abdn/robot_ws/install/articubot_one/share/articubot_one/config/gazebo_params.yaml
[4.318s] -- Symlinking: /home/abdn/robot_ws/install/articubot_one/share/articubot_one/config/joystick.yaml
[4.353s] -- Symlinking: /home/abdn/robot_ws/install/articubot_one/share/articubot_one/config/main.rviz
[4.388s] -- Symlinking: /home/abdn/robot_ws/install/articubot_one/share/articubot_one/config/map.rviz
[4.424s] -- Symlinking: /home/abdn/robot_ws/install/articubot_one/share/articubot_one/config/mapper_params_online_async.yaml
[4.460s] -- Symlinking: /home/abdn/robot_ws/install/articubot_one/share/articubot_one/config/my_controllers.yaml
[4.496s] -- Symlinking: /home/abdn/robot_ws/install/articubot_one/share/articubot_one/config/nav2_params.yaml
[4.532s] -- Symlinking: /home/abdn/robot_ws/install/articubot_one/share/articubot_one/config/twist_mux.yaml
[4.568s] -- Symlinking: /home/abdn/robot_ws/install/articubot_one/share/articubot_one/config/view_bot.rviz
[4.605s] -- Symlinking: /home/abdn/robot_ws/install/articubot_one/share/articubot_one/description/camera.xacro
[4.642s] -- Symlinking: /home/abdn/robot_ws/install/articubot_one/share/articubot_one/description/depth_camera.xacro
[4.677s] -- Symlinking: /home/abdn/robot_ws/install/articubot_one/share/articubot_one/description/face.xacro
[4.713s] -- Symlinking: /home/abdn/robot_ws/install/articubot_one/share/articubot_one/description/gazebo_control.xacro
[4.749s] -- Symlinking: /home/abdn/robot_ws/install/articubot_one/share/articubot_one/description/inertial_macros.xacro
[4.785s] -- Symlinking: /home/abdn/robot_ws/install/articubot_one/share/articubot_one/description/lidar.xacro
[4.821s] -- Symlinking: /home/abdn/robot_ws/install/articubot_one/share/articubot_one/description/robot.urdf.xacro
[4.857s] -- Symlinking: /home/abdn/robot_ws/install/articubot_one/share/articubot_one/description/robot_core.xacro
[4.893s] -- Symlinking: /home/abdn/robot_ws/install/articubot_one/share/articubot_one/description/ros2_control.xacro
[4.930s] -- Symlinking: /home/abdn/robot_ws/install/articubot_one/share/articubot_one/launch/ball_tracker.launch.py
[4.965s] -- Symlinking: /home/abdn/robot_ws/install/articubot_one/share/articubot_one/launch/camera.launch.py
[5.000s] -- Symlinking: /home/abdn/robot_ws/install/articubot_one/share/articubot_one/launch/joystick.launch.py
[5.036s] -- Symlinking: /home/abdn/robot_ws/install/articubot_one/share/articubot_one/launch/launch_robot.launch.py
[5.071s] -- Symlinking: /home/abdn/robot_ws/install/articubot_one/share/articubot_one/launch/launch_sim.launch.py
[5.107s] -- Symlinking: /home/abdn/robot_ws/install/articubot_one/share/articubot_one/launch/localization_launch.py
[5.142s] -- Symlinking: /home/abdn/robot_ws/install/articubot_one/share/articubot_one/launch/navigation_launch.py
[5.178s] -- Symlinking: /home/abdn/robot_ws/install/articubot_one/share/articubot_one/launch/online_async_launch.py
[5.214s] -- Symlinking: /home/abdn/robot_ws/install/articubot_one/share/articubot_one/launch/rplidar.launch.py
[5.249s] -- Symlinking: /home/abdn/robot_ws/install/articubot_one/share/articubot_one/launch/rsp.launch.py
[5.286s] -- Symlinking: /home/abdn/robot_ws/install/articubot_one/share/articubot_one/worlds/empty.world
[5.319s] -- Symlinking: /home/abdn/robot_ws/install/articubot_one/share/articubot_one/worlds/obstacles.world
[5.356s] -- Symlinking: /home/abdn/robot_ws/install/articubot_one/share/ament_index/resource_index/package_run_dependencies/articubot_one
[5.393s] -- Symlinking: /home/abdn/robot_ws/install/articubot_one/share/ament_index/resource_index/parent_prefix_path/articubot_one
[5.430s] -- Symlinking: /home/abdn/robot_ws/install/articubot_one/share/articubot_one/environment/ament_prefix_path.sh
[5.467s] -- Symlinking: /home/abdn/robot_ws/install/articubot_one/share/articubot_one/environment/ament_prefix_path.dsv
[5.503s] -- Symlinking: /home/abdn/robot_ws/install/articubot_one/share/articubot_one/environment/path.sh
[5.540s] -- Symlinking: /home/abdn/robot_ws/install/articubot_one/share/articubot_one/environment/path.dsv
[5.576s] -- Symlinking: /home/abdn/robot_ws/install/articubot_one/share/articubot_one/local_setup.bash
[5.611s] -- Symlinking: /home/abdn/robot_ws/install/articubot_one/share/articubot_one/local_setup.sh
[5.648s] -- Symlinking: /home/abdn/robot_ws/install/articubot_one/share/articubot_one/local_setup.zsh
[5.683s] -- Symlinking: /home/abdn/robot_ws/install/articubot_one/share/articubot_one/local_setup.dsv
[5.717s] -- Symlinking: /home/abdn/robot_ws/install/articubot_one/share/articubot_one/package.dsv
[5.753s] -- Symlinking: /home/abdn/robot_ws/install/articubot_one/share/ament_index/resource_index/packages/articubot_one
[5.790s] -- Symlinking: /home/abdn/robot_ws/install/articubot_one/share/articubot_one/cmake/articubot_oneConfig.cmake
[5.827s] -- Symlinking: /home/abdn/robot_ws/install/articubot_one/share/articubot_one/cmake/articubot_oneConfig-version.cmake
[5.863s] -- Symlinking: /home/abdn/robot_ws/install/articubot_one/share/articubot_one/package.xml
[5.906s] Invoked command in '/home/abdn/robot_ws/build/articubot_one' returned '0': CMAKE_PREFIX_PATH=${CMAKE_PREFIX_PATH}:/opt/ros/humble /usr/bin/cmake --install /home/abdn/robot_ws/build/articubot_one
