[0.069s] Invoking command in '/home/abdn/robot_ws/build/diffdrive_arduino': CMAKE_PREFIX_PATH=${CMAKE_PREFIX_PATH}:/opt/ros/humble /usr/bin/cmake --build /home/abdn/robot_ws/build/diffdrive_arduino -- -j4 -l4
[0.357s] [100%] Built target diffdrive_arduino
[0.404s] Invoked command in '/home/abdn/robot_ws/build/diffdrive_arduino' returned '0': CMAKE_PREFIX_PATH=${CMAKE_PREFIX_PATH}:/opt/ros/humble /usr/bin/cmake --build /home/abdn/robot_ws/build/diffdrive_arduino -- -j4 -l4
[0.418s] Invoking command in '/home/abdn/robot_ws/build/diffdrive_arduino': CMAKE_PREFIX_PATH=${CMAKE_PREFIX_PATH}:/opt/ros/humble /usr/bin/cmake --install /home/abdn/robot_ws/build/diffdrive_arduino
[0.446s] -- Install configuration: ""
[0.448s] -- Execute custom install script
[0.449s] -- Up-to-date symlink: /home/abdn/robot_ws/install/diffdrive_arduino/share/diffdrive_arduino//diffdrive_arduino.xml
[0.450s] -- Up-to-date symlink: /home/abdn/robot_ws/install/diffdrive_arduino/include/diffdrive_arduino/diffdrive_arduino/arduino_comms.hpp
[0.452s] -- Up-to-date symlink: /home/abdn/robot_ws/install/diffdrive_arduino/include/diffdrive_arduino/diffdrive_arduino/diffbot_system.hpp
[0.453s] -- Up-to-date symlink: /home/abdn/robot_ws/install/diffdrive_arduino/include/diffdrive_arduino/diffdrive_arduino/visibility_control.h
[0.454s] -- Up-to-date symlink: /home/abdn/robot_ws/install/diffdrive_arduino/include/diffdrive_arduino/diffdrive_arduino/wheel.hpp
[0.457s] -- Up-to-date symlink: /home/abdn/robot_ws/install/diffdrive_arduino/share/diffdrive_arduino/launch/view_robot.launch.py
[0.458s] -- Up-to-date symlink: /home/abdn/robot_ws/install/diffdrive_arduino/share/diffdrive_arduino/ros2_control/diffbot.ros2_control.xacro
[0.460s] -- Up-to-date symlink: /home/abdn/robot_ws/install/diffdrive_arduino/share/diffdrive_arduino/urdf/diffbot.materials.xacro
[0.461s] -- Up-to-date symlink: /home/abdn/robot_ws/install/diffdrive_arduino/share/diffdrive_arduino/urdf/diffbot.urdf.xacro
[0.463s] -- Up-to-date symlink: /home/abdn/robot_ws/install/diffdrive_arduino/share/diffdrive_arduino/urdf/diffbot_description.urdf.xacro
[0.466s] -- Up-to-date symlink: /home/abdn/robot_ws/install/diffdrive_arduino/share/diffdrive_arduino/rviz/diffbot.rviz
[0.468s] -- Up-to-date symlink: /home/abdn/robot_ws/install/diffdrive_arduino/share/diffdrive_arduino/rviz/diffbot_view.rviz
[0.469s] -- Up-to-date symlink: /home/abdn/robot_ws/install/diffdrive_arduino/share/diffdrive_arduino/launch/diffbot.launch.py
[0.474s] -- Up-to-date symlink: /home/abdn/robot_ws/install/diffdrive_arduino/share/diffdrive_arduino/config/diffbot_controllers.yaml
[0.475s] -- Up-to-date symlink: /home/abdn/robot_ws/install/diffdrive_arduino/share/diffdrive_arduino/environment/library_path.sh
[0.476s] -- Up-to-date symlink: /home/abdn/robot_ws/install/diffdrive_arduino/share/diffdrive_arduino/environment/library_path.dsv
[0.477s] -- Up-to-date symlink: /home/abdn/robot_ws/install/diffdrive_arduino/share/ament_index/resource_index/package_run_dependencies/diffdrive_arduino
[0.478s] -- Up-to-date symlink: /home/abdn/robot_ws/install/diffdrive_arduino/share/ament_index/resource_index/parent_prefix_path/diffdrive_arduino
[0.481s] -- Up-to-date symlink: /home/abdn/robot_ws/install/diffdrive_arduino/share/diffdrive_arduino/environment/ament_prefix_path.sh
[0.482s] -- Up-to-date symlink: /home/abdn/robot_ws/install/diffdrive_arduino/share/diffdrive_arduino/environment/ament_prefix_path.dsv
[0.483s] -- Up-to-date symlink: /home/abdn/robot_ws/install/diffdrive_arduino/share/diffdrive_arduino/environment/path.sh
[0.484s] -- Up-to-date symlink: /home/abdn/robot_ws/install/diffdrive_arduino/share/diffdrive_arduino/environment/path.dsv
[0.487s] -- Up-to-date symlink: /home/abdn/robot_ws/install/diffdrive_arduino/share/diffdrive_arduino/local_setup.bash
[0.488s] -- Up-to-date symlink: /home/abdn/robot_ws/install/diffdrive_arduino/share/diffdrive_arduino/local_setup.sh
[0.489s] -- Up-to-date symlink: /home/abdn/robot_ws/install/diffdrive_arduino/share/diffdrive_arduino/local_setup.zsh
[0.490s] -- Up-to-date symlink: /home/abdn/robot_ws/install/diffdrive_arduino/share/diffdrive_arduino/local_setup.dsv
[0.494s] -- Symlinking: /home/abdn/robot_ws/install/diffdrive_arduino/share/diffdrive_arduino/package.dsv
[0.521s] -- Up-to-date symlink: /home/abdn/robot_ws/install/diffdrive_arduino/share/ament_index/resource_index/packages/diffdrive_arduino
[0.527s] -- Up-to-date symlink: /home/abdn/robot_ws/install/diffdrive_arduino/share/ament_index/resource_index/hardware_interface__pluginlib__plugin/diffdrive_arduino
[0.529s] -- Up-to-date symlink: /home/abdn/robot_ws/install/diffdrive_arduino/share/diffdrive_arduino/cmake/ament_cmake_export_targets-extras.cmake
[0.532s] -- Up-to-date symlink: /home/abdn/robot_ws/install/diffdrive_arduino/share/diffdrive_arduino/cmake/ament_cmake_export_dependencies-extras.cmake
[0.533s] -- Up-to-date symlink: /home/abdn/robot_ws/install/diffdrive_arduino/share/diffdrive_arduino/cmake/diffdrive_arduinoConfig.cmake
[0.534s] -- Up-to-date symlink: /home/abdn/robot_ws/install/diffdrive_arduino/share/diffdrive_arduino/cmake/diffdrive_arduinoConfig-version.cmake
[0.535s] -- Up-to-date symlink: /home/abdn/robot_ws/install/diffdrive_arduino/share/diffdrive_arduino/package.xml
[0.537s] -- Up-to-date: /home/abdn/robot_ws/install/diffdrive_arduino/lib/libdiffdrive_arduino.so
[0.538s] -- Up-to-date: /home/abdn/robot_ws/install/diffdrive_arduino/share/diffdrive_arduino/cmake/export_diffdrive_arduinoExport.cmake
[0.539s] -- Up-to-date: /home/abdn/robot_ws/install/diffdrive_arduino/share/diffdrive_arduino/cmake/export_diffdrive_arduinoExport-noconfig.cmake
[0.556s] Invoked command in '/home/abdn/robot_ws/build/diffdrive_arduino' returned '0': CMAKE_PREFIX_PATH=${CMAKE_PREFIX_PATH}:/opt/ros/humble /usr/bin/cmake --install /home/abdn/robot_ws/build/diffdrive_arduino
