[0.476s] DEBUG:colcon:Command line arguments: ['/usr/bin/colcon', 'build', '--symlink-install']
[0.476s] DEBUG:colcon:Parsed command line arguments: Namespace(log_base=None, log_level=None, verb_name='build', build_base='build', install_base='install', merge_install=False, symlink_install=True, test_result_base=None, continue_on_error=False, executor='parallel', parallel_workers=4, event_handlers=None, ignore_user_meta=False, metas=['./colcon.meta'], base_paths=['.'], packages_ignore=None, packages_ignore_regex=None, paths=None, packages_up_to=None, packages_up_to_regex=None, packages_above=None, packages_above_and_dependencies=None, packages_above_depth=None, packages_select_by_dep=None, packages_skip_by_dep=None, packages_skip_up_to=None, packages_select_build_failed=False, packages_skip_build_finished=False, packages_select_test_failures=False, packages_skip_test_passed=False, packages_select=None, packages_skip=None, packages_select_regex=None, packages_skip_regex=None, packages_start=None, packages_end=None, allow_overriding=[], cmake_args=None, cmake_target=None, cmake_target_skip_unavailable=False, cmake_clean_cache=False, cmake_clean_first=False, cmake_force_configure=False, ament_cmake_args=None, catkin_cmake_args=None, catkin_skip_building_tests=False, mixin_files=None, mixin=None, verb_parser=<colcon_mixin.mixin.mixin_argument.MixinArgumentDecorator object at 0xffff9f00d330>, verb_extension=<colcon_core.verb.build.BuildVerb object at 0xffff9f12e560>, main=<bound method BuildVerb.main of <colcon_core.verb.build.BuildVerb object at 0xffff9f12e560>>, mixin_verb=('build',))
[1.144s] Level 1:colcon.colcon_core.package_discovery:discover_packages(colcon_meta) check parameters
[1.144s] Level 1:colcon.colcon_core.package_discovery:discover_packages(recursive) check parameters
[1.144s] Level 1:colcon.colcon_core.package_discovery:discover_packages(ignore) check parameters
[1.144s] Level 1:colcon.colcon_core.package_discovery:discover_packages(path) check parameters
[1.145s] Level 1:colcon.colcon_core.package_discovery:discover_packages(colcon_meta) discover
[1.145s] Level 1:colcon.colcon_core.package_discovery:discover_packages(recursive) discover
[1.145s] INFO:colcon.colcon_core.package_discovery:Crawling recursively for packages in '/home/abdn/robot_ws'
[1.146s] Level 1:colcon.colcon_core.package_identification:_identify(.) by extensions ['ignore', 'ignore_ament_install']
[1.146s] Level 1:colcon.colcon_core.package_identification:_identify(.) by extension 'ignore'
[1.146s] Level 1:colcon.colcon_core.package_identification:_identify(.) by extension 'ignore_ament_install'
[1.147s] Level 1:colcon.colcon_core.package_identification:_identify(.) by extensions ['colcon_pkg']
[1.147s] Level 1:colcon.colcon_core.package_identification:_identify(.) by extension 'colcon_pkg'
[1.147s] Level 1:colcon.colcon_core.package_identification:_identify(.) by extensions ['colcon_meta']
[1.147s] Level 1:colcon.colcon_core.package_identification:_identify(.) by extension 'colcon_meta'
[1.147s] Level 1:colcon.colcon_core.package_identification:_identify(.) by extensions ['ros']
[1.148s] Level 1:colcon.colcon_core.package_identification:_identify(.) by extension 'ros'
[1.198s] Level 1:colcon.colcon_core.package_identification:_identify(.) by extensions ['cmake', 'python']
[1.198s] Level 1:colcon.colcon_core.package_identification:_identify(.) by extension 'cmake'
[1.198s] Level 1:colcon.colcon_core.package_identification:_identify(.) by extension 'python'
[1.199s] Level 1:colcon.colcon_core.package_identification:_identify(.) by extensions ['python_setup_py']
[1.199s] Level 1:colcon.colcon_core.package_identification:_identify(.) by extension 'python_setup_py'
[1.199s] Level 1:colcon.colcon_core.package_identification:_identify(build) by extensions ['ignore', 'ignore_ament_install']
[1.200s] Level 1:colcon.colcon_core.package_identification:_identify(build) by extension 'ignore'
[1.200s] Level 1:colcon.colcon_core.package_identification:_identify(build) ignored
[1.201s] Level 1:colcon.colcon_core.package_identification:_identify(install) by extensions ['ignore', 'ignore_ament_install']
[1.201s] Level 1:colcon.colcon_core.package_identification:_identify(install) by extension 'ignore'
[1.202s] Level 1:colcon.colcon_core.package_identification:_identify(install) ignored
[1.202s] Level 1:colcon.colcon_core.package_identification:_identify(log) by extensions ['ignore', 'ignore_ament_install']
[1.203s] Level 1:colcon.colcon_core.package_identification:_identify(log) by extension 'ignore'
[1.203s] Level 1:colcon.colcon_core.package_identification:_identify(log) ignored
[1.203s] Level 1:colcon.colcon_core.package_identification:_identify(src) by extensions ['ignore', 'ignore_ament_install']
[1.204s] Level 1:colcon.colcon_core.package_identification:_identify(src) by extension 'ignore'
[1.204s] Level 1:colcon.colcon_core.package_identification:_identify(src) by extension 'ignore_ament_install'
[1.204s] Level 1:colcon.colcon_core.package_identification:_identify(src) by extensions ['colcon_pkg']
[1.204s] Level 1:colcon.colcon_core.package_identification:_identify(src) by extension 'colcon_pkg'
[1.205s] Level 1:colcon.colcon_core.package_identification:_identify(src) by extensions ['colcon_meta']
[1.205s] Level 1:colcon.colcon_core.package_identification:_identify(src) by extension 'colcon_meta'
[1.205s] Level 1:colcon.colcon_core.package_identification:_identify(src) by extensions ['ros']
[1.205s] Level 1:colcon.colcon_core.package_identification:_identify(src) by extension 'ros'
[1.206s] Level 1:colcon.colcon_core.package_identification:_identify(src) by extensions ['cmake', 'python']
[1.206s] Level 1:colcon.colcon_core.package_identification:_identify(src) by extension 'cmake'
[1.206s] Level 1:colcon.colcon_core.package_identification:_identify(src) by extension 'python'
[1.206s] Level 1:colcon.colcon_core.package_identification:_identify(src) by extensions ['python_setup_py']
[1.206s] Level 1:colcon.colcon_core.package_identification:_identify(src) by extension 'python_setup_py'
[1.207s] Level 1:colcon.colcon_core.package_identification:_identify(src/diffdrive_arduino) by extensions ['ignore', 'ignore_ament_install']
[1.207s] Level 1:colcon.colcon_core.package_identification:_identify(src/diffdrive_arduino) by extension 'ignore'
[1.208s] Level 1:colcon.colcon_core.package_identification:_identify(src/diffdrive_arduino) by extension 'ignore_ament_install'
[1.208s] Level 1:colcon.colcon_core.package_identification:_identify(src/diffdrive_arduino) by extensions ['colcon_pkg']
[1.208s] Level 1:colcon.colcon_core.package_identification:_identify(src/diffdrive_arduino) by extension 'colcon_pkg'
[1.208s] Level 1:colcon.colcon_core.package_identification:_identify(src/diffdrive_arduino) by extensions ['colcon_meta']
[1.209s] Level 1:colcon.colcon_core.package_identification:_identify(src/diffdrive_arduino) by extension 'colcon_meta'
[1.209s] Level 1:colcon.colcon_core.package_identification:_identify(src/diffdrive_arduino) by extensions ['ros']
[1.209s] Level 1:colcon.colcon_core.package_identification:_identify(src/diffdrive_arduino) by extension 'ros'
[1.220s] DEBUG:colcon.colcon_core.package_identification:Package 'src/diffdrive_arduino' with type 'ros.ament_cmake' and name 'diffdrive_arduino'
[1.221s] Level 1:colcon.colcon_core.package_discovery:discover_packages(recursive) using defaults
[1.221s] Level 1:colcon.colcon_core.package_discovery:discover_packages(ignore) discover
[1.221s] Level 1:colcon.colcon_core.package_discovery:discover_packages(ignore) using defaults
[1.221s] Level 1:colcon.colcon_core.package_discovery:discover_packages(path) discover
[1.222s] Level 1:colcon.colcon_core.package_discovery:discover_packages(path) using defaults
[1.309s] Level 1:colcon.colcon_core.package_discovery:discover_packages(prefix_path) check parameters
[1.309s] Level 1:colcon.colcon_core.package_discovery:discover_packages(prefix_path) discover
[1.314s] Level 1:colcon.colcon_core.package_discovery:discover_packages(prefix_path) using defaults
[1.319s] Level 5:colcon.colcon_core.verb:set package 'diffdrive_arduino' build argument 'cmake_args' from command line to 'None'
[1.319s] Level 5:colcon.colcon_core.verb:set package 'diffdrive_arduino' build argument 'cmake_target' from command line to 'None'
[1.320s] Level 5:colcon.colcon_core.verb:set package 'diffdrive_arduino' build argument 'cmake_target_skip_unavailable' from command line to 'False'
[1.320s] Level 5:colcon.colcon_core.verb:set package 'diffdrive_arduino' build argument 'cmake_clean_cache' from command line to 'False'
[1.320s] Level 5:colcon.colcon_core.verb:set package 'diffdrive_arduino' build argument 'cmake_clean_first' from command line to 'False'
[1.320s] Level 5:colcon.colcon_core.verb:set package 'diffdrive_arduino' build argument 'cmake_force_configure' from command line to 'False'
[1.320s] Level 5:colcon.colcon_core.verb:set package 'diffdrive_arduino' build argument 'ament_cmake_args' from command line to 'None'
[1.320s] Level 5:colcon.colcon_core.verb:set package 'diffdrive_arduino' build argument 'catkin_cmake_args' from command line to 'None'
[1.321s] Level 5:colcon.colcon_core.verb:set package 'diffdrive_arduino' build argument 'catkin_skip_building_tests' from command line to 'False'
[1.321s] DEBUG:colcon.colcon_core.verb:Building package 'diffdrive_arduino' with the following arguments: {'ament_cmake_args': None, 'build_base': '/home/abdn/robot_ws/build/diffdrive_arduino', 'catkin_cmake_args': None, 'catkin_skip_building_tests': False, 'cmake_args': None, 'cmake_clean_cache': False, 'cmake_clean_first': False, 'cmake_force_configure': False, 'cmake_target': None, 'cmake_target_skip_unavailable': False, 'install_base': '/home/abdn/robot_ws/install/diffdrive_arduino', 'merge_install': False, 'path': '/home/abdn/robot_ws/src/diffdrive_arduino', 'symlink_install': True, 'test_result_base': None}
[1.321s] INFO:colcon.colcon_core.executor:Executing jobs using 'parallel' executor
[1.325s] DEBUG:colcon.colcon_parallel_executor.executor.parallel:run_until_complete
[1.326s] INFO:colcon.colcon_ros.task.ament_cmake.build:Building ROS package in '/home/abdn/robot_ws/src/diffdrive_arduino' with build type 'ament_cmake'
[1.327s] INFO:colcon.colcon_cmake.task.cmake.build:Building CMake package in '/home/abdn/robot_ws/src/diffdrive_arduino'
[1.336s] INFO:colcon.colcon_core.plugin_system:Skipping extension 'colcon_core.shell.bat': Not used on non-Windows systems
[1.337s] INFO:colcon.colcon_core.shell:Skip shell extension 'powershell' for command environment: Not usable outside of PowerShell
[1.337s] DEBUG:colcon.colcon_core.shell:Skip shell extension 'dsv' for command environment
[1.372s] DEBUG:colcon.colcon_core.event_handler.log_command:Invoking command in '/home/abdn/robot_ws/build/diffdrive_arduino': /usr/bin/cmake /home/abdn/robot_ws/src/diffdrive_arduino -DAMENT_CMAKE_SYMLINK_INSTALL=1 -DCMAKE_INSTALL_PREFIX=/home/abdn/robot_ws/install/diffdrive_arduino
[1.487s] DEBUG:colcon.colcon_core.event_handler.log_command:Invoked command in '/home/abdn/robot_ws/build/diffdrive_arduino' returned '1': /usr/bin/cmake /home/abdn/robot_ws/src/diffdrive_arduino -DAMENT_CMAKE_SYMLINK_INSTALL=1 -DCMAKE_INSTALL_PREFIX=/home/abdn/robot_ws/install/diffdrive_arduino
[1.524s] Level 1:colcon.colcon_core.environment:create_environment_scripts_only(diffdrive_arduino)
[1.539s] Level 1:colcon.colcon_core.environment:checking '/home/abdn/robot_ws/install/diffdrive_arduino' for CMake module files
[1.541s] Level 1:colcon.colcon_core.environment:checking '/home/abdn/robot_ws/install/diffdrive_arduino' for CMake config files
[1.544s] Level 1:colcon.colcon_core.environment:checking '/home/abdn/robot_ws/install/diffdrive_arduino/bin'
[1.544s] Level 1:colcon.colcon_core.environment:checking '/home/abdn/robot_ws/install/diffdrive_arduino/lib/pkgconfig/diffdrive_arduino.pc'
[1.552s] Level 1:colcon.colcon_core.environment:checking '/home/abdn/robot_ws/install/diffdrive_arduino/lib/python3.10/site-packages'
[1.554s] Level 1:colcon.colcon_core.environment:checking '/home/abdn/robot_ws/install/diffdrive_arduino/bin'
[1.555s] INFO:colcon.colcon_core.shell:Creating package script '/home/abdn/robot_ws/install/diffdrive_arduino/share/diffdrive_arduino/package.ps1'
[1.560s] INFO:colcon.colcon_core.shell:Creating package descriptor '/home/abdn/robot_ws/install/diffdrive_arduino/share/diffdrive_arduino/package.dsv'
[1.563s] INFO:colcon.colcon_core.shell:Creating package script '/home/abdn/robot_ws/install/diffdrive_arduino/share/diffdrive_arduino/package.sh'
[1.566s] INFO:colcon.colcon_core.shell:Creating package script '/home/abdn/robot_ws/install/diffdrive_arduino/share/diffdrive_arduino/package.bash'
[1.570s] INFO:colcon.colcon_core.shell:Creating package script '/home/abdn/robot_ws/install/diffdrive_arduino/share/diffdrive_arduino/package.zsh'
[1.573s] Level 1:colcon.colcon_core.environment:create_file_with_runtime_dependencies(/home/abdn/robot_ws/install/diffdrive_arduino/share/colcon-core/packages/diffdrive_arduino)
[1.585s] DEBUG:colcon.colcon_parallel_executor.executor.parallel:closing loop
[1.586s] DEBUG:colcon.colcon_parallel_executor.executor.parallel:loop closed
[1.586s] DEBUG:colcon.colcon_parallel_executor.executor.parallel:run_until_complete finished with '1'
[1.587s] DEBUG:colcon.colcon_core.event_reactor:joining thread
[1.588s] DEBUG:colcon.colcon_core.event_reactor:joined thread
[1.590s] INFO:colcon.colcon_core.shell:Creating prefix script '/home/abdn/robot_ws/install/local_setup.ps1'
[1.596s] INFO:colcon.colcon_core.shell:Creating prefix util module '/home/abdn/robot_ws/install/_local_setup_util_ps1.py'
[1.604s] INFO:colcon.colcon_core.shell:Creating prefix chain script '/home/abdn/robot_ws/install/setup.ps1'
[1.609s] INFO:colcon.colcon_core.shell:Creating prefix script '/home/abdn/robot_ws/install/local_setup.sh'
[1.612s] INFO:colcon.colcon_core.shell:Creating prefix util module '/home/abdn/robot_ws/install/_local_setup_util_sh.py'
[1.615s] INFO:colcon.colcon_core.shell:Creating prefix chain script '/home/abdn/robot_ws/install/setup.sh'
[1.619s] INFO:colcon.colcon_core.shell:Creating prefix script '/home/abdn/robot_ws/install/local_setup.bash'
[1.622s] INFO:colcon.colcon_core.shell:Creating prefix chain script '/home/abdn/robot_ws/install/setup.bash'
[1.626s] INFO:colcon.colcon_core.shell:Creating prefix script '/home/abdn/robot_ws/install/local_setup.zsh'
[1.629s] INFO:colcon.colcon_core.shell:Creating prefix chain script '/home/abdn/robot_ws/install/setup.zsh'
