-- Found ament_cmake: 1.3.14 (/opt/ros/humble/share/ament_cmake/cmake)
-- Found Python3: /usr/bin/python3 (found version "3.10.12") found components: Interpreter 
-- Found ament_lint_auto: 0.12.15 (/opt/ros/humble/share/ament_lint_auto/cmake)
-- Found rosidl_default_generators: 1.2.1 (/opt/ros/humble/share/rosidl_default_generators/cmake)
-- Using all available rosidl_typesupport_c: rosidl_typesupport_fastrtps_c;rosidl_typesupport_introspection_c
-- Found rosidl_adapter: 3.1.8 (/opt/ros/humble/share/rosidl_adapter/cmake)
-- Using all available rosidl_typesupport_cpp: rosidl_typesupport_fastrtps_cpp;rosidl_typesupport_introspection_cpp
-- Found ament_cmake_ros: 0.10.0 (/opt/ros/humble/share/ament_cmake_ros/cmake)
-- Using all available rosidl_typesupport_c: rosidl_typesupport_fastrtps_c;rosidl_typesupport_introspection_c
-- Using all available rosidl_typesupport_cpp: rosidl_typesupport_fastrtps_cpp;rosidl_typesupport_introspection_cpp
-- Found PythonInterp: /usr/bin/python3 (found suitable version "3.10.12", minimum required is "3.6") 
-- Found python_cmake_module: 0.10.0 (/opt/ros/humble/share/python_cmake_module/cmake)
-- Found PythonLibs: /usr/lib/aarch64-linux-gnu/libpython3.10.so (found suitable version "3.10.12", minimum required is "3.5") 
-- Using PYTHON_EXECUTABLE: /usr/bin/python3
-- Using PYTHON_INCLUDE_DIRS: /usr/include/python3.10
-- Using PYTHON_LIBRARIES: /usr/lib/aarch64-linux-gnu/libpython3.10.so
-- Found PythonExtra: .so  
-- Added test 'copyright' to check source files copyright and LICENSE
-- Added test 'lint_cmake' to check CMake code style
-- Added test 'xmllint' to check XML markup files
-- Configuring done
-- Generating done
-- Build files have been written to: /home/abdn/robot_ws/build/serial_motor_demo_msgs
[  2%] [34m[1mGenerating C code for ROS interfaces[0m
[  4%] [34m[1mGenerating C++ code for ROS interfaces[0m
[  6%] [34m[1mGenerating Rust code for ROS interfaces[0m
[  6%] Built target ament_cmake_python_copy_serial_motor_demo_msgs
[  6%] Built target serial_motor_demo_msgs__rs
running egg_info
creating serial_motor_demo_msgs.egg-info
writing serial_motor_demo_msgs.egg-info/PKG-INFO
writing dependency_links to serial_motor_demo_msgs.egg-info/dependency_links.txt
writing top-level names to serial_motor_demo_msgs.egg-info/top_level.txt
writing manifest file 'serial_motor_demo_msgs.egg-info/SOURCES.txt'
reading manifest file 'serial_motor_demo_msgs.egg-info/SOURCES.txt'
writing manifest file 'serial_motor_demo_msgs.egg-info/SOURCES.txt'
[  6%] Built target ament_cmake_python_build_serial_motor_demo_msgs_egg
[  8%] [32mBuilding C object CMakeFiles/serial_motor_demo_msgs__rosidl_generator_c.dir/rosidl_generator_c/serial_motor_demo_msgs/msg/detail/motor_command__functions.c.o[0m
[  8%] Built target serial_motor_demo_msgs__cpp
[ 10%] [32mBuilding C object CMakeFiles/serial_motor_demo_msgs__rosidl_generator_c.dir/rosidl_generator_c/serial_motor_demo_msgs/msg/detail/motor_vels__functions.c.o[0m
[ 12%] [32mBuilding C object CMakeFiles/serial_motor_demo_msgs__rosidl_generator_c.dir/rosidl_generator_c/serial_motor_demo_msgs/msg/detail/encoder_vals__functions.c.o[0m
[ 14%] [34m[1mGenerating C++ type support dispatch for ROS interfaces[0m
[ 16%] [32m[1mLinking C shared library libserial_motor_demo_msgs__rosidl_generator_c.so[0m
[ 18%] [34m[1mGenerating C++ type support for eProsima Fast-RTPS[0m
[ 20%] [34m[1mGenerating C++ introspection for ROS interfaces[0m
[ 20%] Built target serial_motor_demo_msgs__rosidl_generator_c
[ 22%] [34m[1mGenerating C type support for eProsima Fast-RTPS[0m
[ 25%] [32mBuilding CXX object CMakeFiles/serial_motor_demo_msgs__rosidl_typesupport_cpp.dir/rosidl_typesupport_cpp/serial_motor_demo_msgs/msg/motor_command__type_support.cpp.o[0m
[ 27%] [32mBuilding CXX object CMakeFiles/serial_motor_demo_msgs__rosidl_typesupport_introspection_cpp.dir/rosidl_typesupport_introspection_cpp/serial_motor_demo_msgs/msg/detail/motor_command__type_support.cpp.o[0m
[ 29%] [32mBuilding CXX object CMakeFiles/serial_motor_demo_msgs__rosidl_typesupport_fastrtps_cpp.dir/rosidl_typesupport_fastrtps_cpp/serial_motor_demo_msgs/msg/detail/dds_fastrtps/motor_command__type_support.cpp.o[0m
[ 31%] [32mBuilding CXX object CMakeFiles/serial_motor_demo_msgs__rosidl_typesupport_fastrtps_c.dir/rosidl_typesupport_fastrtps_c/serial_motor_demo_msgs/msg/detail/motor_command__type_support_c.cpp.o[0m
[ 33%] [32mBuilding CXX object CMakeFiles/serial_motor_demo_msgs__rosidl_typesupport_cpp.dir/rosidl_typesupport_cpp/serial_motor_demo_msgs/msg/motor_vels__type_support.cpp.o[0m
[ 35%] [32mBuilding CXX object CMakeFiles/serial_motor_demo_msgs__rosidl_typesupport_introspection_cpp.dir/rosidl_typesupport_introspection_cpp/serial_motor_demo_msgs/msg/detail/motor_vels__type_support.cpp.o[0m
[ 37%] [32mBuilding CXX object CMakeFiles/serial_motor_demo_msgs__rosidl_typesupport_fastrtps_c.dir/rosidl_typesupport_fastrtps_c/serial_motor_demo_msgs/msg/detail/motor_vels__type_support_c.cpp.o[0m
[ 39%] [32mBuilding CXX object CMakeFiles/serial_motor_demo_msgs__rosidl_typesupport_fastrtps_cpp.dir/rosidl_typesupport_fastrtps_cpp/serial_motor_demo_msgs/msg/detail/dds_fastrtps/motor_vels__type_support.cpp.o[0m
[ 41%] [32mBuilding CXX object CMakeFiles/serial_motor_demo_msgs__rosidl_typesupport_cpp.dir/rosidl_typesupport_cpp/serial_motor_demo_msgs/msg/encoder_vals__type_support.cpp.o[0m
[ 43%] [32mBuilding CXX object CMakeFiles/serial_motor_demo_msgs__rosidl_typesupport_fastrtps_c.dir/rosidl_typesupport_fastrtps_c/serial_motor_demo_msgs/msg/detail/encoder_vals__type_support_c.cpp.o[0m
[ 45%] [32mBuilding CXX object CMakeFiles/serial_motor_demo_msgs__rosidl_typesupport_introspection_cpp.dir/rosidl_typesupport_introspection_cpp/serial_motor_demo_msgs/msg/detail/encoder_vals__type_support.cpp.o[0m
[ 47%] [32m[1mLinking CXX shared library libserial_motor_demo_msgs__rosidl_typesupport_cpp.so[0m
[ 47%] Built target serial_motor_demo_msgs__rosidl_typesupport_cpp
[ 50%] [34m[1mGenerating C introspection for ROS interfaces[0m
[ 52%] [32mBuilding CXX object CMakeFiles/serial_motor_demo_msgs__rosidl_typesupport_fastrtps_cpp.dir/rosidl_typesupport_fastrtps_cpp/serial_motor_demo_msgs/msg/detail/dds_fastrtps/encoder_vals__type_support.cpp.o[0m
[ 54%] [32m[1mLinking CXX shared library libserial_motor_demo_msgs__rosidl_typesupport_fastrtps_c.so[0m
[ 56%] [32m[1mLinking CXX shared library libserial_motor_demo_msgs__rosidl_typesupport_introspection_cpp.so[0m
[ 58%] [32mBuilding C object CMakeFiles/serial_motor_demo_msgs__rosidl_typesupport_introspection_c.dir/rosidl_typesupport_introspection_c/serial_motor_demo_msgs/msg/detail/motor_command__type_support.c.o[0m
[ 58%] Built target serial_motor_demo_msgs__rosidl_typesupport_fastrtps_c
[ 60%] [34m[1mGenerating C type support dispatch for ROS interfaces[0m
[ 60%] Built target serial_motor_demo_msgs__rosidl_typesupport_introspection_cpp
[ 62%] [32mBuilding C object CMakeFiles/serial_motor_demo_msgs__rosidl_typesupport_introspection_c.dir/rosidl_typesupport_introspection_c/serial_motor_demo_msgs/msg/detail/motor_vels__type_support.c.o[0m
[ 64%] [32mBuilding C object CMakeFiles/serial_motor_demo_msgs__rosidl_typesupport_introspection_c.dir/rosidl_typesupport_introspection_c/serial_motor_demo_msgs/msg/detail/encoder_vals__type_support.c.o[0m
[ 66%] [32m[1mLinking C shared library libserial_motor_demo_msgs__rosidl_typesupport_introspection_c.so[0m
[ 66%] Built target serial_motor_demo_msgs__rosidl_typesupport_introspection_c
[ 68%] [32m[1mLinking CXX shared library libserial_motor_demo_msgs__rosidl_typesupport_fastrtps_cpp.so[0m
[ 68%] Built target serial_motor_demo_msgs__rosidl_typesupport_fastrtps_cpp
[ 70%] [32mBuilding CXX object CMakeFiles/serial_motor_demo_msgs__rosidl_typesupport_c.dir/rosidl_typesupport_c/serial_motor_demo_msgs/msg/motor_command__type_support.cpp.o[0m
[ 72%] [32mBuilding CXX object CMakeFiles/serial_motor_demo_msgs__rosidl_typesupport_c.dir/rosidl_typesupport_c/serial_motor_demo_msgs/msg/motor_vels__type_support.cpp.o[0m
[ 75%] [32mBuilding CXX object CMakeFiles/serial_motor_demo_msgs__rosidl_typesupport_c.dir/rosidl_typesupport_c/serial_motor_demo_msgs/msg/encoder_vals__type_support.cpp.o[0m
[ 77%] [32m[1mLinking CXX shared library libserial_motor_demo_msgs__rosidl_typesupport_c.so[0m
[ 77%] Built target serial_motor_demo_msgs__rosidl_typesupport_c
[ 77%] Built target serial_motor_demo_msgs
[ 79%] [34m[1mGenerating Python code for ROS interfaces[0m
[ 79%] Built target serial_motor_demo_msgs__py
[ 81%] [32mBuilding C object CMakeFiles/serial_motor_demo_msgs__rosidl_generator_py.dir/rosidl_generator_py/serial_motor_demo_msgs/msg/_motor_command_s.c.o[0m
[ 83%] [32mBuilding C object CMakeFiles/serial_motor_demo_msgs__rosidl_generator_py.dir/rosidl_generator_py/serial_motor_demo_msgs/msg/_motor_vels_s.c.o[0m
[ 85%] [32mBuilding C object CMakeFiles/serial_motor_demo_msgs__rosidl_generator_py.dir/rosidl_generator_py/serial_motor_demo_msgs/msg/_encoder_vals_s.c.o[0m
[ 87%] [32m[1mLinking C shared library rosidl_generator_py/serial_motor_demo_msgs/libserial_motor_demo_msgs__rosidl_generator_py.so[0m
[ 87%] Built target serial_motor_demo_msgs__rosidl_generator_py
[ 91%] [32mBuilding C object CMakeFiles/serial_motor_demo_msgs__rosidl_typesupport_introspection_c__pyext.dir/rosidl_generator_py/serial_motor_demo_msgs/_serial_motor_demo_msgs_s.ep.rosidl_typesupport_introspection_c.c.o[0m
[ 91%] [32mBuilding C object CMakeFiles/serial_motor_demo_msgs__rosidl_typesupport_fastrtps_c__pyext.dir/rosidl_generator_py/serial_motor_demo_msgs/_serial_motor_demo_msgs_s.ep.rosidl_typesupport_fastrtps_c.c.o[0m
[ 93%] [32mBuilding C object CMakeFiles/serial_motor_demo_msgs__rosidl_typesupport_c__pyext.dir/rosidl_generator_py/serial_motor_demo_msgs/_serial_motor_demo_msgs_s.ep.rosidl_typesupport_c.c.o[0m
[ 95%] [32m[1mLinking C shared library rosidl_generator_py/serial_motor_demo_msgs/serial_motor_demo_msgs_s__rosidl_typesupport_c.cpython-310-aarch64-linux-gnu.so[0m
[ 97%] [32m[1mLinking C shared library rosidl_generator_py/serial_motor_demo_msgs/serial_motor_demo_msgs_s__rosidl_typesupport_introspection_c.cpython-310-aarch64-linux-gnu.so[0m
[100%] [32m[1mLinking C shared library rosidl_generator_py/serial_motor_demo_msgs/serial_motor_demo_msgs_s__rosidl_typesupport_fastrtps_c.cpython-310-aarch64-linux-gnu.so[0m
[100%] Built target serial_motor_demo_msgs__rosidl_typesupport_c__pyext
[100%] Built target serial_motor_demo_msgs__rosidl_typesupport_introspection_c__pyext
[100%] Built target serial_motor_demo_msgs__rosidl_typesupport_fastrtps_c__pyext
-- Install configuration: ""
-- Installing: /home/abdn/robot_ws/install/serial_motor_demo_msgs/share/ament_index/resource_index/rosidl_interfaces/serial_motor_demo_msgs
-- Installing: /home/abdn/robot_ws/install/serial_motor_demo_msgs/include/serial_motor_demo_msgs/serial_motor_demo_msgs
-- Installing: /home/abdn/robot_ws/install/serial_motor_demo_msgs/include/serial_motor_demo_msgs/serial_motor_demo_msgs/msg
-- Installing: /home/abdn/robot_ws/install/serial_motor_demo_msgs/include/serial_motor_demo_msgs/serial_motor_demo_msgs/msg/motor_command.h
-- Installing: /home/abdn/robot_ws/install/serial_motor_demo_msgs/include/serial_motor_demo_msgs/serial_motor_demo_msgs/msg/encoder_vals.h
-- Installing: /home/abdn/robot_ws/install/serial_motor_demo_msgs/include/serial_motor_demo_msgs/serial_motor_demo_msgs/msg/motor_vels.h
-- Installing: /home/abdn/robot_ws/install/serial_motor_demo_msgs/include/serial_motor_demo_msgs/serial_motor_demo_msgs/msg/rosidl_generator_c__visibility_control.h
-- Installing: /home/abdn/robot_ws/install/serial_motor_demo_msgs/include/serial_motor_demo_msgs/serial_motor_demo_msgs/msg/detail
-- Installing: /home/abdn/robot_ws/install/serial_motor_demo_msgs/include/serial_motor_demo_msgs/serial_motor_demo_msgs/msg/detail/motor_vels__functions.h
-- Installing: /home/abdn/robot_ws/install/serial_motor_demo_msgs/include/serial_motor_demo_msgs/serial_motor_demo_msgs/msg/detail/motor_vels__functions.c
-- Installing: /home/abdn/robot_ws/install/serial_motor_demo_msgs/include/serial_motor_demo_msgs/serial_motor_demo_msgs/msg/detail/encoder_vals__struct.h
-- Installing: /home/abdn/robot_ws/install/serial_motor_demo_msgs/include/serial_motor_demo_msgs/serial_motor_demo_msgs/msg/detail/encoder_vals__functions.c
-- Installing: /home/abdn/robot_ws/install/serial_motor_demo_msgs/include/serial_motor_demo_msgs/serial_motor_demo_msgs/msg/detail/motor_command__struct.h
-- Installing: /home/abdn/robot_ws/install/serial_motor_demo_msgs/include/serial_motor_demo_msgs/serial_motor_demo_msgs/msg/detail/motor_vels__struct.h
-- Installing: /home/abdn/robot_ws/install/serial_motor_demo_msgs/include/serial_motor_demo_msgs/serial_motor_demo_msgs/msg/detail/encoder_vals__functions.h
-- Installing: /home/abdn/robot_ws/install/serial_motor_demo_msgs/include/serial_motor_demo_msgs/serial_motor_demo_msgs/msg/detail/motor_command__functions.c
-- Installing: /home/abdn/robot_ws/install/serial_motor_demo_msgs/include/serial_motor_demo_msgs/serial_motor_demo_msgs/msg/detail/encoder_vals__type_support.h
-- Installing: /home/abdn/robot_ws/install/serial_motor_demo_msgs/include/serial_motor_demo_msgs/serial_motor_demo_msgs/msg/detail/motor_vels__type_support.h
-- Installing: /home/abdn/robot_ws/install/serial_motor_demo_msgs/include/serial_motor_demo_msgs/serial_motor_demo_msgs/msg/detail/motor_command__type_support.h
-- Installing: /home/abdn/robot_ws/install/serial_motor_demo_msgs/include/serial_motor_demo_msgs/serial_motor_demo_msgs/msg/detail/motor_command__functions.h
-- Installing: /home/abdn/robot_ws/install/serial_motor_demo_msgs/share/serial_motor_demo_msgs/environment/library_path.sh
-- Installing: /home/abdn/robot_ws/install/serial_motor_demo_msgs/share/serial_motor_demo_msgs/environment/library_path.dsv
-- Installing: /home/abdn/robot_ws/install/serial_motor_demo_msgs/lib/libserial_motor_demo_msgs__rosidl_generator_c.so
-- Set runtime path of "/home/abdn/robot_ws/install/serial_motor_demo_msgs/lib/libserial_motor_demo_msgs__rosidl_generator_c.so" to ""
-- Up-to-date: /home/abdn/robot_ws/install/serial_motor_demo_msgs/include/serial_motor_demo_msgs/serial_motor_demo_msgs
-- Up-to-date: /home/abdn/robot_ws/install/serial_motor_demo_msgs/include/serial_motor_demo_msgs/serial_motor_demo_msgs/msg
-- Installing: /home/abdn/robot_ws/install/serial_motor_demo_msgs/include/serial_motor_demo_msgs/serial_motor_demo_msgs/msg/rosidl_typesupport_fastrtps_c__visibility_control.h
-- Up-to-date: /home/abdn/robot_ws/install/serial_motor_demo_msgs/include/serial_motor_demo_msgs/serial_motor_demo_msgs/msg/detail
-- Installing: /home/abdn/robot_ws/install/serial_motor_demo_msgs/include/serial_motor_demo_msgs/serial_motor_demo_msgs/msg/detail/encoder_vals__rosidl_typesupport_fastrtps_c.h
-- Installing: /home/abdn/robot_ws/install/serial_motor_demo_msgs/include/serial_motor_demo_msgs/serial_motor_demo_msgs/msg/detail/motor_command__rosidl_typesupport_fastrtps_c.h
-- Installing: /home/abdn/robot_ws/install/serial_motor_demo_msgs/include/serial_motor_demo_msgs/serial_motor_demo_msgs/msg/detail/motor_vels__rosidl_typesupport_fastrtps_c.h
-- Installing: /home/abdn/robot_ws/install/serial_motor_demo_msgs/lib/libserial_motor_demo_msgs__rosidl_typesupport_fastrtps_c.so
-- Set runtime path of "/home/abdn/robot_ws/install/serial_motor_demo_msgs/lib/libserial_motor_demo_msgs__rosidl_typesupport_fastrtps_c.so" to ""
-- Up-to-date: /home/abdn/robot_ws/install/serial_motor_demo_msgs/include/serial_motor_demo_msgs/serial_motor_demo_msgs
-- Up-to-date: /home/abdn/robot_ws/install/serial_motor_demo_msgs/include/serial_motor_demo_msgs/serial_motor_demo_msgs/msg
-- Up-to-date: /home/abdn/robot_ws/install/serial_motor_demo_msgs/include/serial_motor_demo_msgs/serial_motor_demo_msgs/msg/detail
-- Installing: /home/abdn/robot_ws/install/serial_motor_demo_msgs/include/serial_motor_demo_msgs/serial_motor_demo_msgs/msg/detail/motor_command__type_support.c
-- Installing: /home/abdn/robot_ws/install/serial_motor_demo_msgs/include/serial_motor_demo_msgs/serial_motor_demo_msgs/msg/detail/motor_command__rosidl_typesupport_introspection_c.h
-- Installing: /home/abdn/robot_ws/install/serial_motor_demo_msgs/include/serial_motor_demo_msgs/serial_motor_demo_msgs/msg/detail/motor_vels__type_support.c
-- Installing: /home/abdn/robot_ws/install/serial_motor_demo_msgs/include/serial_motor_demo_msgs/serial_motor_demo_msgs/msg/detail/encoder_vals__rosidl_typesupport_introspection_c.h
-- Installing: /home/abdn/robot_ws/install/serial_motor_demo_msgs/include/serial_motor_demo_msgs/serial_motor_demo_msgs/msg/detail/encoder_vals__type_support.c
-- Installing: /home/abdn/robot_ws/install/serial_motor_demo_msgs/include/serial_motor_demo_msgs/serial_motor_demo_msgs/msg/detail/motor_vels__rosidl_typesupport_introspection_c.h
-- Installing: /home/abdn/robot_ws/install/serial_motor_demo_msgs/include/serial_motor_demo_msgs/serial_motor_demo_msgs/msg/rosidl_typesupport_introspection_c__visibility_control.h
-- Installing: /home/abdn/robot_ws/install/serial_motor_demo_msgs/lib/libserial_motor_demo_msgs__rosidl_typesupport_introspection_c.so
-- Set runtime path of "/home/abdn/robot_ws/install/serial_motor_demo_msgs/lib/libserial_motor_demo_msgs__rosidl_typesupport_introspection_c.so" to ""
-- Installing: /home/abdn/robot_ws/install/serial_motor_demo_msgs/lib/libserial_motor_demo_msgs__rosidl_typesupport_c.so
-- Set runtime path of "/home/abdn/robot_ws/install/serial_motor_demo_msgs/lib/libserial_motor_demo_msgs__rosidl_typesupport_c.so" to ""
-- Up-to-date: /home/abdn/robot_ws/install/serial_motor_demo_msgs/include/serial_motor_demo_msgs/serial_motor_demo_msgs
-- Up-to-date: /home/abdn/robot_ws/install/serial_motor_demo_msgs/include/serial_motor_demo_msgs/serial_motor_demo_msgs/msg
-- Installing: /home/abdn/robot_ws/install/serial_motor_demo_msgs/include/serial_motor_demo_msgs/serial_motor_demo_msgs/msg/motor_command.hpp
-- Installing: /home/abdn/robot_ws/install/serial_motor_demo_msgs/include/serial_motor_demo_msgs/serial_motor_demo_msgs/msg/encoder_vals.hpp
-- Installing: /home/abdn/robot_ws/install/serial_motor_demo_msgs/include/serial_motor_demo_msgs/serial_motor_demo_msgs/msg/motor_vels.hpp
-- Up-to-date: /home/abdn/robot_ws/install/serial_motor_demo_msgs/include/serial_motor_demo_msgs/serial_motor_demo_msgs/msg/detail
-- Installing: /home/abdn/robot_ws/install/serial_motor_demo_msgs/include/serial_motor_demo_msgs/serial_motor_demo_msgs/msg/detail/motor_vels__type_support.hpp
-- Installing: /home/abdn/robot_ws/install/serial_motor_demo_msgs/include/serial_motor_demo_msgs/serial_motor_demo_msgs/msg/detail/motor_vels__traits.hpp
-- Installing: /home/abdn/robot_ws/install/serial_motor_demo_msgs/include/serial_motor_demo_msgs/serial_motor_demo_msgs/msg/detail/encoder_vals__struct.hpp
-- Installing: /home/abdn/robot_ws/install/serial_motor_demo_msgs/include/serial_motor_demo_msgs/serial_motor_demo_msgs/msg/detail/encoder_vals__traits.hpp
-- Installing: /home/abdn/robot_ws/install/serial_motor_demo_msgs/include/serial_motor_demo_msgs/serial_motor_demo_msgs/msg/detail/motor_command__type_support.hpp
-- Installing: /home/abdn/robot_ws/install/serial_motor_demo_msgs/include/serial_motor_demo_msgs/serial_motor_demo_msgs/msg/detail/motor_command__struct.hpp
-- Installing: /home/abdn/robot_ws/install/serial_motor_demo_msgs/include/serial_motor_demo_msgs/serial_motor_demo_msgs/msg/detail/encoder_vals__builder.hpp
-- Installing: /home/abdn/robot_ws/install/serial_motor_demo_msgs/include/serial_motor_demo_msgs/serial_motor_demo_msgs/msg/detail/motor_vels__struct.hpp
-- Installing: /home/abdn/robot_ws/install/serial_motor_demo_msgs/include/serial_motor_demo_msgs/serial_motor_demo_msgs/msg/detail/motor_command__traits.hpp
-- Installing: /home/abdn/robot_ws/install/serial_motor_demo_msgs/include/serial_motor_demo_msgs/serial_motor_demo_msgs/msg/detail/motor_vels__builder.hpp
-- Installing: /home/abdn/robot_ws/install/serial_motor_demo_msgs/include/serial_motor_demo_msgs/serial_motor_demo_msgs/msg/detail/encoder_vals__type_support.hpp
-- Installing: /home/abdn/robot_ws/install/serial_motor_demo_msgs/include/serial_motor_demo_msgs/serial_motor_demo_msgs/msg/detail/motor_command__builder.hpp
-- Installing: /home/abdn/robot_ws/install/serial_motor_demo_msgs/include/serial_motor_demo_msgs/serial_motor_demo_msgs/msg/rosidl_generator_cpp__visibility_control.hpp
-- Up-to-date: /home/abdn/robot_ws/install/serial_motor_demo_msgs/include/serial_motor_demo_msgs/serial_motor_demo_msgs
-- Up-to-date: /home/abdn/robot_ws/install/serial_motor_demo_msgs/include/serial_motor_demo_msgs/serial_motor_demo_msgs/msg
-- Installing: /home/abdn/robot_ws/install/serial_motor_demo_msgs/include/serial_motor_demo_msgs/serial_motor_demo_msgs/msg/rosidl_typesupport_fastrtps_cpp__visibility_control.h
-- Up-to-date: /home/abdn/robot_ws/install/serial_motor_demo_msgs/include/serial_motor_demo_msgs/serial_motor_demo_msgs/msg/detail
-- Installing: /home/abdn/robot_ws/install/serial_motor_demo_msgs/include/serial_motor_demo_msgs/serial_motor_demo_msgs/msg/detail/motor_command__rosidl_typesupport_fastrtps_cpp.hpp
-- Installing: /home/abdn/robot_ws/install/serial_motor_demo_msgs/include/serial_motor_demo_msgs/serial_motor_demo_msgs/msg/detail/dds_fastrtps
-- Installing: /home/abdn/robot_ws/install/serial_motor_demo_msgs/include/serial_motor_demo_msgs/serial_motor_demo_msgs/msg/detail/encoder_vals__rosidl_typesupport_fastrtps_cpp.hpp
-- Installing: /home/abdn/robot_ws/install/serial_motor_demo_msgs/include/serial_motor_demo_msgs/serial_motor_demo_msgs/msg/detail/motor_vels__rosidl_typesupport_fastrtps_cpp.hpp
-- Installing: /home/abdn/robot_ws/install/serial_motor_demo_msgs/lib/libserial_motor_demo_msgs__rosidl_typesupport_fastrtps_cpp.so
-- Set runtime path of "/home/abdn/robot_ws/install/serial_motor_demo_msgs/lib/libserial_motor_demo_msgs__rosidl_typesupport_fastrtps_cpp.so" to ""
-- Up-to-date: /home/abdn/robot_ws/install/serial_motor_demo_msgs/include/serial_motor_demo_msgs/serial_motor_demo_msgs
-- Up-to-date: /home/abdn/robot_ws/install/serial_motor_demo_msgs/include/serial_motor_demo_msgs/serial_motor_demo_msgs/msg
-- Up-to-date: /home/abdn/robot_ws/install/serial_motor_demo_msgs/include/serial_motor_demo_msgs/serial_motor_demo_msgs/msg/detail
-- Installing: /home/abdn/robot_ws/install/serial_motor_demo_msgs/include/serial_motor_demo_msgs/serial_motor_demo_msgs/msg/detail/motor_command__type_support.cpp
-- Installing: /home/abdn/robot_ws/install/serial_motor_demo_msgs/include/serial_motor_demo_msgs/serial_motor_demo_msgs/msg/detail/encoder_vals__type_support.cpp
-- Installing: /home/abdn/robot_ws/install/serial_motor_demo_msgs/include/serial_motor_demo_msgs/serial_motor_demo_msgs/msg/detail/motor_command__rosidl_typesupport_introspection_cpp.hpp
-- Installing: /home/abdn/robot_ws/install/serial_motor_demo_msgs/include/serial_motor_demo_msgs/serial_motor_demo_msgs/msg/detail/motor_vels__type_support.cpp
-- Installing: /home/abdn/robot_ws/install/serial_motor_demo_msgs/include/serial_motor_demo_msgs/serial_motor_demo_msgs/msg/detail/encoder_vals__rosidl_typesupport_introspection_cpp.hpp
-- Installing: /home/abdn/robot_ws/install/serial_motor_demo_msgs/include/serial_motor_demo_msgs/serial_motor_demo_msgs/msg/detail/motor_vels__rosidl_typesupport_introspection_cpp.hpp
-- Installing: /home/abdn/robot_ws/install/serial_motor_demo_msgs/lib/libserial_motor_demo_msgs__rosidl_typesupport_introspection_cpp.so
-- Set runtime path of "/home/abdn/robot_ws/install/serial_motor_demo_msgs/lib/libserial_motor_demo_msgs__rosidl_typesupport_introspection_cpp.so" to ""
-- Installing: /home/abdn/robot_ws/install/serial_motor_demo_msgs/lib/libserial_motor_demo_msgs__rosidl_typesupport_cpp.so
-- Set runtime path of "/home/abdn/robot_ws/install/serial_motor_demo_msgs/lib/libserial_motor_demo_msgs__rosidl_typesupport_cpp.so" to ""
-- Installing: /home/abdn/robot_ws/install/serial_motor_demo_msgs/share/serial_motor_demo_msgs/environment/pythonpath.sh
-- Installing: /home/abdn/robot_ws/install/serial_motor_demo_msgs/share/serial_motor_demo_msgs/environment/pythonpath.dsv
-- Installing: /home/abdn/robot_ws/install/serial_motor_demo_msgs/local/lib/python3.10/dist-packages/serial_motor_demo_msgs-0.0.0-py3.10.egg-info
-- Installing: /home/abdn/robot_ws/install/serial_motor_demo_msgs/local/lib/python3.10/dist-packages/serial_motor_demo_msgs-0.0.0-py3.10.egg-info/PKG-INFO
-- Installing: /home/abdn/robot_ws/install/serial_motor_demo_msgs/local/lib/python3.10/dist-packages/serial_motor_demo_msgs-0.0.0-py3.10.egg-info/top_level.txt
-- Installing: /home/abdn/robot_ws/install/serial_motor_demo_msgs/local/lib/python3.10/dist-packages/serial_motor_demo_msgs-0.0.0-py3.10.egg-info/SOURCES.txt
-- Installing: /home/abdn/robot_ws/install/serial_motor_demo_msgs/local/lib/python3.10/dist-packages/serial_motor_demo_msgs-0.0.0-py3.10.egg-info/dependency_links.txt
-- Installing: /home/abdn/robot_ws/install/serial_motor_demo_msgs/local/lib/python3.10/dist-packages/serial_motor_demo_msgs
-- Installing: /home/abdn/robot_ws/install/serial_motor_demo_msgs/local/lib/python3.10/dist-packages/serial_motor_demo_msgs/__init__.py
-- Installing: /home/abdn/robot_ws/install/serial_motor_demo_msgs/local/lib/python3.10/dist-packages/serial_motor_demo_msgs/_serial_motor_demo_msgs_s.ep.rosidl_typesupport_introspection_c.c
-- Installing: /home/abdn/robot_ws/install/serial_motor_demo_msgs/local/lib/python3.10/dist-packages/serial_motor_demo_msgs/serial_motor_demo_msgs_s__rosidl_typesupport_c.cpython-310-aarch64-linux-gnu.so
-- Installing: /home/abdn/robot_ws/install/serial_motor_demo_msgs/local/lib/python3.10/dist-packages/serial_motor_demo_msgs/_serial_motor_demo_msgs_s.ep.rosidl_typesupport_c.c
-- Installing: /home/abdn/robot_ws/install/serial_motor_demo_msgs/local/lib/python3.10/dist-packages/serial_motor_demo_msgs/libserial_motor_demo_msgs__rosidl_generator_py.so
-- Installing: /home/abdn/robot_ws/install/serial_motor_demo_msgs/local/lib/python3.10/dist-packages/serial_motor_demo_msgs/msg
-- Installing: /home/abdn/robot_ws/install/serial_motor_demo_msgs/local/lib/python3.10/dist-packages/serial_motor_demo_msgs/msg/_encoder_vals_s.c
-- Installing: /home/abdn/robot_ws/install/serial_motor_demo_msgs/local/lib/python3.10/dist-packages/serial_motor_demo_msgs/msg/__init__.py
-- Installing: /home/abdn/robot_ws/install/serial_motor_demo_msgs/local/lib/python3.10/dist-packages/serial_motor_demo_msgs/msg/_motor_command_s.c
-- Installing: /home/abdn/robot_ws/install/serial_motor_demo_msgs/local/lib/python3.10/dist-packages/serial_motor_demo_msgs/msg/_motor_vels.py
-- Installing: /home/abdn/robot_ws/install/serial_motor_demo_msgs/local/lib/python3.10/dist-packages/serial_motor_demo_msgs/msg/_encoder_vals.py
-- Installing: /home/abdn/robot_ws/install/serial_motor_demo_msgs/local/lib/python3.10/dist-packages/serial_motor_demo_msgs/msg/_motor_command.py
-- Installing: /home/abdn/robot_ws/install/serial_motor_demo_msgs/local/lib/python3.10/dist-packages/serial_motor_demo_msgs/msg/_motor_vels_s.c
-- Installing: /home/abdn/robot_ws/install/serial_motor_demo_msgs/local/lib/python3.10/dist-packages/serial_motor_demo_msgs/serial_motor_demo_msgs_s__rosidl_typesupport_introspection_c.cpython-310-aarch64-linux-gnu.so
-- Installing: /home/abdn/robot_ws/install/serial_motor_demo_msgs/local/lib/python3.10/dist-packages/serial_motor_demo_msgs/serial_motor_demo_msgs_s__rosidl_typesupport_fastrtps_c.cpython-310-aarch64-linux-gnu.so
-- Installing: /home/abdn/robot_ws/install/serial_motor_demo_msgs/local/lib/python3.10/dist-packages/serial_motor_demo_msgs/_serial_motor_demo_msgs_s.ep.rosidl_typesupport_fastrtps_c.c
Listing '/home/abdn/robot_ws/install/serial_motor_demo_msgs/local/lib/python3.10/dist-packages/serial_motor_demo_msgs'...
Compiling '/home/abdn/robot_ws/install/serial_motor_demo_msgs/local/lib/python3.10/dist-packages/serial_motor_demo_msgs/__init__.py'...
Listing '/home/abdn/robot_ws/install/serial_motor_demo_msgs/local/lib/python3.10/dist-packages/serial_motor_demo_msgs/msg'...
Compiling '/home/abdn/robot_ws/install/serial_motor_demo_msgs/local/lib/python3.10/dist-packages/serial_motor_demo_msgs/msg/__init__.py'...
Compiling '/home/abdn/robot_ws/install/serial_motor_demo_msgs/local/lib/python3.10/dist-packages/serial_motor_demo_msgs/msg/_encoder_vals.py'...
Compiling '/home/abdn/robot_ws/install/serial_motor_demo_msgs/local/lib/python3.10/dist-packages/serial_motor_demo_msgs/msg/_motor_command.py'...
Compiling '/home/abdn/robot_ws/install/serial_motor_demo_msgs/local/lib/python3.10/dist-packages/serial_motor_demo_msgs/msg/_motor_vels.py'...
-- Installing: /home/abdn/robot_ws/install/serial_motor_demo_msgs/local/lib/python3.10/dist-packages/serial_motor_demo_msgs/serial_motor_demo_msgs_s__rosidl_typesupport_fastrtps_c.cpython-310-aarch64-linux-gnu.so
-- Set runtime path of "/home/abdn/robot_ws/install/serial_motor_demo_msgs/local/lib/python3.10/dist-packages/serial_motor_demo_msgs/serial_motor_demo_msgs_s__rosidl_typesupport_fastrtps_c.cpython-310-aarch64-linux-gnu.so" to ""
-- Installing: /home/abdn/robot_ws/install/serial_motor_demo_msgs/local/lib/python3.10/dist-packages/serial_motor_demo_msgs/serial_motor_demo_msgs_s__rosidl_typesupport_introspection_c.cpython-310-aarch64-linux-gnu.so
-- Set runtime path of "/home/abdn/robot_ws/install/serial_motor_demo_msgs/local/lib/python3.10/dist-packages/serial_motor_demo_msgs/serial_motor_demo_msgs_s__rosidl_typesupport_introspection_c.cpython-310-aarch64-linux-gnu.so" to ""
-- Installing: /home/abdn/robot_ws/install/serial_motor_demo_msgs/local/lib/python3.10/dist-packages/serial_motor_demo_msgs/serial_motor_demo_msgs_s__rosidl_typesupport_c.cpython-310-aarch64-linux-gnu.so
-- Set runtime path of "/home/abdn/robot_ws/install/serial_motor_demo_msgs/local/lib/python3.10/dist-packages/serial_motor_demo_msgs/serial_motor_demo_msgs_s__rosidl_typesupport_c.cpython-310-aarch64-linux-gnu.so" to ""
-- Installing: /home/abdn/robot_ws/install/serial_motor_demo_msgs/lib/libserial_motor_demo_msgs__rosidl_generator_py.so
-- Set runtime path of "/home/abdn/robot_ws/install/serial_motor_demo_msgs/lib/libserial_motor_demo_msgs__rosidl_generator_py.so" to ""
-- Installing: /home/abdn/robot_ws/install/serial_motor_demo_msgs/share/ament_index/resource_index/rust_packages/serial_motor_demo_msgs
-- Installing: /home/abdn/robot_ws/install/serial_motor_demo_msgs/share/serial_motor_demo_msgs/rust
-- Installing: /home/abdn/robot_ws/install/serial_motor_demo_msgs/share/serial_motor_demo_msgs/rust/src
-- Installing: /home/abdn/robot_ws/install/serial_motor_demo_msgs/share/serial_motor_demo_msgs/rust/src/msg.rs
-- Installing: /home/abdn/robot_ws/install/serial_motor_demo_msgs/share/serial_motor_demo_msgs/rust/src/msg
-- Installing: /home/abdn/robot_ws/install/serial_motor_demo_msgs/share/serial_motor_demo_msgs/rust/src/msg/rmw.rs
-- Installing: /home/abdn/robot_ws/install/serial_motor_demo_msgs/share/serial_motor_demo_msgs/rust/src/lib.rs
-- Installing: /home/abdn/robot_ws/install/serial_motor_demo_msgs/share/serial_motor_demo_msgs/rust/build.rs
-- Installing: /home/abdn/robot_ws/install/serial_motor_demo_msgs/share/serial_motor_demo_msgs/rust/Cargo.toml
-- Installing: /home/abdn/robot_ws/install/serial_motor_demo_msgs/share/serial_motor_demo_msgs/msg/MotorCommand.idl
-- Installing: /home/abdn/robot_ws/install/serial_motor_demo_msgs/share/serial_motor_demo_msgs/msg/MotorVels.idl
-- Installing: /home/abdn/robot_ws/install/serial_motor_demo_msgs/share/serial_motor_demo_msgs/msg/EncoderVals.idl
-- Installing: /home/abdn/robot_ws/install/serial_motor_demo_msgs/share/serial_motor_demo_msgs/msg/MotorCommand.msg
-- Installing: /home/abdn/robot_ws/install/serial_motor_demo_msgs/share/serial_motor_demo_msgs/msg/MotorVels.msg
-- Installing: /home/abdn/robot_ws/install/serial_motor_demo_msgs/share/serial_motor_demo_msgs/msg/EncoderVals.msg
-- Installing: /home/abdn/robot_ws/install/serial_motor_demo_msgs/share/ament_index/resource_index/package_run_dependencies/serial_motor_demo_msgs
-- Installing: /home/abdn/robot_ws/install/serial_motor_demo_msgs/share/ament_index/resource_index/parent_prefix_path/serial_motor_demo_msgs
-- Installing: /home/abdn/robot_ws/install/serial_motor_demo_msgs/share/serial_motor_demo_msgs/environment/ament_prefix_path.sh
-- Installing: /home/abdn/robot_ws/install/serial_motor_demo_msgs/share/serial_motor_demo_msgs/environment/ament_prefix_path.dsv
-- Installing: /home/abdn/robot_ws/install/serial_motor_demo_msgs/share/serial_motor_demo_msgs/environment/path.sh
-- Installing: /home/abdn/robot_ws/install/serial_motor_demo_msgs/share/serial_motor_demo_msgs/environment/path.dsv
-- Installing: /home/abdn/robot_ws/install/serial_motor_demo_msgs/share/serial_motor_demo_msgs/local_setup.bash
-- Installing: /home/abdn/robot_ws/install/serial_motor_demo_msgs/share/serial_motor_demo_msgs/local_setup.sh
-- Installing: /home/abdn/robot_ws/install/serial_motor_demo_msgs/share/serial_motor_demo_msgs/local_setup.zsh
-- Installing: /home/abdn/robot_ws/install/serial_motor_demo_msgs/share/serial_motor_demo_msgs/local_setup.dsv
-- Installing: /home/abdn/robot_ws/install/serial_motor_demo_msgs/share/serial_motor_demo_msgs/package.dsv
-- Installing: /home/abdn/robot_ws/install/serial_motor_demo_msgs/share/ament_index/resource_index/packages/serial_motor_demo_msgs
-- Installing: /home/abdn/robot_ws/install/serial_motor_demo_msgs/share/serial_motor_demo_msgs/cmake/export_serial_motor_demo_msgs__rosidl_generator_cExport.cmake
-- Installing: /home/abdn/robot_ws/install/serial_motor_demo_msgs/share/serial_motor_demo_msgs/cmake/export_serial_motor_demo_msgs__rosidl_generator_cExport-noconfig.cmake
-- Installing: /home/abdn/robot_ws/install/serial_motor_demo_msgs/share/serial_motor_demo_msgs/cmake/export_serial_motor_demo_msgs__rosidl_typesupport_fastrtps_cExport.cmake
-- Installing: /home/abdn/robot_ws/install/serial_motor_demo_msgs/share/serial_motor_demo_msgs/cmake/export_serial_motor_demo_msgs__rosidl_typesupport_fastrtps_cExport-noconfig.cmake
-- Installing: /home/abdn/robot_ws/install/serial_motor_demo_msgs/share/serial_motor_demo_msgs/cmake/serial_motor_demo_msgs__rosidl_typesupport_introspection_cExport.cmake
-- Installing: /home/abdn/robot_ws/install/serial_motor_demo_msgs/share/serial_motor_demo_msgs/cmake/serial_motor_demo_msgs__rosidl_typesupport_introspection_cExport-noconfig.cmake
-- Installing: /home/abdn/robot_ws/install/serial_motor_demo_msgs/share/serial_motor_demo_msgs/cmake/serial_motor_demo_msgs__rosidl_typesupport_cExport.cmake
-- Installing: /home/abdn/robot_ws/install/serial_motor_demo_msgs/share/serial_motor_demo_msgs/cmake/serial_motor_demo_msgs__rosidl_typesupport_cExport-noconfig.cmake
-- Installing: /home/abdn/robot_ws/install/serial_motor_demo_msgs/share/serial_motor_demo_msgs/cmake/export_serial_motor_demo_msgs__rosidl_generator_cppExport.cmake
-- Installing: /home/abdn/robot_ws/install/serial_motor_demo_msgs/share/serial_motor_demo_msgs/cmake/export_serial_motor_demo_msgs__rosidl_typesupport_fastrtps_cppExport.cmake
-- Installing: /home/abdn/robot_ws/install/serial_motor_demo_msgs/share/serial_motor_demo_msgs/cmake/export_serial_motor_demo_msgs__rosidl_typesupport_fastrtps_cppExport-noconfig.cmake
-- Installing: /home/abdn/robot_ws/install/serial_motor_demo_msgs/share/serial_motor_demo_msgs/cmake/serial_motor_demo_msgs__rosidl_typesupport_introspection_cppExport.cmake
-- Installing: /home/abdn/robot_ws/install/serial_motor_demo_msgs/share/serial_motor_demo_msgs/cmake/serial_motor_demo_msgs__rosidl_typesupport_introspection_cppExport-noconfig.cmake
-- Installing: /home/abdn/robot_ws/install/serial_motor_demo_msgs/share/serial_motor_demo_msgs/cmake/serial_motor_demo_msgs__rosidl_typesupport_cppExport.cmake
-- Installing: /home/abdn/robot_ws/install/serial_motor_demo_msgs/share/serial_motor_demo_msgs/cmake/serial_motor_demo_msgs__rosidl_typesupport_cppExport-noconfig.cmake
-- Installing: /home/abdn/robot_ws/install/serial_motor_demo_msgs/share/serial_motor_demo_msgs/cmake/export_serial_motor_demo_msgs__rosidl_generator_pyExport.cmake
-- Installing: /home/abdn/robot_ws/install/serial_motor_demo_msgs/share/serial_motor_demo_msgs/cmake/export_serial_motor_demo_msgs__rosidl_generator_pyExport-noconfig.cmake
-- Installing: /home/abdn/robot_ws/install/serial_motor_demo_msgs/share/serial_motor_demo_msgs/cmake/rosidl_cmake-extras.cmake
-- Installing: /home/abdn/robot_ws/install/serial_motor_demo_msgs/share/serial_motor_demo_msgs/cmake/ament_cmake_export_include_directories-extras.cmake
-- Installing: /home/abdn/robot_ws/install/serial_motor_demo_msgs/share/serial_motor_demo_msgs/cmake/ament_cmake_export_libraries-extras.cmake
-- Installing: /home/abdn/robot_ws/install/serial_motor_demo_msgs/share/serial_motor_demo_msgs/cmake/ament_cmake_export_targets-extras.cmake
-- Installing: /home/abdn/robot_ws/install/serial_motor_demo_msgs/share/serial_motor_demo_msgs/cmake/rosidl_cmake_export_typesupport_targets-extras.cmake
-- Installing: /home/abdn/robot_ws/install/serial_motor_demo_msgs/share/serial_motor_demo_msgs/cmake/ament_cmake_export_dependencies-extras.cmake
-- Installing: /home/abdn/robot_ws/install/serial_motor_demo_msgs/share/serial_motor_demo_msgs/cmake/rosidl_cmake_export_typesupport_libraries-extras.cmake
-- Installing: /home/abdn/robot_ws/install/serial_motor_demo_msgs/share/serial_motor_demo_msgs/cmake/serial_motor_demo_msgsConfig.cmake
-- Installing: /home/abdn/robot_ws/install/serial_motor_demo_msgs/share/serial_motor_demo_msgs/cmake/serial_motor_demo_msgsConfig-version.cmake
-- Installing: /home/abdn/robot_ws/install/serial_motor_demo_msgs/share/serial_motor_demo_msgs/package.xml
