[0.519s] DEBUG:colcon:Command line arguments: ['/usr/bin/colcon', 'build']
[0.520s] DEBUG:colcon:Parsed command line arguments: Namespace(log_base=None, log_level=None, verb_name='build', build_base='build', install_base='install', merge_install=False, symlink_install=False, test_result_base=None, continue_on_error=False, executor='parallel', parallel_workers=4, event_handlers=None, ignore_user_meta=False, metas=['./colcon.meta'], base_paths=['.'], packages_ignore=None, packages_ignore_regex=None, paths=None, packages_up_to=None, packages_up_to_regex=None, packages_above=None, packages_above_and_dependencies=None, packages_above_depth=None, packages_select_by_dep=None, packages_skip_by_dep=None, packages_skip_up_to=None, packages_select_build_failed=False, packages_skip_build_finished=False, packages_select_test_failures=False, packages_skip_test_passed=False, packages_select=None, packages_skip=None, packages_select_regex=None, packages_skip_regex=None, packages_start=None, packages_end=None, allow_overriding=[], cmake_args=None, cmake_target=None, cmake_target_skip_unavailable=False, cmake_clean_cache=False, cmake_clean_first=False, cmake_force_configure=False, ament_cmake_args=None, catkin_cmake_args=None, catkin_skip_building_tests=False, mixin_files=None, mixin=None, verb_parser=<colcon_mixin.mixin.mixin_argument.MixinArgumentDecorator object at 0xffff8ff29510>, verb_extension=<colcon_core.verb.build.BuildVerb object at 0xffff9002a7d0>, main=<bound method BuildVerb.main of <colcon_core.verb.build.BuildVerb object at 0xffff9002a7d0>>, mixin_verb=('build',))
[1.374s] Level 1:colcon.colcon_core.package_discovery:discover_packages(colcon_meta) check parameters
[1.375s] Level 1:colcon.colcon_core.package_discovery:discover_packages(recursive) check parameters
[1.375s] Level 1:colcon.colcon_core.package_discovery:discover_packages(ignore) check parameters
[1.375s] Level 1:colcon.colcon_core.package_discovery:discover_packages(path) check parameters
[1.376s] Level 1:colcon.colcon_core.package_discovery:discover_packages(colcon_meta) discover
[1.376s] Level 1:colcon.colcon_core.package_discovery:discover_packages(recursive) discover
[1.376s] INFO:colcon.colcon_core.package_discovery:Crawling recursively for packages in '/home/abdn/robot_ws'
[1.377s] Level 1:colcon.colcon_core.package_identification:_identify(.) by extensions ['ignore', 'ignore_ament_install']
[1.377s] Level 1:colcon.colcon_core.package_identification:_identify(.) by extension 'ignore'
[1.377s] Level 1:colcon.colcon_core.package_identification:_identify(.) by extension 'ignore_ament_install'
[1.378s] Level 1:colcon.colcon_core.package_identification:_identify(.) by extensions ['colcon_pkg']
[1.378s] Level 1:colcon.colcon_core.package_identification:_identify(.) by extension 'colcon_pkg'
[1.378s] Level 1:colcon.colcon_core.package_identification:_identify(.) by extensions ['colcon_meta']
[1.378s] Level 1:colcon.colcon_core.package_identification:_identify(.) by extension 'colcon_meta'
[1.378s] Level 1:colcon.colcon_core.package_identification:_identify(.) by extensions ['ros']
[1.379s] Level 1:colcon.colcon_core.package_identification:_identify(.) by extension 'ros'
[1.431s] Level 1:colcon.colcon_core.package_identification:_identify(.) by extensions ['cmake', 'python']
[1.432s] Level 1:colcon.colcon_core.package_identification:_identify(.) by extension 'cmake'
[1.432s] Level 1:colcon.colcon_core.package_identification:_identify(.) by extension 'python'
[1.432s] Level 1:colcon.colcon_core.package_identification:_identify(.) by extensions ['python_setup_py']
[1.433s] Level 1:colcon.colcon_core.package_identification:_identify(.) by extension 'python_setup_py'
[1.433s] Level 1:colcon.colcon_core.package_identification:_identify(build) by extensions ['ignore', 'ignore_ament_install']
[1.434s] Level 1:colcon.colcon_core.package_identification:_identify(build) by extension 'ignore'
[1.434s] Level 1:colcon.colcon_core.package_identification:_identify(build) ignored
[1.435s] Level 1:colcon.colcon_core.package_identification:_identify(install) by extensions ['ignore', 'ignore_ament_install']
[1.435s] Level 1:colcon.colcon_core.package_identification:_identify(install) by extension 'ignore'
[1.435s] Level 1:colcon.colcon_core.package_identification:_identify(install) ignored
[1.436s] Level 1:colcon.colcon_core.package_identification:_identify(log) by extensions ['ignore', 'ignore_ament_install']
[1.437s] Level 1:colcon.colcon_core.package_identification:_identify(log) by extension 'ignore'
[1.437s] Level 1:colcon.colcon_core.package_identification:_identify(log) ignored
[1.437s] Level 1:colcon.colcon_core.package_identification:_identify(src) by extensions ['ignore', 'ignore_ament_install']
[1.438s] Level 1:colcon.colcon_core.package_identification:_identify(src) by extension 'ignore'
[1.438s] Level 1:colcon.colcon_core.package_identification:_identify(src) by extension 'ignore_ament_install'
[1.438s] Level 1:colcon.colcon_core.package_identification:_identify(src) by extensions ['colcon_pkg']
[1.438s] Level 1:colcon.colcon_core.package_identification:_identify(src) by extension 'colcon_pkg'
[1.439s] Level 1:colcon.colcon_core.package_identification:_identify(src) by extensions ['colcon_meta']
[1.439s] Level 1:colcon.colcon_core.package_identification:_identify(src) by extension 'colcon_meta'
[1.439s] Level 1:colcon.colcon_core.package_identification:_identify(src) by extensions ['ros']
[1.439s] Level 1:colcon.colcon_core.package_identification:_identify(src) by extension 'ros'
[1.440s] Level 1:colcon.colcon_core.package_identification:_identify(src) by extensions ['cmake', 'python']
[1.440s] Level 1:colcon.colcon_core.package_identification:_identify(src) by extension 'cmake'
[1.440s] Level 1:colcon.colcon_core.package_identification:_identify(src) by extension 'python'
[1.440s] Level 1:colcon.colcon_core.package_identification:_identify(src) by extensions ['python_setup_py']
[1.440s] Level 1:colcon.colcon_core.package_identification:_identify(src) by extension 'python_setup_py'
[1.441s] Level 1:colcon.colcon_core.package_identification:_identify(src/diffdrive_arduino) by extensions ['ignore', 'ignore_ament_install']
[1.441s] Level 1:colcon.colcon_core.package_identification:_identify(src/diffdrive_arduino) by extension 'ignore'
[1.442s] Level 1:colcon.colcon_core.package_identification:_identify(src/diffdrive_arduino) by extension 'ignore_ament_install'
[1.442s] Level 1:colcon.colcon_core.package_identification:_identify(src/diffdrive_arduino) by extensions ['colcon_pkg']
[1.442s] Level 1:colcon.colcon_core.package_identification:_identify(src/diffdrive_arduino) by extension 'colcon_pkg'
[1.442s] Level 1:colcon.colcon_core.package_identification:_identify(src/diffdrive_arduino) by extensions ['colcon_meta']
[1.442s] Level 1:colcon.colcon_core.package_identification:_identify(src/diffdrive_arduino) by extension 'colcon_meta'
[1.443s] Level 1:colcon.colcon_core.package_identification:_identify(src/diffdrive_arduino) by extensions ['ros']
[1.443s] Level 1:colcon.colcon_core.package_identification:_identify(src/diffdrive_arduino) by extension 'ros'
[1.455s] DEBUG:colcon.colcon_core.package_identification:Package 'src/diffdrive_arduino' with type 'ros.ament_cmake' and name 'diffdrive_arduino'
[1.456s] Level 1:colcon.colcon_core.package_identification:_identify(src/my_bot) by extensions ['ignore', 'ignore_ament_install']
[1.457s] Level 1:colcon.colcon_core.package_identification:_identify(src/my_bot) by extension 'ignore'
[1.457s] Level 1:colcon.colcon_core.package_identification:_identify(src/my_bot) by extension 'ignore_ament_install'
[1.458s] Level 1:colcon.colcon_core.package_identification:_identify(src/my_bot) by extensions ['colcon_pkg']
[1.458s] Level 1:colcon.colcon_core.package_identification:_identify(src/my_bot) by extension 'colcon_pkg'
[1.458s] Level 1:colcon.colcon_core.package_identification:_identify(src/my_bot) by extensions ['colcon_meta']
[1.458s] Level 1:colcon.colcon_core.package_identification:_identify(src/my_bot) by extension 'colcon_meta'
[1.458s] Level 1:colcon.colcon_core.package_identification:_identify(src/my_bot) by extensions ['ros']
[1.459s] Level 1:colcon.colcon_core.package_identification:_identify(src/my_bot) by extension 'ros'
[1.461s] DEBUG:colcon.colcon_core.package_identification:Package 'src/my_bot' with type 'ros.ament_cmake' and name 'my_bot'
[1.462s] Level 1:colcon.colcon_core.package_identification:_identify(src/serial_motor_demo) by extensions ['ignore', 'ignore_ament_install']
[1.462s] Level 1:colcon.colcon_core.package_identification:_identify(src/serial_motor_demo) by extension 'ignore'
[1.462s] Level 1:colcon.colcon_core.package_identification:_identify(src/serial_motor_demo) by extension 'ignore_ament_install'
[1.463s] Level 1:colcon.colcon_core.package_identification:_identify(src/serial_motor_demo) by extensions ['colcon_pkg']
[1.463s] Level 1:colcon.colcon_core.package_identification:_identify(src/serial_motor_demo) by extension 'colcon_pkg'
[1.463s] Level 1:colcon.colcon_core.package_identification:_identify(src/serial_motor_demo) by extensions ['colcon_meta']
[1.463s] Level 1:colcon.colcon_core.package_identification:_identify(src/serial_motor_demo) by extension 'colcon_meta'
[1.463s] Level 1:colcon.colcon_core.package_identification:_identify(src/serial_motor_demo) by extensions ['ros']
[1.464s] Level 1:colcon.colcon_core.package_identification:_identify(src/serial_motor_demo) by extension 'ros'
[1.464s] Level 1:colcon.colcon_core.package_identification:_identify(src/serial_motor_demo) by extensions ['cmake', 'python']
[1.464s] Level 1:colcon.colcon_core.package_identification:_identify(src/serial_motor_demo) by extension 'cmake'
[1.464s] Level 1:colcon.colcon_core.package_identification:_identify(src/serial_motor_demo) by extension 'python'
[1.465s] Level 1:colcon.colcon_core.package_identification:_identify(src/serial_motor_demo) by extensions ['python_setup_py']
[1.465s] Level 1:colcon.colcon_core.package_identification:_identify(src/serial_motor_demo) by extension 'python_setup_py'
[1.465s] Level 1:colcon.colcon_core.package_identification:_identify(src/serial_motor_demo/serial_motor_demo) by extensions ['ignore', 'ignore_ament_install']
[1.466s] Level 1:colcon.colcon_core.package_identification:_identify(src/serial_motor_demo/serial_motor_demo) by extension 'ignore'
[1.466s] Level 1:colcon.colcon_core.package_identification:_identify(src/serial_motor_demo/serial_motor_demo) by extension 'ignore_ament_install'
[1.466s] Level 1:colcon.colcon_core.package_identification:_identify(src/serial_motor_demo/serial_motor_demo) by extensions ['colcon_pkg']
[1.467s] Level 1:colcon.colcon_core.package_identification:_identify(src/serial_motor_demo/serial_motor_demo) by extension 'colcon_pkg'
[1.467s] Level 1:colcon.colcon_core.package_identification:_identify(src/serial_motor_demo/serial_motor_demo) by extensions ['colcon_meta']
[1.467s] Level 1:colcon.colcon_core.package_identification:_identify(src/serial_motor_demo/serial_motor_demo) by extension 'colcon_meta'
[1.467s] Level 1:colcon.colcon_core.package_identification:_identify(src/serial_motor_demo/serial_motor_demo) by extensions ['ros']
[1.467s] Level 1:colcon.colcon_core.package_identification:_identify(src/serial_motor_demo/serial_motor_demo) by extension 'ros'
[1.470s] DEBUG:colcon.colcon_core.package_identification:Package 'src/serial_motor_demo/serial_motor_demo' with type 'ros.ament_python' and name 'serial_motor_demo'
[1.471s] Level 1:colcon.colcon_core.package_identification:_identify(src/serial_motor_demo/serial_motor_demo_msgs) by extensions ['ignore', 'ignore_ament_install']
[1.471s] Level 1:colcon.colcon_core.package_identification:_identify(src/serial_motor_demo/serial_motor_demo_msgs) by extension 'ignore'
[1.472s] Level 1:colcon.colcon_core.package_identification:_identify(src/serial_motor_demo/serial_motor_demo_msgs) by extension 'ignore_ament_install'
[1.472s] Level 1:colcon.colcon_core.package_identification:_identify(src/serial_motor_demo/serial_motor_demo_msgs) by extensions ['colcon_pkg']
[1.472s] Level 1:colcon.colcon_core.package_identification:_identify(src/serial_motor_demo/serial_motor_demo_msgs) by extension 'colcon_pkg'
[1.473s] Level 1:colcon.colcon_core.package_identification:_identify(src/serial_motor_demo/serial_motor_demo_msgs) by extensions ['colcon_meta']
[1.473s] Level 1:colcon.colcon_core.package_identification:_identify(src/serial_motor_demo/serial_motor_demo_msgs) by extension 'colcon_meta'
[1.473s] Level 1:colcon.colcon_core.package_identification:_identify(src/serial_motor_demo/serial_motor_demo_msgs) by extensions ['ros']
[1.473s] Level 1:colcon.colcon_core.package_identification:_identify(src/serial_motor_demo/serial_motor_demo_msgs) by extension 'ros'
[1.476s] DEBUG:colcon.colcon_core.package_identification:Package 'src/serial_motor_demo/serial_motor_demo_msgs' with type 'ros.ament_cmake' and name 'serial_motor_demo_msgs'
[1.476s] Level 1:colcon.colcon_core.package_discovery:discover_packages(recursive) using defaults
[1.476s] Level 1:colcon.colcon_core.package_discovery:discover_packages(ignore) discover
[1.476s] Level 1:colcon.colcon_core.package_discovery:discover_packages(ignore) using defaults
[1.477s] Level 1:colcon.colcon_core.package_discovery:discover_packages(path) discover
[1.477s] Level 1:colcon.colcon_core.package_discovery:discover_packages(path) using defaults
[1.606s] Level 1:colcon.colcon_core.package_discovery:discover_packages(prefix_path) check parameters
[1.606s] Level 1:colcon.colcon_core.package_discovery:discover_packages(prefix_path) discover
[1.618s] DEBUG:colcon.colcon_installed_package_information.package_discovery:Found 5 installed packages in /home/abdn/robot_ws/install
[1.628s] DEBUG:colcon.colcon_installed_package_information.package_discovery:Found 235 installed packages in /opt/ros/humble
[1.634s] Level 1:colcon.colcon_core.package_discovery:discover_packages(prefix_path) using defaults
[1.796s] Level 5:colcon.colcon_core.verb:set package 'diffdrive_arduino' build argument 'cmake_args' from command line to 'None'
[1.796s] Level 5:colcon.colcon_core.verb:set package 'diffdrive_arduino' build argument 'cmake_target' from command line to 'None'
[1.796s] Level 5:colcon.colcon_core.verb:set package 'diffdrive_arduino' build argument 'cmake_target_skip_unavailable' from command line to 'False'
[1.796s] Level 5:colcon.colcon_core.verb:set package 'diffdrive_arduino' build argument 'cmake_clean_cache' from command line to 'False'
[1.797s] Level 5:colcon.colcon_core.verb:set package 'diffdrive_arduino' build argument 'cmake_clean_first' from command line to 'False'
[1.797s] Level 5:colcon.colcon_core.verb:set package 'diffdrive_arduino' build argument 'cmake_force_configure' from command line to 'False'
[1.797s] Level 5:colcon.colcon_core.verb:set package 'diffdrive_arduino' build argument 'ament_cmake_args' from command line to 'None'
[1.797s] Level 5:colcon.colcon_core.verb:set package 'diffdrive_arduino' build argument 'catkin_cmake_args' from command line to 'None'
[1.797s] Level 5:colcon.colcon_core.verb:set package 'diffdrive_arduino' build argument 'catkin_skip_building_tests' from command line to 'False'
[1.797s] DEBUG:colcon.colcon_core.verb:Building package 'diffdrive_arduino' with the following arguments: {'ament_cmake_args': None, 'build_base': '/home/abdn/robot_ws/build/diffdrive_arduino', 'catkin_cmake_args': None, 'catkin_skip_building_tests': False, 'cmake_args': None, 'cmake_clean_cache': False, 'cmake_clean_first': False, 'cmake_force_configure': False, 'cmake_target': None, 'cmake_target_skip_unavailable': False, 'install_base': '/home/abdn/robot_ws/install/diffdrive_arduino', 'merge_install': False, 'path': '/home/abdn/robot_ws/src/diffdrive_arduino', 'symlink_install': False, 'test_result_base': None}
[1.799s] Level 5:colcon.colcon_core.verb:set package 'my_bot' build argument 'cmake_args' from command line to 'None'
[1.799s] Level 5:colcon.colcon_core.verb:set package 'my_bot' build argument 'cmake_target' from command line to 'None'
[1.799s] Level 5:colcon.colcon_core.verb:set package 'my_bot' build argument 'cmake_target_skip_unavailable' from command line to 'False'
[1.800s] Level 5:colcon.colcon_core.verb:set package 'my_bot' build argument 'cmake_clean_cache' from command line to 'False'
[1.800s] Level 5:colcon.colcon_core.verb:set package 'my_bot' build argument 'cmake_clean_first' from command line to 'False'
[1.800s] Level 5:colcon.colcon_core.verb:set package 'my_bot' build argument 'cmake_force_configure' from command line to 'False'
[1.800s] Level 5:colcon.colcon_core.verb:set package 'my_bot' build argument 'ament_cmake_args' from command line to 'None'
[1.800s] Level 5:colcon.colcon_core.verb:set package 'my_bot' build argument 'catkin_cmake_args' from command line to 'None'
[1.800s] Level 5:colcon.colcon_core.verb:set package 'my_bot' build argument 'catkin_skip_building_tests' from command line to 'False'
[1.800s] DEBUG:colcon.colcon_core.verb:Building package 'my_bot' with the following arguments: {'ament_cmake_args': None, 'build_base': '/home/abdn/robot_ws/build/my_bot', 'catkin_cmake_args': None, 'catkin_skip_building_tests': False, 'cmake_args': None, 'cmake_clean_cache': False, 'cmake_clean_first': False, 'cmake_force_configure': False, 'cmake_target': None, 'cmake_target_skip_unavailable': False, 'install_base': '/home/abdn/robot_ws/install/my_bot', 'merge_install': False, 'path': '/home/abdn/robot_ws/src/my_bot', 'symlink_install': False, 'test_result_base': None}
[1.802s] Level 5:colcon.colcon_core.verb:set package 'serial_motor_demo_msgs' build argument 'cmake_args' from command line to 'None'
[1.802s] Level 5:colcon.colcon_core.verb:set package 'serial_motor_demo_msgs' build argument 'cmake_target' from command line to 'None'
[1.803s] Level 5:colcon.colcon_core.verb:set package 'serial_motor_demo_msgs' build argument 'cmake_target_skip_unavailable' from command line to 'False'
[1.803s] Level 5:colcon.colcon_core.verb:set package 'serial_motor_demo_msgs' build argument 'cmake_clean_cache' from command line to 'False'
[1.803s] Level 5:colcon.colcon_core.verb:set package 'serial_motor_demo_msgs' build argument 'cmake_clean_first' from command line to 'False'
[1.803s] Level 5:colcon.colcon_core.verb:set package 'serial_motor_demo_msgs' build argument 'cmake_force_configure' from command line to 'False'
[1.803s] Level 5:colcon.colcon_core.verb:set package 'serial_motor_demo_msgs' build argument 'ament_cmake_args' from command line to 'None'
[1.803s] Level 5:colcon.colcon_core.verb:set package 'serial_motor_demo_msgs' build argument 'catkin_cmake_args' from command line to 'None'
[1.803s] Level 5:colcon.colcon_core.verb:set package 'serial_motor_demo_msgs' build argument 'catkin_skip_building_tests' from command line to 'False'
[1.804s] DEBUG:colcon.colcon_core.verb:Building package 'serial_motor_demo_msgs' with the following arguments: {'ament_cmake_args': None, 'build_base': '/home/abdn/robot_ws/build/serial_motor_demo_msgs', 'catkin_cmake_args': None, 'catkin_skip_building_tests': False, 'cmake_args': None, 'cmake_clean_cache': False, 'cmake_clean_first': False, 'cmake_force_configure': False, 'cmake_target': None, 'cmake_target_skip_unavailable': False, 'install_base': '/home/abdn/robot_ws/install/serial_motor_demo_msgs', 'merge_install': False, 'path': '/home/abdn/robot_ws/src/serial_motor_demo/serial_motor_demo_msgs', 'symlink_install': False, 'test_result_base': None}
[1.805s] Level 5:colcon.colcon_core.verb:set package 'serial_motor_demo' build argument 'cmake_args' from command line to 'None'
[1.805s] Level 5:colcon.colcon_core.verb:set package 'serial_motor_demo' build argument 'cmake_target' from command line to 'None'
[1.806s] Level 5:colcon.colcon_core.verb:set package 'serial_motor_demo' build argument 'cmake_target_skip_unavailable' from command line to 'False'
[1.806s] Level 5:colcon.colcon_core.verb:set package 'serial_motor_demo' build argument 'cmake_clean_cache' from command line to 'False'
[1.806s] Level 5:colcon.colcon_core.verb:set package 'serial_motor_demo' build argument 'cmake_clean_first' from command line to 'False'
[1.806s] Level 5:colcon.colcon_core.verb:set package 'serial_motor_demo' build argument 'cmake_force_configure' from command line to 'False'
[1.806s] Level 5:colcon.colcon_core.verb:set package 'serial_motor_demo' build argument 'ament_cmake_args' from command line to 'None'
[1.806s] Level 5:colcon.colcon_core.verb:set package 'serial_motor_demo' build argument 'catkin_cmake_args' from command line to 'None'
[1.806s] Level 5:colcon.colcon_core.verb:set package 'serial_motor_demo' build argument 'catkin_skip_building_tests' from command line to 'False'
[1.807s] DEBUG:colcon.colcon_core.verb:Building package 'serial_motor_demo' with the following arguments: {'ament_cmake_args': None, 'build_base': '/home/abdn/robot_ws/build/serial_motor_demo', 'catkin_cmake_args': None, 'catkin_skip_building_tests': False, 'cmake_args': None, 'cmake_clean_cache': False, 'cmake_clean_first': False, 'cmake_force_configure': False, 'cmake_target': None, 'cmake_target_skip_unavailable': False, 'install_base': '/home/abdn/robot_ws/install/serial_motor_demo', 'merge_install': False, 'path': '/home/abdn/robot_ws/src/serial_motor_demo/serial_motor_demo', 'symlink_install': False, 'test_result_base': None}
[1.807s] INFO:colcon.colcon_core.executor:Executing jobs using 'parallel' executor
[1.811s] DEBUG:colcon.colcon_parallel_executor.executor.parallel:run_until_complete
[1.812s] INFO:colcon.colcon_ros.task.ament_cmake.build:Building ROS package in '/home/abdn/robot_ws/src/serial_motor_demo/serial_motor_demo_msgs' with build type 'ament_cmake'
[1.813s] INFO:colcon.colcon_cmake.task.cmake.build:Building CMake package in '/home/abdn/robot_ws/src/serial_motor_demo/serial_motor_demo_msgs'
[1.823s] INFO:colcon.colcon_core.plugin_system:Skipping extension 'colcon_core.shell.bat': Not used on non-Windows systems
[1.824s] INFO:colcon.colcon_core.shell:Skip shell extension 'powershell' for command environment: Not usable outside of PowerShell
[1.825s] DEBUG:colcon.colcon_core.shell:Skip shell extension 'dsv' for command environment
[1.847s] INFO:colcon.colcon_ros.task.ament_cmake.build:Building ROS package in '/home/abdn/robot_ws/src/diffdrive_arduino' with build type 'ament_cmake'
[1.848s] INFO:colcon.colcon_cmake.task.cmake.build:Building CMake package in '/home/abdn/robot_ws/src/diffdrive_arduino'
[1.849s] INFO:colcon.colcon_core.shell:Skip shell extension 'powershell' for command environment: Not usable outside of PowerShell
[1.850s] DEBUG:colcon.colcon_core.shell:Skip shell extension 'dsv' for command environment
[1.872s] INFO:colcon.colcon_ros.task.ament_cmake.build:Building ROS package in '/home/abdn/robot_ws/src/my_bot' with build type 'ament_cmake'
[1.873s] INFO:colcon.colcon_cmake.task.cmake.build:Building CMake package in '/home/abdn/robot_ws/src/my_bot'
[1.874s] INFO:colcon.colcon_core.shell:Skip shell extension 'powershell' for command environment: Not usable outside of PowerShell
[1.875s] DEBUG:colcon.colcon_core.shell:Skip shell extension 'dsv' for command environment
[1.914s] DEBUG:colcon.colcon_core.event_handler.log_command:Invoking command in '/home/abdn/robot_ws/build/serial_motor_demo_msgs': CMAKE_PREFIX_PATH=${CMAKE_PREFIX_PATH}:/home/abdn/robot_ws/install/serial_motor_demo:/opt/ros/humble /usr/bin/cmake --build /home/abdn/robot_ws/build/serial_motor_demo_msgs -- -j4 -l4
[1.944s] DEBUG:colcon.colcon_core.event_handler.log_command:Invoking command in '/home/abdn/robot_ws/build/diffdrive_arduino': CMAKE_PREFIX_PATH=${CMAKE_PREFIX_PATH}:/home/abdn/robot_ws/install/serial_motor_demo:/opt/ros/humble /usr/bin/cmake --build /home/abdn/robot_ws/build/diffdrive_arduino -- -j4 -l4
[1.967s] DEBUG:colcon.colcon_core.event_handler.log_command:Invoking command in '/home/abdn/robot_ws/build/my_bot': CMAKE_PREFIX_PATH=${CMAKE_PREFIX_PATH}:/home/abdn/robot_ws/install/serial_motor_demo:/opt/ros/humble /usr/bin/cmake --build /home/abdn/robot_ws/build/my_bot -- -j4 -l4
[2.187s] DEBUG:colcon.colcon_core.event_handler.log_command:Invoked command in '/home/abdn/robot_ws/build/my_bot' returned '0': CMAKE_PREFIX_PATH=${CMAKE_PREFIX_PATH}:/home/abdn/robot_ws/install/serial_motor_demo:/opt/ros/humble /usr/bin/cmake --build /home/abdn/robot_ws/build/my_bot -- -j4 -l4
[2.268s] DEBUG:colcon.colcon_core.event_handler.log_command:Invoking command in '/home/abdn/robot_ws/build/my_bot': CMAKE_PREFIX_PATH=${CMAKE_PREFIX_PATH}:/home/abdn/robot_ws/install/serial_motor_demo:/opt/ros/humble /usr/bin/cmake --install /home/abdn/robot_ws/build/my_bot
[2.425s] DEBUG:colcon.colcon_core.event_handler.log_command:Invoked command in '/home/abdn/robot_ws/build/diffdrive_arduino' returned '0': CMAKE_PREFIX_PATH=${CMAKE_PREFIX_PATH}:/home/abdn/robot_ws/install/serial_motor_demo:/opt/ros/humble /usr/bin/cmake --build /home/abdn/robot_ws/build/diffdrive_arduino -- -j4 -l4
[2.442s] DEBUG:colcon.colcon_core.event_handler.log_command:Invoking command in '/home/abdn/robot_ws/build/diffdrive_arduino': CMAKE_PREFIX_PATH=${CMAKE_PREFIX_PATH}:/home/abdn/robot_ws/install/serial_motor_demo:/opt/ros/humble /usr/bin/cmake --install /home/abdn/robot_ws/build/diffdrive_arduino
[2.582s] Level 1:colcon.colcon_core.environment:create_environment_scripts_only(my_bot)
[2.594s] DEBUG:colcon.colcon_core.event_handler.log_command:Invoked command in '/home/abdn/robot_ws/build/my_bot' returned '0': CMAKE_PREFIX_PATH=${CMAKE_PREFIX_PATH}:/home/abdn/robot_ws/install/serial_motor_demo:/opt/ros/humble /usr/bin/cmake --install /home/abdn/robot_ws/build/my_bot
[2.601s] Level 1:colcon.colcon_core.environment:checking '/home/abdn/robot_ws/install/my_bot' for CMake module files
[2.607s] Level 1:colcon.colcon_core.environment:checking '/home/abdn/robot_ws/install/my_bot' for CMake config files
[2.610s] Level 1:colcon.colcon_core.shell:create_environment_hook('my_bot', 'cmake_prefix_path')
[2.612s] INFO:colcon.colcon_core.shell:Creating environment hook '/home/abdn/robot_ws/install/my_bot/share/my_bot/hook/cmake_prefix_path.ps1'
[2.616s] INFO:colcon.colcon_core.shell:Creating environment descriptor '/home/abdn/robot_ws/install/my_bot/share/my_bot/hook/cmake_prefix_path.dsv'
[2.621s] INFO:colcon.colcon_core.shell:Creating environment hook '/home/abdn/robot_ws/install/my_bot/share/my_bot/hook/cmake_prefix_path.sh'
[2.627s] Level 1:colcon.colcon_core.environment:checking '/home/abdn/robot_ws/install/my_bot/bin'
[2.627s] Level 1:colcon.colcon_core.environment:checking '/home/abdn/robot_ws/install/my_bot/lib/pkgconfig/my_bot.pc'
[2.629s] Level 1:colcon.colcon_core.environment:checking '/home/abdn/robot_ws/install/my_bot/lib/python3.10/site-packages'
[2.631s] Level 1:colcon.colcon_core.environment:checking '/home/abdn/robot_ws/install/my_bot/bin'
[2.634s] INFO:colcon.colcon_core.shell:Creating package script '/home/abdn/robot_ws/install/my_bot/share/my_bot/package.ps1'
[2.652s] INFO:colcon.colcon_core.shell:Creating package descriptor '/home/abdn/robot_ws/install/my_bot/share/my_bot/package.dsv'
[2.659s] INFO:colcon.colcon_core.shell:Creating package script '/home/abdn/robot_ws/install/my_bot/share/my_bot/package.sh'
[2.670s] INFO:colcon.colcon_core.shell:Creating package script '/home/abdn/robot_ws/install/my_bot/share/my_bot/package.bash'
[2.675s] INFO:colcon.colcon_core.shell:Creating package script '/home/abdn/robot_ws/install/my_bot/share/my_bot/package.zsh'
[2.680s] Level 1:colcon.colcon_core.environment:create_file_with_runtime_dependencies(/home/abdn/robot_ws/install/my_bot/share/colcon-core/packages/my_bot)
[2.683s] Level 1:colcon.colcon_core.environment:create_environment_scripts_only(my_bot)
[2.684s] Level 1:colcon.colcon_core.environment:checking '/home/abdn/robot_ws/install/my_bot' for CMake module files
[2.689s] Level 1:colcon.colcon_core.environment:checking '/home/abdn/robot_ws/install/my_bot' for CMake config files
[2.692s] Level 1:colcon.colcon_core.shell:create_environment_hook('my_bot', 'cmake_prefix_path')
[2.693s] INFO:colcon.colcon_core.shell:Creating environment hook '/home/abdn/robot_ws/install/my_bot/share/my_bot/hook/cmake_prefix_path.ps1'
[2.696s] INFO:colcon.colcon_core.shell:Creating environment descriptor '/home/abdn/robot_ws/install/my_bot/share/my_bot/hook/cmake_prefix_path.dsv'
[2.698s] INFO:colcon.colcon_core.shell:Creating environment hook '/home/abdn/robot_ws/install/my_bot/share/my_bot/hook/cmake_prefix_path.sh'
[2.702s] Level 1:colcon.colcon_core.environment:checking '/home/abdn/robot_ws/install/my_bot/bin'
[2.703s] Level 1:colcon.colcon_core.environment:checking '/home/abdn/robot_ws/install/my_bot/lib/pkgconfig/my_bot.pc'
[2.705s] Level 1:colcon.colcon_core.environment:checking '/home/abdn/robot_ws/install/my_bot/lib/python3.10/site-packages'
[2.707s] Level 1:colcon.colcon_core.environment:checking '/home/abdn/robot_ws/install/my_bot/bin'
[2.709s] INFO:colcon.colcon_core.shell:Creating package script '/home/abdn/robot_ws/install/my_bot/share/my_bot/package.ps1'
[2.714s] INFO:colcon.colcon_core.shell:Creating package descriptor '/home/abdn/robot_ws/install/my_bot/share/my_bot/package.dsv'
[2.717s] INFO:colcon.colcon_core.shell:Creating package script '/home/abdn/robot_ws/install/my_bot/share/my_bot/package.sh'
[2.722s] INFO:colcon.colcon_core.shell:Creating package script '/home/abdn/robot_ws/install/my_bot/share/my_bot/package.bash'
[2.725s] INFO:colcon.colcon_core.shell:Creating package script '/home/abdn/robot_ws/install/my_bot/share/my_bot/package.zsh'
[2.728s] Level 1:colcon.colcon_core.environment:create_file_with_runtime_dependencies(/home/abdn/robot_ws/install/my_bot/share/colcon-core/packages/my_bot)
[2.734s] Level 1:colcon.colcon_core.environment:create_environment_scripts_only(diffdrive_arduino)
[2.736s] Level 1:colcon.colcon_core.environment:checking '/home/abdn/robot_ws/install/diffdrive_arduino' for CMake module files
[2.738s] DEBUG:colcon.colcon_core.event_handler.log_command:Invoked command in '/home/abdn/robot_ws/build/diffdrive_arduino' returned '0': CMAKE_PREFIX_PATH=${CMAKE_PREFIX_PATH}:/home/abdn/robot_ws/install/serial_motor_demo:/opt/ros/humble /usr/bin/cmake --install /home/abdn/robot_ws/build/diffdrive_arduino
[2.742s] Level 1:colcon.colcon_core.environment:checking '/home/abdn/robot_ws/install/diffdrive_arduino' for CMake config files
[2.745s] Level 1:colcon.colcon_core.shell:create_environment_hook('diffdrive_arduino', 'cmake_prefix_path')
[2.746s] INFO:colcon.colcon_core.shell:Creating environment hook '/home/abdn/robot_ws/install/diffdrive_arduino/share/diffdrive_arduino/hook/cmake_prefix_path.ps1'
[2.750s] INFO:colcon.colcon_core.shell:Creating environment descriptor '/home/abdn/robot_ws/install/diffdrive_arduino/share/diffdrive_arduino/hook/cmake_prefix_path.dsv'
[2.753s] INFO:colcon.colcon_core.shell:Creating environment hook '/home/abdn/robot_ws/install/diffdrive_arduino/share/diffdrive_arduino/hook/cmake_prefix_path.sh'
[2.757s] Level 1:colcon.colcon_core.environment:checking '/home/abdn/robot_ws/install/diffdrive_arduino/lib'
[2.759s] Level 1:colcon.colcon_core.shell:create_environment_hook('diffdrive_arduino', 'ld_library_path_lib')
[2.760s] INFO:colcon.colcon_core.shell:Creating environment hook '/home/abdn/robot_ws/install/diffdrive_arduino/share/diffdrive_arduino/hook/ld_library_path_lib.ps1'
[2.763s] INFO:colcon.colcon_core.shell:Creating environment descriptor '/home/abdn/robot_ws/install/diffdrive_arduino/share/diffdrive_arduino/hook/ld_library_path_lib.dsv'
[2.766s] INFO:colcon.colcon_core.shell:Creating environment hook '/home/abdn/robot_ws/install/diffdrive_arduino/share/diffdrive_arduino/hook/ld_library_path_lib.sh'
[2.770s] Level 1:colcon.colcon_core.environment:checking '/home/abdn/robot_ws/install/diffdrive_arduino/bin'
[2.771s] Level 1:colcon.colcon_core.environment:checking '/home/abdn/robot_ws/install/diffdrive_arduino/lib/pkgconfig/diffdrive_arduino.pc'
[2.772s] Level 1:colcon.colcon_core.environment:checking '/home/abdn/robot_ws/install/diffdrive_arduino/lib/python3.10/site-packages'
[2.774s] Level 1:colcon.colcon_core.environment:checking '/home/abdn/robot_ws/install/diffdrive_arduino/bin'
[2.776s] INFO:colcon.colcon_core.shell:Creating package script '/home/abdn/robot_ws/install/diffdrive_arduino/share/diffdrive_arduino/package.ps1'
[2.784s] INFO:colcon.colcon_core.shell:Creating package descriptor '/home/abdn/robot_ws/install/diffdrive_arduino/share/diffdrive_arduino/package.dsv'
[2.788s] INFO:colcon.colcon_core.shell:Creating package script '/home/abdn/robot_ws/install/diffdrive_arduino/share/diffdrive_arduino/package.sh'
[2.791s] INFO:colcon.colcon_core.shell:Creating package script '/home/abdn/robot_ws/install/diffdrive_arduino/share/diffdrive_arduino/package.bash'
[2.794s] INFO:colcon.colcon_core.shell:Creating package script '/home/abdn/robot_ws/install/diffdrive_arduino/share/diffdrive_arduino/package.zsh'
[2.797s] Level 1:colcon.colcon_core.environment:create_file_with_runtime_dependencies(/home/abdn/robot_ws/install/diffdrive_arduino/share/colcon-core/packages/diffdrive_arduino)
[2.800s] Level 1:colcon.colcon_core.environment:create_environment_scripts_only(diffdrive_arduino)
[2.801s] Level 1:colcon.colcon_core.environment:checking '/home/abdn/robot_ws/install/diffdrive_arduino' for CMake module files
[2.806s] Level 1:colcon.colcon_core.environment:checking '/home/abdn/robot_ws/install/diffdrive_arduino' for CMake config files
[2.808s] Level 1:colcon.colcon_core.shell:create_environment_hook('diffdrive_arduino', 'cmake_prefix_path')
[2.809s] INFO:colcon.colcon_core.shell:Creating environment hook '/home/abdn/robot_ws/install/diffdrive_arduino/share/diffdrive_arduino/hook/cmake_prefix_path.ps1'
[2.812s] INFO:colcon.colcon_core.shell:Creating environment descriptor '/home/abdn/robot_ws/install/diffdrive_arduino/share/diffdrive_arduino/hook/cmake_prefix_path.dsv'
[2.815s] INFO:colcon.colcon_core.shell:Creating environment hook '/home/abdn/robot_ws/install/diffdrive_arduino/share/diffdrive_arduino/hook/cmake_prefix_path.sh'
[2.820s] Level 1:colcon.colcon_core.environment:checking '/home/abdn/robot_ws/install/diffdrive_arduino/lib'
[2.821s] Level 1:colcon.colcon_core.shell:create_environment_hook('diffdrive_arduino', 'ld_library_path_lib')
[2.823s] INFO:colcon.colcon_core.shell:Creating environment hook '/home/abdn/robot_ws/install/diffdrive_arduino/share/diffdrive_arduino/hook/ld_library_path_lib.ps1'
[2.829s] INFO:colcon.colcon_core.shell:Creating environment descriptor '/home/abdn/robot_ws/install/diffdrive_arduino/share/diffdrive_arduino/hook/ld_library_path_lib.dsv'
[2.833s] INFO:colcon.colcon_core.shell:Creating environment hook '/home/abdn/robot_ws/install/diffdrive_arduino/share/diffdrive_arduino/hook/ld_library_path_lib.sh'
[2.837s] Level 1:colcon.colcon_core.environment:checking '/home/abdn/robot_ws/install/diffdrive_arduino/bin'
[2.838s] Level 1:colcon.colcon_core.environment:checking '/home/abdn/robot_ws/install/diffdrive_arduino/lib/pkgconfig/diffdrive_arduino.pc'
[2.839s] Level 1:colcon.colcon_core.environment:checking '/home/abdn/robot_ws/install/diffdrive_arduino/lib/python3.10/site-packages'
[2.843s] Level 1:colcon.colcon_core.environment:checking '/home/abdn/robot_ws/install/diffdrive_arduino/bin'
[2.845s] INFO:colcon.colcon_core.shell:Creating package script '/home/abdn/robot_ws/install/diffdrive_arduino/share/diffdrive_arduino/package.ps1'
[2.850s] INFO:colcon.colcon_core.shell:Creating package descriptor '/home/abdn/robot_ws/install/diffdrive_arduino/share/diffdrive_arduino/package.dsv'
[2.855s] INFO:colcon.colcon_core.shell:Creating package script '/home/abdn/robot_ws/install/diffdrive_arduino/share/diffdrive_arduino/package.sh'
[2.859s] INFO:colcon.colcon_core.shell:Creating package script '/home/abdn/robot_ws/install/diffdrive_arduino/share/diffdrive_arduino/package.bash'
[2.863s] INFO:colcon.colcon_core.shell:Creating package script '/home/abdn/robot_ws/install/diffdrive_arduino/share/diffdrive_arduino/package.zsh'
[2.866s] Level 1:colcon.colcon_core.environment:create_file_with_runtime_dependencies(/home/abdn/robot_ws/install/diffdrive_arduino/share/colcon-core/packages/diffdrive_arduino)
[4.084s] DEBUG:colcon.colcon_core.event_handler.log_command:Invoked command in '/home/abdn/robot_ws/build/serial_motor_demo_msgs' returned '0': CMAKE_PREFIX_PATH=${CMAKE_PREFIX_PATH}:/home/abdn/robot_ws/install/serial_motor_demo:/opt/ros/humble /usr/bin/cmake --build /home/abdn/robot_ws/build/serial_motor_demo_msgs -- -j4 -l4
[4.095s] DEBUG:colcon.colcon_core.event_handler.log_command:Invoking command in '/home/abdn/robot_ws/build/serial_motor_demo_msgs': CMAKE_PREFIX_PATH=${CMAKE_PREFIX_PATH}:/home/abdn/robot_ws/install/serial_motor_demo:/opt/ros/humble /usr/bin/cmake --install /home/abdn/robot_ws/build/serial_motor_demo_msgs
[4.442s] Level 1:colcon.colcon_core.environment:create_environment_scripts_only(serial_motor_demo_msgs)
[4.443s] Level 1:colcon.colcon_core.environment:checking '/home/abdn/robot_ws/install/serial_motor_demo_msgs' for CMake module files
[4.445s] DEBUG:colcon.colcon_core.event_handler.log_command:Invoked command in '/home/abdn/robot_ws/build/serial_motor_demo_msgs' returned '0': CMAKE_PREFIX_PATH=${CMAKE_PREFIX_PATH}:/home/abdn/robot_ws/install/serial_motor_demo:/opt/ros/humble /usr/bin/cmake --install /home/abdn/robot_ws/build/serial_motor_demo_msgs
[4.449s] Level 1:colcon.colcon_core.environment:checking '/home/abdn/robot_ws/install/serial_motor_demo_msgs' for CMake config files
[4.454s] Level 1:colcon.colcon_core.shell:create_environment_hook('serial_motor_demo_msgs', 'cmake_prefix_path')
[4.455s] INFO:colcon.colcon_core.shell:Creating environment hook '/home/abdn/robot_ws/install/serial_motor_demo_msgs/share/serial_motor_demo_msgs/hook/cmake_prefix_path.ps1'
[4.458s] INFO:colcon.colcon_core.shell:Creating environment descriptor '/home/abdn/robot_ws/install/serial_motor_demo_msgs/share/serial_motor_demo_msgs/hook/cmake_prefix_path.dsv'
[4.460s] INFO:colcon.colcon_core.shell:Creating environment hook '/home/abdn/robot_ws/install/serial_motor_demo_msgs/share/serial_motor_demo_msgs/hook/cmake_prefix_path.sh'
[4.463s] Level 1:colcon.colcon_core.environment:checking '/home/abdn/robot_ws/install/serial_motor_demo_msgs/lib'
[4.464s] Level 1:colcon.colcon_core.shell:create_environment_hook('serial_motor_demo_msgs', 'ld_library_path_lib')
[4.465s] INFO:colcon.colcon_core.shell:Creating environment hook '/home/abdn/robot_ws/install/serial_motor_demo_msgs/share/serial_motor_demo_msgs/hook/ld_library_path_lib.ps1'
[4.467s] INFO:colcon.colcon_core.shell:Creating environment descriptor '/home/abdn/robot_ws/install/serial_motor_demo_msgs/share/serial_motor_demo_msgs/hook/ld_library_path_lib.dsv'
[4.469s] INFO:colcon.colcon_core.shell:Creating environment hook '/home/abdn/robot_ws/install/serial_motor_demo_msgs/share/serial_motor_demo_msgs/hook/ld_library_path_lib.sh'
[4.472s] Level 1:colcon.colcon_core.environment:checking '/home/abdn/robot_ws/install/serial_motor_demo_msgs/bin'
[4.472s] Level 1:colcon.colcon_core.environment:checking '/home/abdn/robot_ws/install/serial_motor_demo_msgs/lib/pkgconfig/serial_motor_demo_msgs.pc'
[4.473s] Level 1:colcon.colcon_core.environment:checking '/home/abdn/robot_ws/install/serial_motor_demo_msgs/lib/python3.10/site-packages'
[4.475s] Level 1:colcon.colcon_core.environment:checking '/home/abdn/robot_ws/install/serial_motor_demo_msgs/bin'
[4.476s] INFO:colcon.colcon_core.shell:Creating package script '/home/abdn/robot_ws/install/serial_motor_demo_msgs/share/serial_motor_demo_msgs/package.ps1'
[4.480s] INFO:colcon.colcon_core.shell:Creating package descriptor '/home/abdn/robot_ws/install/serial_motor_demo_msgs/share/serial_motor_demo_msgs/package.dsv'
[4.482s] INFO:colcon.colcon_core.shell:Creating package script '/home/abdn/robot_ws/install/serial_motor_demo_msgs/share/serial_motor_demo_msgs/package.sh'
[4.485s] INFO:colcon.colcon_core.shell:Creating package script '/home/abdn/robot_ws/install/serial_motor_demo_msgs/share/serial_motor_demo_msgs/package.bash'
[4.487s] INFO:colcon.colcon_core.shell:Creating package script '/home/abdn/robot_ws/install/serial_motor_demo_msgs/share/serial_motor_demo_msgs/package.zsh'
[4.489s] Level 1:colcon.colcon_core.environment:create_file_with_runtime_dependencies(/home/abdn/robot_ws/install/serial_motor_demo_msgs/share/colcon-core/packages/serial_motor_demo_msgs)
[4.492s] Level 1:colcon.colcon_core.environment:create_environment_scripts_only(serial_motor_demo_msgs)
[4.493s] Level 1:colcon.colcon_core.environment:checking '/home/abdn/robot_ws/install/serial_motor_demo_msgs' for CMake module files
[4.498s] Level 1:colcon.colcon_core.environment:checking '/home/abdn/robot_ws/install/serial_motor_demo_msgs' for CMake config files
[4.503s] Level 1:colcon.colcon_core.shell:create_environment_hook('serial_motor_demo_msgs', 'cmake_prefix_path')
[4.504s] INFO:colcon.colcon_core.shell:Creating environment hook '/home/abdn/robot_ws/install/serial_motor_demo_msgs/share/serial_motor_demo_msgs/hook/cmake_prefix_path.ps1'
[4.506s] INFO:colcon.colcon_core.shell:Creating environment descriptor '/home/abdn/robot_ws/install/serial_motor_demo_msgs/share/serial_motor_demo_msgs/hook/cmake_prefix_path.dsv'
[4.508s] INFO:colcon.colcon_core.shell:Creating environment hook '/home/abdn/robot_ws/install/serial_motor_demo_msgs/share/serial_motor_demo_msgs/hook/cmake_prefix_path.sh'
[4.511s] Level 1:colcon.colcon_core.environment:checking '/home/abdn/robot_ws/install/serial_motor_demo_msgs/lib'
[4.512s] Level 1:colcon.colcon_core.shell:create_environment_hook('serial_motor_demo_msgs', 'ld_library_path_lib')
[4.513s] INFO:colcon.colcon_core.shell:Creating environment hook '/home/abdn/robot_ws/install/serial_motor_demo_msgs/share/serial_motor_demo_msgs/hook/ld_library_path_lib.ps1'
[4.515s] INFO:colcon.colcon_core.shell:Creating environment descriptor '/home/abdn/robot_ws/install/serial_motor_demo_msgs/share/serial_motor_demo_msgs/hook/ld_library_path_lib.dsv'
[4.517s] INFO:colcon.colcon_core.shell:Creating environment hook '/home/abdn/robot_ws/install/serial_motor_demo_msgs/share/serial_motor_demo_msgs/hook/ld_library_path_lib.sh'
[4.520s] Level 1:colcon.colcon_core.environment:checking '/home/abdn/robot_ws/install/serial_motor_demo_msgs/bin'
[4.520s] Level 1:colcon.colcon_core.environment:checking '/home/abdn/robot_ws/install/serial_motor_demo_msgs/lib/pkgconfig/serial_motor_demo_msgs.pc'
[4.521s] Level 1:colcon.colcon_core.environment:checking '/home/abdn/robot_ws/install/serial_motor_demo_msgs/lib/python3.10/site-packages'
[4.523s] Level 1:colcon.colcon_core.environment:checking '/home/abdn/robot_ws/install/serial_motor_demo_msgs/bin'
[4.524s] INFO:colcon.colcon_core.shell:Creating package script '/home/abdn/robot_ws/install/serial_motor_demo_msgs/share/serial_motor_demo_msgs/package.ps1'
[4.528s] INFO:colcon.colcon_core.shell:Creating package descriptor '/home/abdn/robot_ws/install/serial_motor_demo_msgs/share/serial_motor_demo_msgs/package.dsv'
[4.531s] INFO:colcon.colcon_core.shell:Creating package script '/home/abdn/robot_ws/install/serial_motor_demo_msgs/share/serial_motor_demo_msgs/package.sh'
[4.534s] INFO:colcon.colcon_core.shell:Creating package script '/home/abdn/robot_ws/install/serial_motor_demo_msgs/share/serial_motor_demo_msgs/package.bash'
[4.536s] INFO:colcon.colcon_core.shell:Creating package script '/home/abdn/robot_ws/install/serial_motor_demo_msgs/share/serial_motor_demo_msgs/package.zsh'
[4.538s] Level 1:colcon.colcon_core.environment:create_file_with_runtime_dependencies(/home/abdn/robot_ws/install/serial_motor_demo_msgs/share/colcon-core/packages/serial_motor_demo_msgs)
[4.540s] INFO:colcon.colcon_ros.task.ament_python.build:Building ROS package in '/home/abdn/robot_ws/src/serial_motor_demo/serial_motor_demo' with build type 'ament_python'
[4.541s] Level 1:colcon.colcon_core.shell:create_environment_hook('serial_motor_demo', 'ament_prefix_path')
[4.543s] INFO:colcon.colcon_core.shell:Creating environment hook '/home/abdn/robot_ws/install/serial_motor_demo/share/serial_motor_demo/hook/ament_prefix_path.ps1'
[4.546s] INFO:colcon.colcon_core.shell:Creating environment descriptor '/home/abdn/robot_ws/install/serial_motor_demo/share/serial_motor_demo/hook/ament_prefix_path.dsv'
[4.548s] INFO:colcon.colcon_core.shell:Creating environment hook '/home/abdn/robot_ws/install/serial_motor_demo/share/serial_motor_demo/hook/ament_prefix_path.sh'
[4.552s] INFO:colcon.colcon_core.shell:Skip shell extension 'powershell' for command environment: Not usable outside of PowerShell
[4.552s] DEBUG:colcon.colcon_core.shell:Skip shell extension 'dsv' for command environment
[5.872s] INFO:colcon.colcon_core.task.python.build:Building Python package in '/home/abdn/robot_ws/src/serial_motor_demo/serial_motor_demo'
[5.873s] INFO:colcon.colcon_core.shell:Skip shell extension 'powershell' for command environment: Not usable outside of PowerShell
[5.873s] DEBUG:colcon.colcon_core.shell:Skip shell extension 'dsv' for command environment
[7.683s] DEBUG:colcon.colcon_core.task.python.build:Available setuptools commands: build_ext, bdist_rpm, install_egg_info, rotate, compile_catalog, update_catalog, init_catalog, bdist_wheel, install_lib, install, extract_messages, develop, setopt, saveopts, install_data, build_clib, test, symlink_data, easy_install, install_scripts, register, egg_info, bdist_dumb, alias, build_py, build_scripts, bdist_egg, clean, install_headers, dist_info, build, sdist, bdist, check, upload, upload_docs
[7.696s] DEBUG:colcon.colcon_core.event_handler.log_command:Invoking command in '/home/abdn/robot_ws/src/serial_motor_demo/serial_motor_demo': PYTHONPATH=/home/abdn/robot_ws/build/serial_motor_demo/prefix_override:/usr/lib/python3/dist-packages/colcon_core/task/python/colcon_distutils_commands:/home/abdn/robot_ws/install/serial_motor_demo/lib/python3.10/site-packages:${PYTHONPATH} /usr/bin/python3 -W ignore:setup.py install is deprecated -W ignore:easy_install command is deprecated setup.py egg_info --egg-base ../../../build/serial_motor_demo build --build-base /home/abdn/robot_ws/build/serial_motor_demo/build install --record /home/abdn/robot_ws/build/serial_motor_demo/install.log --install-scripts $base/lib/serial_motor_demo --single-version-externally-managed install_data
[9.150s] Level 1:colcon.colcon_core.environment:checking '/home/abdn/robot_ws/install/serial_motor_demo' for CMake module files
[9.152s] DEBUG:colcon.colcon_core.event_handler.log_command:Invoked command in '/home/abdn/robot_ws/src/serial_motor_demo/serial_motor_demo' returned '0': PYTHONPATH=/home/abdn/robot_ws/build/serial_motor_demo/prefix_override:/usr/lib/python3/dist-packages/colcon_core/task/python/colcon_distutils_commands:/home/abdn/robot_ws/install/serial_motor_demo/lib/python3.10/site-packages:${PYTHONPATH} /usr/bin/python3 -W ignore:setup.py install is deprecated -W ignore:easy_install command is deprecated setup.py egg_info --egg-base ../../../build/serial_motor_demo build --build-base /home/abdn/robot_ws/build/serial_motor_demo/build install --record /home/abdn/robot_ws/build/serial_motor_demo/install.log --install-scripts $base/lib/serial_motor_demo --single-version-externally-managed install_data
[9.154s] Level 1:colcon.colcon_core.environment:checking '/home/abdn/robot_ws/install/serial_motor_demo' for CMake config files
[9.158s] Level 1:colcon.colcon_core.environment:checking '/home/abdn/robot_ws/install/serial_motor_demo/lib'
[9.159s] Level 1:colcon.colcon_core.environment:checking '/home/abdn/robot_ws/install/serial_motor_demo/bin'
[9.159s] Level 1:colcon.colcon_core.environment:checking '/home/abdn/robot_ws/install/serial_motor_demo/lib/pkgconfig/serial_motor_demo.pc'
[9.161s] Level 1:colcon.colcon_core.environment:checking '/home/abdn/robot_ws/install/serial_motor_demo/lib/python3.10/site-packages'
[9.161s] Level 1:colcon.colcon_core.shell:create_environment_hook('serial_motor_demo', 'pythonpath')
[9.162s] INFO:colcon.colcon_core.shell:Creating environment hook '/home/abdn/robot_ws/install/serial_motor_demo/share/serial_motor_demo/hook/pythonpath.ps1'
[9.166s] INFO:colcon.colcon_core.shell:Creating environment descriptor '/home/abdn/robot_ws/install/serial_motor_demo/share/serial_motor_demo/hook/pythonpath.dsv'
[9.168s] INFO:colcon.colcon_core.shell:Creating environment hook '/home/abdn/robot_ws/install/serial_motor_demo/share/serial_motor_demo/hook/pythonpath.sh'
[9.171s] Level 1:colcon.colcon_core.environment:checking '/home/abdn/robot_ws/install/serial_motor_demo/bin'
[9.172s] Level 1:colcon.colcon_core.environment:create_environment_scripts_only(serial_motor_demo)
[9.174s] INFO:colcon.colcon_core.shell:Creating package script '/home/abdn/robot_ws/install/serial_motor_demo/share/serial_motor_demo/package.ps1'
[9.177s] INFO:colcon.colcon_core.shell:Creating package descriptor '/home/abdn/robot_ws/install/serial_motor_demo/share/serial_motor_demo/package.dsv'
[9.180s] INFO:colcon.colcon_core.shell:Creating package script '/home/abdn/robot_ws/install/serial_motor_demo/share/serial_motor_demo/package.sh'
[9.182s] INFO:colcon.colcon_core.shell:Creating package script '/home/abdn/robot_ws/install/serial_motor_demo/share/serial_motor_demo/package.bash'
[9.184s] INFO:colcon.colcon_core.shell:Creating package script '/home/abdn/robot_ws/install/serial_motor_demo/share/serial_motor_demo/package.zsh'
[9.187s] Level 1:colcon.colcon_core.environment:create_file_with_runtime_dependencies(/home/abdn/robot_ws/install/serial_motor_demo/share/colcon-core/packages/serial_motor_demo)
[9.188s] DEBUG:colcon.colcon_parallel_executor.executor.parallel:closing loop
[9.190s] DEBUG:colcon.colcon_parallel_executor.executor.parallel:loop closed
[9.190s] DEBUG:colcon.colcon_parallel_executor.executor.parallel:run_until_complete finished with '0'
[9.191s] DEBUG:colcon.colcon_core.event_reactor:joining thread
[9.194s] DEBUG:colcon.colcon_core.event_reactor:joined thread
[9.195s] INFO:colcon.colcon_core.shell:Creating prefix script '/home/abdn/robot_ws/install/local_setup.ps1'
[9.201s] INFO:colcon.colcon_core.shell:Creating prefix util module '/home/abdn/robot_ws/install/_local_setup_util_ps1.py'
[9.210s] INFO:colcon.colcon_core.shell:Creating prefix chain script '/home/abdn/robot_ws/install/setup.ps1'
[9.217s] INFO:colcon.colcon_core.shell:Creating prefix script '/home/abdn/robot_ws/install/local_setup.sh'
[9.219s] INFO:colcon.colcon_core.shell:Creating prefix util module '/home/abdn/robot_ws/install/_local_setup_util_sh.py'
[9.223s] INFO:colcon.colcon_core.shell:Creating prefix chain script '/home/abdn/robot_ws/install/setup.sh'
[9.230s] INFO:colcon.colcon_core.shell:Creating prefix script '/home/abdn/robot_ws/install/local_setup.bash'
[9.232s] INFO:colcon.colcon_core.shell:Creating prefix chain script '/home/abdn/robot_ws/install/setup.bash'
[9.239s] INFO:colcon.colcon_core.shell:Creating prefix script '/home/abdn/robot_ws/install/local_setup.zsh'
[9.242s] INFO:colcon.colcon_core.shell:Creating prefix chain script '/home/abdn/robot_ws/install/setup.zsh'
