[0.045s] Invoking command in '/home/abdn/robot_ws/build/diffdrive_arduino': CMAKE_PREFIX_PATH=/opt/ros/humble /usr/bin/cmake /home/abdn/robot_ws/src/diffdrive_arduino -DAMENT_CMAKE_SYMLINK_INSTALL=1 -DCMAKE_INSTALL_PREFIX=/home/abdn/robot_ws/install/diffdrive_arduino
[0.097s] -- Found ament_cmake: 1.3.14 (/opt/ros/humble/share/ament_cmake/cmake)
[0.682s] -- Override CMake install command with custom implementation using symlinks instead of copying resources
[0.794s] [31mCMake Error at CMakeLists.txt:19 (find_package):
[0.794s]   By not providing "Findhardware_interface.cmake" in CMAKE_MODULE_PATH this
[0.795s]   project has asked CMake to find a package configuration file provided by
[0.795s]   "hardware_interface", but CMake did not find one.
[0.796s] 
[0.796s]   Could not find a package configuration file provided by
[0.797s]   "hardware_interface" with any of the following names:
[0.798s] 
[0.798s]     hardware_interfaceConfig.cmake
[0.798s]     hardware_interface-config.cmake
[0.799s] 
[0.799s]   Add the installation prefix of "hardware_interface" to CMAKE_PREFIX_PATH or
[0.800s]   set "hardware_interface_DIR" to a directory containing one of the above
[0.801s]   files.  If "hardware_interface" provides a separate development package or
[0.802s]   SDK, be sure it has been installed.
[0.803s] 
[0.805s] [0m
[0.806s] -- Configuring incomplete, errors occurred!
[0.807s] See also "/home/abdn/robot_ws/build/diffdrive_arduino/CMakeFiles/CMakeOutput.log".
[0.808s] Invoked command in '/home/abdn/robot_ws/build/diffdrive_arduino' returned '1': CMAKE_PREFIX_PATH=/opt/ros/humble /usr/bin/cmake /home/abdn/robot_ws/src/diffdrive_arduino -DAMENT_CMAKE_SYMLINK_INSTALL=1 -DCMAKE_INSTALL_PREFIX=/home/abdn/robot_ws/install/diffdrive_arduino
