[0.111s] Invoking command in '/home/abdn/robot_ws/build/diffdrive_arduino': /usr/bin/cmake /home/abdn/robot_ws/src/diffdrive_arduino -DCMAKE_INSTALL_PREFIX=/home/abdn/robot_ws/install/diffdrive_arduino
[0.325s] -- Found ament_cmake: 1.3.14 (/opt/ros/humble/share/ament_cmake/cmake)
[1.316s] Traceback (most recent call last):
[1.319s]   File "/opt/ros/humble/share/ament_cmake_core/cmake/package_templates/templates_2_cmake.py", line 21, in <module>
[1.321s]     from ament_package.templates import get_environment_hook_template_path
[1.323s] ModuleNotFoundError: No module named 'ament_package'
[1.478s] [31mCMake Error at /opt/ros/humble/share/ament_cmake_core/cmake/ament_cmake_package_templates-extras.cmake:41 (message):
[1.478s]   execute_process(/usr/bin/python3
[1.478s]   /opt/ros/humble/share/ament_cmake_core/cmake/package_templates/templates_2_cmake.py
[1.479s]   /home/abdn/robot_ws/build/diffdrive_arduino/ament_cmake_package_templates/templates.cmake)
[1.479s]   returned error code 1
[1.480s] Call Stack (most recent call first):
[1.481s]   /opt/ros/humble/share/ament_cmake_core/cmake/ament_cmake_coreConfig.cmake:41 (include)
[1.481s]   /opt/ros/humble/share/ament_cmake/cmake/ament_cmake_export_dependencies-extras.cmake:15 (find_package)
[1.482s]   /opt/ros/humble/share/ament_cmake/cmake/ament_cmakeConfig.cmake:41 (include)
[1.482s]   CMakeLists.txt:17 (find_package)
[1.482s] 
[1.483s] [0m
[1.483s] -- Configuring incomplete, errors occurred!
[1.483s] See also "/home/abdn/robot_ws/build/diffdrive_arduino/CMakeFiles/CMakeOutput.log".
