[1.017s] DEBUG:colcon:Command line arguments: ['/usr/bin/colcon', 'build']
[1.018s] DEBUG:colcon:Parsed command line arguments: Namespace(log_base=None, log_level=None, verb_name='build', build_base='build', install_base='install', merge_install=False, symlink_install=False, test_result_base=None, continue_on_error=False, executor='parallel', parallel_workers=4, event_handlers=None, ignore_user_meta=False, metas=['./colcon.meta'], base_paths=['.'], packages_ignore=None, packages_ignore_regex=None, paths=None, packages_up_to=None, packages_up_to_regex=None, packages_above=None, packages_above_and_dependencies=None, packages_above_depth=None, packages_select_by_dep=None, packages_skip_by_dep=None, packages_skip_up_to=None, packages_select_build_failed=False, packages_skip_build_finished=False, packages_select_test_failures=False, packages_skip_test_passed=False, packages_select=None, packages_skip=None, packages_select_regex=None, packages_skip_regex=None, packages_start=None, packages_end=None, allow_overriding=[], cmake_args=None, cmake_target=None, cmake_target_skip_unavailable=False, cmake_clean_cache=False, cmake_clean_first=False, cmake_force_configure=False, ament_cmake_args=None, catkin_cmake_args=None, catkin_skip_building_tests=False, mixin_files=None, mixin=None, verb_parser=<colcon_mixin.mixin.mixin_argument.MixinArgumentDecorator object at 0xffff92de1330>, verb_extension=<colcon_core.verb.build.BuildVerb object at 0xffff92efe560>, main=<bound method BuildVerb.main of <colcon_core.verb.build.BuildVerb object at 0xffff92efe560>>, mixin_verb=('build',))
[2.033s] Level 1:colcon.colcon_core.package_discovery:discover_packages(colcon_meta) check parameters
[2.034s] Level 1:colcon.colcon_core.package_discovery:discover_packages(recursive) check parameters
[2.034s] Level 1:colcon.colcon_core.package_discovery:discover_packages(ignore) check parameters
[2.034s] Level 1:colcon.colcon_core.package_discovery:discover_packages(path) check parameters
[2.034s] Level 1:colcon.colcon_core.package_discovery:discover_packages(colcon_meta) discover
[2.035s] Level 1:colcon.colcon_core.package_discovery:discover_packages(recursive) discover
[2.035s] INFO:colcon.colcon_core.package_discovery:Crawling recursively for packages in '/home/abdn/robot_ws'
[2.035s] Level 1:colcon.colcon_core.package_identification:_identify(.) by extensions ['ignore', 'ignore_ament_install']
[2.036s] Level 1:colcon.colcon_core.package_identification:_identify(.) by extension 'ignore'
[2.036s] Level 1:colcon.colcon_core.package_identification:_identify(.) by extension 'ignore_ament_install'
[2.037s] Level 1:colcon.colcon_core.package_identification:_identify(.) by extensions ['colcon_pkg']
[2.037s] Level 1:colcon.colcon_core.package_identification:_identify(.) by extension 'colcon_pkg'
[2.037s] Level 1:colcon.colcon_core.package_identification:_identify(.) by extensions ['colcon_meta']
[2.037s] Level 1:colcon.colcon_core.package_identification:_identify(.) by extension 'colcon_meta'
[2.037s] Level 1:colcon.colcon_core.package_identification:_identify(.) by extensions ['ros']
[2.037s] Level 1:colcon.colcon_core.package_identification:_identify(.) by extension 'ros'
[2.131s] Level 1:colcon.colcon_core.package_identification:_identify(.) by extensions ['cmake', 'python']
[2.131s] Level 1:colcon.colcon_core.package_identification:_identify(.) by extension 'cmake'
[2.131s] Level 1:colcon.colcon_core.package_identification:_identify(.) by extension 'python'
[2.131s] Level 1:colcon.colcon_core.package_identification:_identify(.) by extensions ['python_setup_py']
[2.132s] Level 1:colcon.colcon_core.package_identification:_identify(.) by extension 'python_setup_py'
[2.132s] Level 1:colcon.colcon_core.package_identification:_identify(build) by extensions ['ignore', 'ignore_ament_install']
[2.133s] Level 1:colcon.colcon_core.package_identification:_identify(build) by extension 'ignore'
[2.133s] Level 1:colcon.colcon_core.package_identification:_identify(build) ignored
[2.133s] Level 1:colcon.colcon_core.package_identification:_identify(install) by extensions ['ignore', 'ignore_ament_install']
[2.134s] Level 1:colcon.colcon_core.package_identification:_identify(install) by extension 'ignore'
[2.134s] Level 1:colcon.colcon_core.package_identification:_identify(install) ignored
[2.135s] Level 1:colcon.colcon_core.package_identification:_identify(log) by extensions ['ignore', 'ignore_ament_install']
[2.135s] Level 1:colcon.colcon_core.package_identification:_identify(log) by extension 'ignore'
[2.135s] Level 1:colcon.colcon_core.package_identification:_identify(log) ignored
[2.136s] Level 1:colcon.colcon_core.package_identification:_identify(src) by extensions ['ignore', 'ignore_ament_install']
[2.136s] Level 1:colcon.colcon_core.package_identification:_identify(src) by extension 'ignore'
[2.136s] Level 1:colcon.colcon_core.package_identification:_identify(src) by extension 'ignore_ament_install'
[2.137s] Level 1:colcon.colcon_core.package_identification:_identify(src) by extensions ['colcon_pkg']
[2.137s] Level 1:colcon.colcon_core.package_identification:_identify(src) by extension 'colcon_pkg'
[2.137s] Level 1:colcon.colcon_core.package_identification:_identify(src) by extensions ['colcon_meta']
[2.137s] Level 1:colcon.colcon_core.package_identification:_identify(src) by extension 'colcon_meta'
[2.137s] Level 1:colcon.colcon_core.package_identification:_identify(src) by extensions ['ros']
[2.137s] Level 1:colcon.colcon_core.package_identification:_identify(src) by extension 'ros'
[2.138s] Level 1:colcon.colcon_core.package_identification:_identify(src) by extensions ['cmake', 'python']
[2.138s] Level 1:colcon.colcon_core.package_identification:_identify(src) by extension 'cmake'
[2.138s] Level 1:colcon.colcon_core.package_identification:_identify(src) by extension 'python'
[2.138s] Level 1:colcon.colcon_core.package_identification:_identify(src) by extensions ['python_setup_py']
[2.138s] Level 1:colcon.colcon_core.package_identification:_identify(src) by extension 'python_setup_py'
[2.145s] Level 1:colcon.colcon_core.package_identification:_identify(src/articubot_one) by extensions ['ignore', 'ignore_ament_install']
[2.146s] Level 1:colcon.colcon_core.package_identification:_identify(src/articubot_one) by extension 'ignore'
[2.146s] Level 1:colcon.colcon_core.package_identification:_identify(src/articubot_one) by extension 'ignore_ament_install'
[2.146s] Level 1:colcon.colcon_core.package_identification:_identify(src/articubot_one) by extensions ['colcon_pkg']
[2.146s] Level 1:colcon.colcon_core.package_identification:_identify(src/articubot_one) by extension 'colcon_pkg'
[2.147s] Level 1:colcon.colcon_core.package_identification:_identify(src/articubot_one) by extensions ['colcon_meta']
[2.147s] Level 1:colcon.colcon_core.package_identification:_identify(src/articubot_one) by extension 'colcon_meta'
[2.147s] Level 1:colcon.colcon_core.package_identification:_identify(src/articubot_one) by extensions ['ros']
[2.147s] Level 1:colcon.colcon_core.package_identification:_identify(src/articubot_one) by extension 'ros'
[2.162s] DEBUG:colcon.colcon_core.package_identification:Package 'src/articubot_one' with type 'ros.ament_cmake' and name 'articubot_one'
[2.163s] Level 1:colcon.colcon_core.package_identification:_identify(src/diffdrive_arduino) by extensions ['ignore', 'ignore_ament_install']
[2.164s] Level 1:colcon.colcon_core.package_identification:_identify(src/diffdrive_arduino) by extension 'ignore'
[2.164s] Level 1:colcon.colcon_core.package_identification:_identify(src/diffdrive_arduino) by extension 'ignore_ament_install'
[2.165s] Level 1:colcon.colcon_core.package_identification:_identify(src/diffdrive_arduino) by extensions ['colcon_pkg']
[2.165s] Level 1:colcon.colcon_core.package_identification:_identify(src/diffdrive_arduino) by extension 'colcon_pkg'
[2.165s] Level 1:colcon.colcon_core.package_identification:_identify(src/diffdrive_arduino) by extensions ['colcon_meta']
[2.165s] Level 1:colcon.colcon_core.package_identification:_identify(src/diffdrive_arduino) by extension 'colcon_meta'
[2.165s] Level 1:colcon.colcon_core.package_identification:_identify(src/diffdrive_arduino) by extensions ['ros']
[2.166s] Level 1:colcon.colcon_core.package_identification:_identify(src/diffdrive_arduino) by extension 'ros'
[2.177s] DEBUG:colcon.colcon_core.package_identification:Package 'src/diffdrive_arduino' with type 'ros.ament_cmake' and name 'diffdrive_arduino'
[2.179s] Level 1:colcon.colcon_core.package_identification:_identify(src/my_bot) by extensions ['ignore', 'ignore_ament_install']
[2.179s] Level 1:colcon.colcon_core.package_identification:_identify(src/my_bot) by extension 'ignore'
[2.179s] Level 1:colcon.colcon_core.package_identification:_identify(src/my_bot) by extension 'ignore_ament_install'
[2.180s] Level 1:colcon.colcon_core.package_identification:_identify(src/my_bot) by extensions ['colcon_pkg']
[2.180s] Level 1:colcon.colcon_core.package_identification:_identify(src/my_bot) by extension 'colcon_pkg'
[2.180s] Level 1:colcon.colcon_core.package_identification:_identify(src/my_bot) by extensions ['colcon_meta']
[2.180s] Level 1:colcon.colcon_core.package_identification:_identify(src/my_bot) by extension 'colcon_meta'
[2.180s] Level 1:colcon.colcon_core.package_identification:_identify(src/my_bot) by extensions ['ros']
[2.181s] Level 1:colcon.colcon_core.package_identification:_identify(src/my_bot) by extension 'ros'
[2.184s] DEBUG:colcon.colcon_core.package_identification:Package 'src/my_bot' with type 'ros.ament_cmake' and name 'my_bot'
[2.184s] Level 1:colcon.colcon_core.package_identification:_identify(src/serial_motor_demo) by extensions ['ignore', 'ignore_ament_install']
[2.185s] Level 1:colcon.colcon_core.package_identification:_identify(src/serial_motor_demo) by extension 'ignore'
[2.185s] Level 1:colcon.colcon_core.package_identification:_identify(src/serial_motor_demo) by extension 'ignore_ament_install'
[2.185s] Level 1:colcon.colcon_core.package_identification:_identify(src/serial_motor_demo) by extensions ['colcon_pkg']
[2.185s] Level 1:colcon.colcon_core.package_identification:_identify(src/serial_motor_demo) by extension 'colcon_pkg'
[2.186s] Level 1:colcon.colcon_core.package_identification:_identify(src/serial_motor_demo) by extensions ['colcon_meta']
[2.186s] Level 1:colcon.colcon_core.package_identification:_identify(src/serial_motor_demo) by extension 'colcon_meta'
[2.186s] Level 1:colcon.colcon_core.package_identification:_identify(src/serial_motor_demo) by extensions ['ros']
[2.186s] Level 1:colcon.colcon_core.package_identification:_identify(src/serial_motor_demo) by extension 'ros'
[2.186s] Level 1:colcon.colcon_core.package_identification:_identify(src/serial_motor_demo) by extensions ['cmake', 'python']
[2.187s] Level 1:colcon.colcon_core.package_identification:_identify(src/serial_motor_demo) by extension 'cmake'
[2.187s] Level 1:colcon.colcon_core.package_identification:_identify(src/serial_motor_demo) by extension 'python'
[2.187s] Level 1:colcon.colcon_core.package_identification:_identify(src/serial_motor_demo) by extensions ['python_setup_py']
[2.187s] Level 1:colcon.colcon_core.package_identification:_identify(src/serial_motor_demo) by extension 'python_setup_py'
[2.188s] Level 1:colcon.colcon_core.package_identification:_identify(src/serial_motor_demo/serial_motor_demo) by extensions ['ignore', 'ignore_ament_install']
[2.188s] Level 1:colcon.colcon_core.package_identification:_identify(src/serial_motor_demo/serial_motor_demo) by extension 'ignore'
[2.188s] Level 1:colcon.colcon_core.package_identification:_identify(src/serial_motor_demo/serial_motor_demo) by extension 'ignore_ament_install'
[2.189s] Level 1:colcon.colcon_core.package_identification:_identify(src/serial_motor_demo/serial_motor_demo) by extensions ['colcon_pkg']
[2.189s] Level 1:colcon.colcon_core.package_identification:_identify(src/serial_motor_demo/serial_motor_demo) by extension 'colcon_pkg'
[2.189s] Level 1:colcon.colcon_core.package_identification:_identify(src/serial_motor_demo/serial_motor_demo) by extensions ['colcon_meta']
[2.189s] Level 1:colcon.colcon_core.package_identification:_identify(src/serial_motor_demo/serial_motor_demo) by extension 'colcon_meta'
[2.189s] Level 1:colcon.colcon_core.package_identification:_identify(src/serial_motor_demo/serial_motor_demo) by extensions ['ros']
[2.190s] Level 1:colcon.colcon_core.package_identification:_identify(src/serial_motor_demo/serial_motor_demo) by extension 'ros'
[2.193s] DEBUG:colcon.colcon_core.package_identification:Package 'src/serial_motor_demo/serial_motor_demo' with type 'ros.ament_python' and name 'serial_motor_demo'
[2.193s] Level 1:colcon.colcon_core.package_identification:_identify(src/serial_motor_demo/serial_motor_demo_msgs) by extensions ['ignore', 'ignore_ament_install']
[2.194s] Level 1:colcon.colcon_core.package_identification:_identify(src/serial_motor_demo/serial_motor_demo_msgs) by extension 'ignore'
[2.194s] Level 1:colcon.colcon_core.package_identification:_identify(src/serial_motor_demo/serial_motor_demo_msgs) by extension 'ignore_ament_install'
[2.194s] Level 1:colcon.colcon_core.package_identification:_identify(src/serial_motor_demo/serial_motor_demo_msgs) by extensions ['colcon_pkg']
[2.195s] Level 1:colcon.colcon_core.package_identification:_identify(src/serial_motor_demo/serial_motor_demo_msgs) by extension 'colcon_pkg'
[2.195s] Level 1:colcon.colcon_core.package_identification:_identify(src/serial_motor_demo/serial_motor_demo_msgs) by extensions ['colcon_meta']
[2.195s] Level 1:colcon.colcon_core.package_identification:_identify(src/serial_motor_demo/serial_motor_demo_msgs) by extension 'colcon_meta'
[2.195s] Level 1:colcon.colcon_core.package_identification:_identify(src/serial_motor_demo/serial_motor_demo_msgs) by extensions ['ros']
[2.195s] Level 1:colcon.colcon_core.package_identification:_identify(src/serial_motor_demo/serial_motor_demo_msgs) by extension 'ros'
[2.198s] DEBUG:colcon.colcon_core.package_identification:Package 'src/serial_motor_demo/serial_motor_demo_msgs' with type 'ros.ament_cmake' and name 'serial_motor_demo_msgs'
[2.198s] Level 1:colcon.colcon_core.package_discovery:discover_packages(recursive) using defaults
[2.198s] Level 1:colcon.colcon_core.package_discovery:discover_packages(ignore) discover
[2.199s] Level 1:colcon.colcon_core.package_discovery:discover_packages(ignore) using defaults
[2.199s] Level 1:colcon.colcon_core.package_discovery:discover_packages(path) discover
[2.199s] Level 1:colcon.colcon_core.package_discovery:discover_packages(path) using defaults
[2.359s] Level 1:colcon.colcon_core.package_discovery:discover_packages(prefix_path) check parameters
[2.359s] Level 1:colcon.colcon_core.package_discovery:discover_packages(prefix_path) discover
[2.367s] Level 1:colcon.colcon_core.package_discovery:discover_packages(prefix_path) using defaults
[2.375s] Level 5:colcon.colcon_core.verb:set package 'articubot_one' build argument 'cmake_args' from command line to 'None'
[2.375s] Level 5:colcon.colcon_core.verb:set package 'articubot_one' build argument 'cmake_target' from command line to 'None'
[2.375s] Level 5:colcon.colcon_core.verb:set package 'articubot_one' build argument 'cmake_target_skip_unavailable' from command line to 'False'
[2.376s] Level 5:colcon.colcon_core.verb:set package 'articubot_one' build argument 'cmake_clean_cache' from command line to 'False'
[2.376s] Level 5:colcon.colcon_core.verb:set package 'articubot_one' build argument 'cmake_clean_first' from command line to 'False'
[2.376s] Level 5:colcon.colcon_core.verb:set package 'articubot_one' build argument 'cmake_force_configure' from command line to 'False'
[2.376s] Level 5:colcon.colcon_core.verb:set package 'articubot_one' build argument 'ament_cmake_args' from command line to 'None'
[2.376s] Level 5:colcon.colcon_core.verb:set package 'articubot_one' build argument 'catkin_cmake_args' from command line to 'None'
[2.376s] Level 5:colcon.colcon_core.verb:set package 'articubot_one' build argument 'catkin_skip_building_tests' from command line to 'False'
[2.376s] DEBUG:colcon.colcon_core.verb:Building package 'articubot_one' with the following arguments: {'ament_cmake_args': None, 'build_base': '/home/abdn/robot_ws/build/articubot_one', 'catkin_cmake_args': None, 'catkin_skip_building_tests': False, 'cmake_args': None, 'cmake_clean_cache': False, 'cmake_clean_first': False, 'cmake_force_configure': False, 'cmake_target': None, 'cmake_target_skip_unavailable': False, 'install_base': '/home/abdn/robot_ws/install/articubot_one', 'merge_install': False, 'path': '/home/abdn/robot_ws/src/articubot_one', 'symlink_install': False, 'test_result_base': None}
[2.378s] Level 5:colcon.colcon_core.verb:set package 'diffdrive_arduino' build argument 'cmake_args' from command line to 'None'
[2.378s] Level 5:colcon.colcon_core.verb:set package 'diffdrive_arduino' build argument 'cmake_target' from command line to 'None'
[2.379s] Level 5:colcon.colcon_core.verb:set package 'diffdrive_arduino' build argument 'cmake_target_skip_unavailable' from command line to 'False'
[2.379s] Level 5:colcon.colcon_core.verb:set package 'diffdrive_arduino' build argument 'cmake_clean_cache' from command line to 'False'
[2.379s] Level 5:colcon.colcon_core.verb:set package 'diffdrive_arduino' build argument 'cmake_clean_first' from command line to 'False'
[2.379s] Level 5:colcon.colcon_core.verb:set package 'diffdrive_arduino' build argument 'cmake_force_configure' from command line to 'False'
[2.379s] Level 5:colcon.colcon_core.verb:set package 'diffdrive_arduino' build argument 'ament_cmake_args' from command line to 'None'
[2.379s] Level 5:colcon.colcon_core.verb:set package 'diffdrive_arduino' build argument 'catkin_cmake_args' from command line to 'None'
[2.380s] Level 5:colcon.colcon_core.verb:set package 'diffdrive_arduino' build argument 'catkin_skip_building_tests' from command line to 'False'
[2.380s] DEBUG:colcon.colcon_core.verb:Building package 'diffdrive_arduino' with the following arguments: {'ament_cmake_args': None, 'build_base': '/home/abdn/robot_ws/build/diffdrive_arduino', 'catkin_cmake_args': None, 'catkin_skip_building_tests': False, 'cmake_args': None, 'cmake_clean_cache': False, 'cmake_clean_first': False, 'cmake_force_configure': False, 'cmake_target': None, 'cmake_target_skip_unavailable': False, 'install_base': '/home/abdn/robot_ws/install/diffdrive_arduino', 'merge_install': False, 'path': '/home/abdn/robot_ws/src/diffdrive_arduino', 'symlink_install': False, 'test_result_base': None}
[2.381s] Level 5:colcon.colcon_core.verb:set package 'my_bot' build argument 'cmake_args' from command line to 'None'
[2.382s] Level 5:colcon.colcon_core.verb:set package 'my_bot' build argument 'cmake_target' from command line to 'None'
[2.382s] Level 5:colcon.colcon_core.verb:set package 'my_bot' build argument 'cmake_target_skip_unavailable' from command line to 'False'
[2.382s] Level 5:colcon.colcon_core.verb:set package 'my_bot' build argument 'cmake_clean_cache' from command line to 'False'
[2.382s] Level 5:colcon.colcon_core.verb:set package 'my_bot' build argument 'cmake_clean_first' from command line to 'False'
[2.382s] Level 5:colcon.colcon_core.verb:set package 'my_bot' build argument 'cmake_force_configure' from command line to 'False'
[2.382s] Level 5:colcon.colcon_core.verb:set package 'my_bot' build argument 'ament_cmake_args' from command line to 'None'
[2.382s] Level 5:colcon.colcon_core.verb:set package 'my_bot' build argument 'catkin_cmake_args' from command line to 'None'
[2.383s] Level 5:colcon.colcon_core.verb:set package 'my_bot' build argument 'catkin_skip_building_tests' from command line to 'False'
[2.383s] DEBUG:colcon.colcon_core.verb:Building package 'my_bot' with the following arguments: {'ament_cmake_args': None, 'build_base': '/home/abdn/robot_ws/build/my_bot', 'catkin_cmake_args': None, 'catkin_skip_building_tests': False, 'cmake_args': None, 'cmake_clean_cache': False, 'cmake_clean_first': False, 'cmake_force_configure': False, 'cmake_target': None, 'cmake_target_skip_unavailable': False, 'install_base': '/home/abdn/robot_ws/install/my_bot', 'merge_install': False, 'path': '/home/abdn/robot_ws/src/my_bot', 'symlink_install': False, 'test_result_base': None}
[2.385s] Level 5:colcon.colcon_core.verb:set package 'serial_motor_demo_msgs' build argument 'cmake_args' from command line to 'None'
[2.385s] Level 5:colcon.colcon_core.verb:set package 'serial_motor_demo_msgs' build argument 'cmake_target' from command line to 'None'
[2.385s] Level 5:colcon.colcon_core.verb:set package 'serial_motor_demo_msgs' build argument 'cmake_target_skip_unavailable' from command line to 'False'
[2.385s] Level 5:colcon.colcon_core.verb:set package 'serial_motor_demo_msgs' build argument 'cmake_clean_cache' from command line to 'False'
[2.385s] Level 5:colcon.colcon_core.verb:set package 'serial_motor_demo_msgs' build argument 'cmake_clean_first' from command line to 'False'
[2.385s] Level 5:colcon.colcon_core.verb:set package 'serial_motor_demo_msgs' build argument 'cmake_force_configure' from command line to 'False'
[2.386s] Level 5:colcon.colcon_core.verb:set package 'serial_motor_demo_msgs' build argument 'ament_cmake_args' from command line to 'None'
[2.386s] Level 5:colcon.colcon_core.verb:set package 'serial_motor_demo_msgs' build argument 'catkin_cmake_args' from command line to 'None'
[2.386s] Level 5:colcon.colcon_core.verb:set package 'serial_motor_demo_msgs' build argument 'catkin_skip_building_tests' from command line to 'False'
[2.386s] DEBUG:colcon.colcon_core.verb:Building package 'serial_motor_demo_msgs' with the following arguments: {'ament_cmake_args': None, 'build_base': '/home/abdn/robot_ws/build/serial_motor_demo_msgs', 'catkin_cmake_args': None, 'catkin_skip_building_tests': False, 'cmake_args': None, 'cmake_clean_cache': False, 'cmake_clean_first': False, 'cmake_force_configure': False, 'cmake_target': None, 'cmake_target_skip_unavailable': False, 'install_base': '/home/abdn/robot_ws/install/serial_motor_demo_msgs', 'merge_install': False, 'path': '/home/abdn/robot_ws/src/serial_motor_demo/serial_motor_demo_msgs', 'symlink_install': False, 'test_result_base': None}
[2.388s] Level 5:colcon.colcon_core.verb:set package 'serial_motor_demo' build argument 'cmake_args' from command line to 'None'
[2.388s] Level 5:colcon.colcon_core.verb:set package 'serial_motor_demo' build argument 'cmake_target' from command line to 'None'
[2.388s] Level 5:colcon.colcon_core.verb:set package 'serial_motor_demo' build argument 'cmake_target_skip_unavailable' from command line to 'False'
[2.388s] Level 5:colcon.colcon_core.verb:set package 'serial_motor_demo' build argument 'cmake_clean_cache' from command line to 'False'
[2.388s] Level 5:colcon.colcon_core.verb:set package 'serial_motor_demo' build argument 'cmake_clean_first' from command line to 'False'
[2.388s] Level 5:colcon.colcon_core.verb:set package 'serial_motor_demo' build argument 'cmake_force_configure' from command line to 'False'
[2.388s] Level 5:colcon.colcon_core.verb:set package 'serial_motor_demo' build argument 'ament_cmake_args' from command line to 'None'
[2.388s] Level 5:colcon.colcon_core.verb:set package 'serial_motor_demo' build argument 'catkin_cmake_args' from command line to 'None'
[2.389s] Level 5:colcon.colcon_core.verb:set package 'serial_motor_demo' build argument 'catkin_skip_building_tests' from command line to 'False'
[2.389s] DEBUG:colcon.colcon_core.verb:Building package 'serial_motor_demo' with the following arguments: {'ament_cmake_args': None, 'build_base': '/home/abdn/robot_ws/build/serial_motor_demo', 'catkin_cmake_args': None, 'catkin_skip_building_tests': False, 'cmake_args': None, 'cmake_clean_cache': False, 'cmake_clean_first': False, 'cmake_force_configure': False, 'cmake_target': None, 'cmake_target_skip_unavailable': False, 'install_base': '/home/abdn/robot_ws/install/serial_motor_demo', 'merge_install': False, 'path': '/home/abdn/robot_ws/src/serial_motor_demo/serial_motor_demo', 'symlink_install': False, 'test_result_base': None}
[2.389s] INFO:colcon.colcon_core.executor:Executing jobs using 'parallel' executor
[2.393s] DEBUG:colcon.colcon_parallel_executor.executor.parallel:run_until_complete
[2.394s] INFO:colcon.colcon_ros.task.ament_cmake.build:Building ROS package in '/home/abdn/robot_ws/src/serial_motor_demo/serial_motor_demo_msgs' with build type 'ament_cmake'
[2.395s] INFO:colcon.colcon_cmake.task.cmake.build:Building CMake package in '/home/abdn/robot_ws/src/serial_motor_demo/serial_motor_demo_msgs'
[2.423s] INFO:colcon.colcon_core.plugin_system:Skipping extension 'colcon_core.shell.bat': Not used on non-Windows systems
[2.424s] INFO:colcon.colcon_core.shell:Skip shell extension 'powershell' for command environment: Not usable outside of PowerShell
[2.424s] DEBUG:colcon.colcon_core.shell:Skip shell extension 'dsv' for command environment
[2.434s] INFO:colcon.colcon_ros.task.ament_cmake.build:Building ROS package in '/home/abdn/robot_ws/src/articubot_one' with build type 'ament_cmake'
[2.434s] INFO:colcon.colcon_cmake.task.cmake.build:Building CMake package in '/home/abdn/robot_ws/src/articubot_one'
[2.436s] INFO:colcon.colcon_core.shell:Skip shell extension 'powershell' for command environment: Not usable outside of PowerShell
[2.436s] DEBUG:colcon.colcon_core.shell:Skip shell extension 'dsv' for command environment
[2.449s] INFO:colcon.colcon_ros.task.ament_cmake.build:Building ROS package in '/home/abdn/robot_ws/src/diffdrive_arduino' with build type 'ament_cmake'
[2.449s] INFO:colcon.colcon_cmake.task.cmake.build:Building CMake package in '/home/abdn/robot_ws/src/diffdrive_arduino'
[2.451s] INFO:colcon.colcon_core.shell:Skip shell extension 'powershell' for command environment: Not usable outside of PowerShell
[2.452s] DEBUG:colcon.colcon_core.shell:Skip shell extension 'dsv' for command environment
[2.463s] INFO:colcon.colcon_ros.task.ament_cmake.build:Building ROS package in '/home/abdn/robot_ws/src/my_bot' with build type 'ament_cmake'
[2.463s] INFO:colcon.colcon_cmake.task.cmake.build:Building CMake package in '/home/abdn/robot_ws/src/my_bot'
[2.465s] INFO:colcon.colcon_core.shell:Skip shell extension 'powershell' for command environment: Not usable outside of PowerShell
[2.465s] DEBUG:colcon.colcon_core.shell:Skip shell extension 'dsv' for command environment
[2.486s] DEBUG:colcon.colcon_core.event_handler.log_command:Invoking command in '/home/abdn/robot_ws/build/serial_motor_demo_msgs': /usr/bin/cmake /home/abdn/robot_ws/src/serial_motor_demo/serial_motor_demo_msgs -DCMAKE_INSTALL_PREFIX=/home/abdn/robot_ws/install/serial_motor_demo_msgs
[2.532s] DEBUG:colcon.colcon_core.event_handler.log_command:Invoking command in '/home/abdn/robot_ws/build/articubot_one': /usr/bin/cmake /home/abdn/robot_ws/src/articubot_one -DCMAKE_INSTALL_PREFIX=/home/abdn/robot_ws/install/articubot_one
[2.561s] DEBUG:colcon.colcon_core.event_handler.log_command:Invoking command in '/home/abdn/robot_ws/build/diffdrive_arduino': /usr/bin/cmake /home/abdn/robot_ws/src/diffdrive_arduino -DCMAKE_INSTALL_PREFIX=/home/abdn/robot_ws/install/diffdrive_arduino
[2.617s] DEBUG:colcon.colcon_core.event_handler.log_command:Invoking command in '/home/abdn/robot_ws/build/my_bot': /usr/bin/cmake /home/abdn/robot_ws/src/my_bot -DCMAKE_INSTALL_PREFIX=/home/abdn/robot_ws/install/my_bot
[3.947s] DEBUG:colcon.colcon_core.event_handler.log_command:Invoked command in '/home/abdn/robot_ws/build/articubot_one' returned '1': /usr/bin/cmake /home/abdn/robot_ws/src/articubot_one -DCMAKE_INSTALL_PREFIX=/home/abdn/robot_ws/install/articubot_one
[3.961s] Level 1:colcon.colcon_core.environment:create_environment_scripts_only(articubot_one)
[4.020s] Level 1:colcon.colcon_core.environment:checking '/home/abdn/robot_ws/install/articubot_one' for CMake module files
[4.051s] Level 1:colcon.colcon_core.environment:checking '/home/abdn/robot_ws/install/articubot_one' for CMake config files
[4.080s] Level 1:colcon.colcon_core.shell:create_environment_hook('articubot_one', 'cmake_prefix_path')
[4.082s] INFO:colcon.colcon_core.shell:Creating environment hook '/home/abdn/robot_ws/install/articubot_one/share/articubot_one/hook/cmake_prefix_path.ps1'
[4.088s] INFO:colcon.colcon_core.shell:Creating environment descriptor '/home/abdn/robot_ws/install/articubot_one/share/articubot_one/hook/cmake_prefix_path.dsv'
[4.092s] INFO:colcon.colcon_core.shell:Creating environment hook '/home/abdn/robot_ws/install/articubot_one/share/articubot_one/hook/cmake_prefix_path.sh'
[4.098s] Level 1:colcon.colcon_core.environment:checking '/home/abdn/robot_ws/install/articubot_one/bin'
[4.099s] Level 1:colcon.colcon_core.environment:checking '/home/abdn/robot_ws/install/articubot_one/lib/pkgconfig/articubot_one.pc'
[4.110s] Level 1:colcon.colcon_core.environment:checking '/home/abdn/robot_ws/install/articubot_one/lib/python3.10/site-packages'
[4.112s] Level 1:colcon.colcon_core.environment:checking '/home/abdn/robot_ws/install/articubot_one/bin'
[4.113s] INFO:colcon.colcon_core.shell:Creating package script '/home/abdn/robot_ws/install/articubot_one/share/articubot_one/package.ps1'
[4.120s] INFO:colcon.colcon_core.shell:Creating package descriptor '/home/abdn/robot_ws/install/articubot_one/share/articubot_one/package.dsv'
[4.127s] INFO:colcon.colcon_core.shell:Creating package script '/home/abdn/robot_ws/install/articubot_one/share/articubot_one/package.sh'
[4.134s] INFO:colcon.colcon_core.shell:Creating package script '/home/abdn/robot_ws/install/articubot_one/share/articubot_one/package.bash'
[4.151s] INFO:colcon.colcon_core.shell:Creating package script '/home/abdn/robot_ws/install/articubot_one/share/articubot_one/package.zsh'
[4.161s] Level 1:colcon.colcon_core.environment:create_file_with_runtime_dependencies(/home/abdn/robot_ws/install/articubot_one/share/colcon-core/packages/articubot_one)
[5.556s] DEBUG:colcon.colcon_parallel_executor.executor.parallel:closing loop
[5.557s] DEBUG:colcon.colcon_parallel_executor.executor.parallel:loop closed
[5.558s] DEBUG:colcon.colcon_parallel_executor.executor.parallel:run_until_complete finished with '1'
[5.558s] DEBUG:colcon.colcon_core.event_reactor:joining thread
[5.560s] DEBUG:colcon.colcon_core.event_reactor:joined thread
[5.562s] INFO:colcon.colcon_core.shell:Creating prefix script '/home/abdn/robot_ws/install/local_setup.ps1'
[5.574s] INFO:colcon.colcon_core.shell:Creating prefix util module '/home/abdn/robot_ws/install/_local_setup_util_ps1.py'
[5.584s] INFO:colcon.colcon_core.shell:Creating prefix chain script '/home/abdn/robot_ws/install/setup.ps1'
[5.595s] INFO:colcon.colcon_core.shell:Creating prefix script '/home/abdn/robot_ws/install/local_setup.sh'
[5.600s] INFO:colcon.colcon_core.shell:Creating prefix util module '/home/abdn/robot_ws/install/_local_setup_util_sh.py'
[5.604s] INFO:colcon.colcon_core.shell:Creating prefix chain script '/home/abdn/robot_ws/install/setup.sh'
[5.609s] INFO:colcon.colcon_core.shell:Creating prefix script '/home/abdn/robot_ws/install/local_setup.bash'
[5.613s] INFO:colcon.colcon_core.shell:Creating prefix chain script '/home/abdn/robot_ws/install/setup.bash'
[5.618s] INFO:colcon.colcon_core.shell:Creating prefix script '/home/abdn/robot_ws/install/local_setup.zsh'
[5.621s] INFO:colcon.colcon_core.shell:Creating prefix chain script '/home/abdn/robot_ws/install/setup.zsh'
