[0.112s] Invoking command in '/home/abdn/robot_ws/build/diffdrive_arduino': CMAKE_PREFIX_PATH=${CMAKE_PREFIX_PATH}:/home/abdn/robot_ws/install/serial_motor_demo:/opt/ros/humble /usr/bin/cmake --build /home/abdn/robot_ws/build/diffdrive_arduino -- -j4 -l4
[0.931s] [100%] Built target diffdrive_arduino
[1.096s] Invoked command in '/home/abdn/robot_ws/build/diffdrive_arduino' returned '0': CMAKE_PREFIX_PATH=${CMAKE_PREFIX_PATH}:/home/abdn/robot_ws/install/serial_motor_demo:/opt/ros/humble /usr/bin/cmake --build /home/abdn/robot_ws/build/diffdrive_arduino -- -j4 -l4
[1.111s] Invoking command in '/home/abdn/robot_ws/build/diffdrive_arduino': CMAKE_PREFIX_PATH=${CMAKE_PREFIX_PATH}:/home/abdn/robot_ws/install/serial_motor_demo:/opt/ros/humble /usr/bin/cmake --install /home/abdn/robot_ws/build/diffdrive_arduino
[1.150s] -- Install configuration: ""
[1.155s] -- Execute custom install script
[1.158s] -- Up-to-date symlink: /home/abdn/robot_ws/install/diffdrive_arduino/share/diffdrive_arduino//diffdrive_arduino.xml
[1.161s] -- Up-to-date symlink: /home/abdn/robot_ws/install/diffdrive_arduino/include/diffdrive_arduino/diffdrive_arduino/arduino_comms.hpp
[1.163s] -- Up-to-date symlink: /home/abdn/robot_ws/install/diffdrive_arduino/include/diffdrive_arduino/diffdrive_arduino/diffbot_system.hpp
[1.165s] -- Up-to-date symlink: /home/abdn/robot_ws/install/diffdrive_arduino/include/diffdrive_arduino/diffdrive_arduino/visibility_control.h
[1.168s] -- Up-to-date symlink: /home/abdn/robot_ws/install/diffdrive_arduino/include/diffdrive_arduino/diffdrive_arduino/wheel.hpp
[1.171s] -- Up-to-date symlink: /home/abdn/robot_ws/install/diffdrive_arduino/share/diffdrive_arduino/launch/view_robot.launch.py
[1.173s] -- Up-to-date symlink: /home/abdn/robot_ws/install/diffdrive_arduino/share/diffdrive_arduino/ros2_control/diffbot.ros2_control.xacro
[1.177s] -- Up-to-date symlink: /home/abdn/robot_ws/install/diffdrive_arduino/share/diffdrive_arduino/urdf/diffbot.materials.xacro
[1.179s] -- Up-to-date symlink: /home/abdn/robot_ws/install/diffdrive_arduino/share/diffdrive_arduino/urdf/diffbot.urdf.xacro
[1.181s] -- Up-to-date symlink: /home/abdn/robot_ws/install/diffdrive_arduino/share/diffdrive_arduino/urdf/diffbot_description.urdf.xacro
[1.183s] -- Up-to-date symlink: /home/abdn/robot_ws/install/diffdrive_arduino/share/diffdrive_arduino/rviz/diffbot.rviz
[1.184s] -- Up-to-date symlink: /home/abdn/robot_ws/install/diffdrive_arduino/share/diffdrive_arduino/rviz/diffbot_view.rviz
[1.188s] -- Up-to-date symlink: /home/abdn/robot_ws/install/diffdrive_arduino/share/diffdrive_arduino/launch/diffbot.launch.py
[1.190s] -- Up-to-date symlink: /home/abdn/robot_ws/install/diffdrive_arduino/share/diffdrive_arduino/config/diffbot_controllers.yaml
[1.194s] -- Up-to-date symlink: /home/abdn/robot_ws/install/diffdrive_arduino/share/diffdrive_arduino/environment/library_path.sh
[1.196s] -- Up-to-date symlink: /home/abdn/robot_ws/install/diffdrive_arduino/share/diffdrive_arduino/environment/library_path.dsv
[1.199s] -- Up-to-date symlink: /home/abdn/robot_ws/install/diffdrive_arduino/share/ament_index/resource_index/package_run_dependencies/diffdrive_arduino
[1.202s] -- Up-to-date symlink: /home/abdn/robot_ws/install/diffdrive_arduino/share/ament_index/resource_index/parent_prefix_path/diffdrive_arduino
[1.205s] -- Up-to-date symlink: /home/abdn/robot_ws/install/diffdrive_arduino/share/diffdrive_arduino/environment/ament_prefix_path.sh
[1.207s] -- Up-to-date symlink: /home/abdn/robot_ws/install/diffdrive_arduino/share/diffdrive_arduino/environment/ament_prefix_path.dsv
[1.211s] -- Up-to-date symlink: /home/abdn/robot_ws/install/diffdrive_arduino/share/diffdrive_arduino/environment/path.sh
[1.215s] -- Up-to-date symlink: /home/abdn/robot_ws/install/diffdrive_arduino/share/diffdrive_arduino/environment/path.dsv
[1.217s] -- Up-to-date symlink: /home/abdn/robot_ws/install/diffdrive_arduino/share/diffdrive_arduino/local_setup.bash
[1.218s] -- Up-to-date symlink: /home/abdn/robot_ws/install/diffdrive_arduino/share/diffdrive_arduino/local_setup.sh
[1.220s] -- Up-to-date symlink: /home/abdn/robot_ws/install/diffdrive_arduino/share/diffdrive_arduino/local_setup.zsh
[1.222s] -- Up-to-date symlink: /home/abdn/robot_ws/install/diffdrive_arduino/share/diffdrive_arduino/local_setup.dsv
[1.224s] -- Symlinking: /home/abdn/robot_ws/install/diffdrive_arduino/share/diffdrive_arduino/package.dsv
[1.263s] -- Up-to-date symlink: /home/abdn/robot_ws/install/diffdrive_arduino/share/ament_index/resource_index/packages/diffdrive_arduino
[1.276s] -- Up-to-date symlink: /home/abdn/robot_ws/install/diffdrive_arduino/share/ament_index/resource_index/hardware_interface__pluginlib__plugin/diffdrive_arduino
[1.279s] -- Up-to-date symlink: /home/abdn/robot_ws/install/diffdrive_arduino/share/diffdrive_arduino/cmake/ament_cmake_export_targets-extras.cmake
[1.282s] -- Up-to-date symlink: /home/abdn/robot_ws/install/diffdrive_arduino/share/diffdrive_arduino/cmake/ament_cmake_export_dependencies-extras.cmake
[1.284s] -- Up-to-date symlink: /home/abdn/robot_ws/install/diffdrive_arduino/share/diffdrive_arduino/cmake/diffdrive_arduinoConfig.cmake
[1.287s] -- Up-to-date symlink: /home/abdn/robot_ws/install/diffdrive_arduino/share/diffdrive_arduino/cmake/diffdrive_arduinoConfig-version.cmake
[1.289s] -- Up-to-date symlink: /home/abdn/robot_ws/install/diffdrive_arduino/share/diffdrive_arduino/package.xml
[1.294s] -- Up-to-date: /home/abdn/robot_ws/install/diffdrive_arduino/lib/libdiffdrive_arduino.so
[1.298s] -- Up-to-date: /home/abdn/robot_ws/install/diffdrive_arduino/share/diffdrive_arduino/cmake/export_diffdrive_arduinoExport.cmake
[1.300s] -- Up-to-date: /home/abdn/robot_ws/install/diffdrive_arduino/share/diffdrive_arduino/cmake/export_diffdrive_arduinoExport-noconfig.cmake
[1.311s] Invoked command in '/home/abdn/robot_ws/build/diffdrive_arduino' returned '0': CMAKE_PREFIX_PATH=${CMAKE_PREFIX_PATH}:/home/abdn/robot_ws/install/serial_motor_demo:/opt/ros/humble /usr/bin/cmake --install /home/abdn/robot_ws/build/diffdrive_arduino
