[0.093s] Invoking command in '/home/abdn/robot_ws/build/diffdrive_arduino': CMAKE_PREFIX_PATH=${CMAKE_PREFIX_PATH}:/opt/ros/humble /usr/bin/cmake --build /home/abdn/robot_ws/build/diffdrive_arduino -- -j4 -l4
[0.488s] [100%] Built target diffdrive_arduino
[0.500s] Invoked command in '/home/abdn/robot_ws/build/diffdrive_arduino' returned '0': CMAKE_PREFIX_PATH=${CMAKE_PREFIX_PATH}:/opt/ros/humble /usr/bin/cmake --build /home/abdn/robot_ws/build/diffdrive_arduino -- -j4 -l4
[0.508s] Invoking command in '/home/abdn/robot_ws/build/diffdrive_arduino': CMAKE_PREFIX_PATH=${CMAKE_PREFIX_PATH}:/opt/ros/humble /usr/bin/cmake --install /home/abdn/robot_ws/build/diffdrive_arduino
[0.514s] -- Install configuration: ""
[0.515s] -- Execute custom install script
[0.516s] -- Up-to-date symlink: /home/abdn/robot_ws/install/diffdrive_arduino/share/diffdrive_arduino//diffdrive_arduino.xml
[0.517s] -- Up-to-date symlink: /home/abdn/robot_ws/install/diffdrive_arduino/include/diffdrive_arduino/diffdrive_arduino/arduino_comms.hpp
[0.518s] -- Up-to-date symlink: /home/abdn/robot_ws/install/diffdrive_arduino/include/diffdrive_arduino/diffdrive_arduino/diffbot_system.hpp
[0.519s] -- Up-to-date symlink: /home/abdn/robot_ws/install/diffdrive_arduino/include/diffdrive_arduino/diffdrive_arduino/visibility_control.h
[0.520s] -- Up-to-date symlink: /home/abdn/robot_ws/install/diffdrive_arduino/include/diffdrive_arduino/diffdrive_arduino/wheel.hpp
[0.521s] -- Up-to-date symlink: /home/abdn/robot_ws/install/diffdrive_arduino/share/diffdrive_arduino/launch/view_robot.launch.py
[0.522s] -- Up-to-date symlink: /home/abdn/robot_ws/install/diffdrive_arduino/share/diffdrive_arduino/ros2_control/diffbot.ros2_control.xacro
[0.522s] -- Up-to-date symlink: /home/abdn/robot_ws/install/diffdrive_arduino/share/diffdrive_arduino/urdf/diffbot.materials.xacro
[0.523s] -- Up-to-date symlink: /home/abdn/robot_ws/install/diffdrive_arduino/share/diffdrive_arduino/urdf/diffbot.urdf.xacro
[0.524s] -- Up-to-date symlink: /home/abdn/robot_ws/install/diffdrive_arduino/share/diffdrive_arduino/urdf/diffbot_description.urdf.xacro
[0.525s] -- Up-to-date symlink: /home/abdn/robot_ws/install/diffdrive_arduino/share/diffdrive_arduino/rviz/diffbot.rviz
[0.526s] -- Up-to-date symlink: /home/abdn/robot_ws/install/diffdrive_arduino/share/diffdrive_arduino/rviz/diffbot_view.rviz
[0.526s] -- Up-to-date symlink: /home/abdn/robot_ws/install/diffdrive_arduino/share/diffdrive_arduino/launch/diffbot.launch.py
[0.527s] -- Up-to-date symlink: /home/abdn/robot_ws/install/diffdrive_arduino/share/diffdrive_arduino/config/diffbot_controllers.yaml
[0.528s] -- Up-to-date symlink: /home/abdn/robot_ws/install/diffdrive_arduino/share/diffdrive_arduino/environment/library_path.sh
[0.529s] -- Up-to-date symlink: /home/abdn/robot_ws/install/diffdrive_arduino/share/diffdrive_arduino/environment/library_path.dsv
[0.532s] -- Up-to-date symlink: /home/abdn/robot_ws/install/diffdrive_arduino/share/ament_index/resource_index/package_run_dependencies/diffdrive_arduino
[0.532s] -- Up-to-date symlink: /home/abdn/robot_ws/install/diffdrive_arduino/share/ament_index/resource_index/parent_prefix_path/diffdrive_arduino
[0.535s] -- Up-to-date symlink: /home/abdn/robot_ws/install/diffdrive_arduino/share/diffdrive_arduino/environment/ament_prefix_path.sh
[0.535s] -- Up-to-date symlink: /home/abdn/robot_ws/install/diffdrive_arduino/share/diffdrive_arduino/environment/ament_prefix_path.dsv
[0.536s] -- Up-to-date symlink: /home/abdn/robot_ws/install/diffdrive_arduino/share/diffdrive_arduino/environment/path.sh
[0.537s] -- Up-to-date symlink: /home/abdn/robot_ws/install/diffdrive_arduino/share/diffdrive_arduino/environment/path.dsv
[0.538s] -- Up-to-date symlink: /home/abdn/robot_ws/install/diffdrive_arduino/share/diffdrive_arduino/local_setup.bash
[0.539s] -- Up-to-date symlink: /home/abdn/robot_ws/install/diffdrive_arduino/share/diffdrive_arduino/local_setup.sh
[0.541s] -- Up-to-date symlink: /home/abdn/robot_ws/install/diffdrive_arduino/share/diffdrive_arduino/local_setup.zsh
[0.541s] -- Up-to-date symlink: /home/abdn/robot_ws/install/diffdrive_arduino/share/diffdrive_arduino/local_setup.dsv
[0.542s] -- Symlinking: /home/abdn/robot_ws/install/diffdrive_arduino/share/diffdrive_arduino/package.dsv
[0.563s] -- Up-to-date symlink: /home/abdn/robot_ws/install/diffdrive_arduino/share/ament_index/resource_index/packages/diffdrive_arduino
[0.565s] -- Up-to-date symlink: /home/abdn/robot_ws/install/diffdrive_arduino/share/ament_index/resource_index/hardware_interface__pluginlib__plugin/diffdrive_arduino
[0.566s] -- Up-to-date symlink: /home/abdn/robot_ws/install/diffdrive_arduino/share/diffdrive_arduino/cmake/ament_cmake_export_targets-extras.cmake
[0.570s] -- Up-to-date symlink: /home/abdn/robot_ws/install/diffdrive_arduino/share/diffdrive_arduino/cmake/ament_cmake_export_dependencies-extras.cmake
[0.571s] -- Up-to-date symlink: /home/abdn/robot_ws/install/diffdrive_arduino/share/diffdrive_arduino/cmake/diffdrive_arduinoConfig.cmake
[0.573s] -- Up-to-date symlink: /home/abdn/robot_ws/install/diffdrive_arduino/share/diffdrive_arduino/cmake/diffdrive_arduinoConfig-version.cmake
[0.577s] -- Up-to-date symlink: /home/abdn/robot_ws/install/diffdrive_arduino/share/diffdrive_arduino/package.xml
[0.578s] -- Up-to-date: /home/abdn/robot_ws/install/diffdrive_arduino/lib/libdiffdrive_arduino.so
[0.578s] -- Up-to-date: /home/abdn/robot_ws/install/diffdrive_arduino/share/diffdrive_arduino/cmake/export_diffdrive_arduinoExport.cmake
[0.581s] -- Up-to-date: /home/abdn/robot_ws/install/diffdrive_arduino/share/diffdrive_arduino/cmake/export_diffdrive_arduinoExport-noconfig.cmake
[0.702s] Invoked command in '/home/abdn/robot_ws/build/diffdrive_arduino' returned '0': CMAKE_PREFIX_PATH=${CMAKE_PREFIX_PATH}:/opt/ros/humble /usr/bin/cmake --install /home/abdn/robot_ws/build/diffdrive_arduino
