[0.095s] Invoking command in '/home/abdn/robot_ws/build/diffdrive_arduino': CMAKE_PREFIX_PATH=${CMAKE_PREFIX_PATH}:/opt/ros/humble /usr/bin/cmake --build /home/abdn/robot_ws/build/diffdrive_arduino -- -j4 -l4
[0.221s] -- Found ament_cmake: 1.3.14 (/opt/ros/humble/share/ament_cmake/cmake)
[0.964s] -- Override CMake install command with custom implementation using symlinks instead of copying resources
[1.020s] -- Found hardware_interface: 2.54.0 (/opt/ros/humble/share/hardware_interface/cmake)
[1.216s] -- Found rosidl_generator_c: 3.1.8 (/opt/ros/humble/share/rosidl_generator_c/cmake)
[1.230s] -- Found rosidl_adapter: 3.1.8 (/opt/ros/humble/share/rosidl_adapter/cmake)
[1.292s] -- Found rosidl_generator_cpp: 3.1.8 (/opt/ros/humble/share/rosidl_generator_cpp/cmake)
[1.354s] -- Using all available rosidl_typesupport_c: rosidl_typesupport_fastrtps_c;rosidl_typesupport_introspection_c
[1.430s] -- Using all available rosidl_typesupport_cpp: rosidl_typesupport_fastrtps_cpp;rosidl_typesupport_introspection_cpp
[2.495s] -- Found rmw_implementation_cmake: 6.1.2 (/opt/ros/humble/share/rmw_implementation_cmake/cmake)
[2.511s] -- Found rmw_fastrtps_cpp: 6.2.10 (/opt/ros/humble/share/rmw_fastrtps_cpp/cmake)
[2.653s] -- Found TinyXML2 via Config file: TinyXML2_DIR-NOTFOUND
[2.708s] -- Found TinyXML2 via Config file: TinyXML2_DIR-NOTFOUND
[2.782s] -- Found TinyXML2 via Config file: TinyXML2_DIR-NOTFOUND
[2.819s] -- Found TinyXML2 via Config file: TinyXML2_DIR-NOTFOUND
[2.856s] -- Using RMW implementation 'rmw_fastrtps_cpp' as default
[3.147s] -- Found ament_cmake_gtest: 1.3.14 (/opt/ros/humble/share/ament_cmake_gtest/cmake)
[3.525s] -- Configuring done
[3.639s] -- Generating done
[3.663s] -- Build files have been written to: /home/abdn/robot_ws/build/diffdrive_arduino
[3.792s] [35m[1mConsolidate compiler generated dependencies of target diffdrive_arduino[0m
[3.932s] [ 50%] [32mBuilding CXX object CMakeFiles/diffdrive_arduino.dir/hardware/diffbot_system.cpp.o[0m
[21.164s] [100%] [32m[1mLinking CXX shared library libdiffdrive_arduino.so[0m
[22.340s] [100%] Built target diffdrive_arduino
[22.390s] Invoked command in '/home/abdn/robot_ws/build/diffdrive_arduino' returned '0': CMAKE_PREFIX_PATH=${CMAKE_PREFIX_PATH}:/opt/ros/humble /usr/bin/cmake --build /home/abdn/robot_ws/build/diffdrive_arduino -- -j4 -l4
[22.403s] Invoking command in '/home/abdn/robot_ws/build/diffdrive_arduino': CMAKE_PREFIX_PATH=${CMAKE_PREFIX_PATH}:/opt/ros/humble /usr/bin/cmake --install /home/abdn/robot_ws/build/diffdrive_arduino
[22.433s] -- Install configuration: ""
[22.441s] -- Execute custom install script
[22.443s] -- Up-to-date symlink: /home/abdn/robot_ws/install/diffdrive_arduino/share/diffdrive_arduino//diffdrive_arduino.xml
[22.446s] -- Up-to-date symlink: /home/abdn/robot_ws/install/diffdrive_arduino/include/diffdrive_arduino/diffdrive_arduino/arduino_comms.hpp
[22.447s] -- Up-to-date symlink: /home/abdn/robot_ws/install/diffdrive_arduino/include/diffdrive_arduino/diffdrive_arduino/diffbot_system.hpp
[22.448s] -- Up-to-date symlink: /home/abdn/robot_ws/install/diffdrive_arduino/include/diffdrive_arduino/diffdrive_arduino/visibility_control.h
[22.449s] -- Up-to-date symlink: /home/abdn/robot_ws/install/diffdrive_arduino/include/diffdrive_arduino/diffdrive_arduino/wheel.hpp
[22.452s] -- Up-to-date symlink: /home/abdn/robot_ws/install/diffdrive_arduino/share/diffdrive_arduino/launch/view_robot.launch.py
[22.453s] -- Up-to-date symlink: /home/abdn/robot_ws/install/diffdrive_arduino/share/diffdrive_arduino/ros2_control/diffbot.ros2_control.xacro
[22.455s] -- Up-to-date symlink: /home/abdn/robot_ws/install/diffdrive_arduino/share/diffdrive_arduino/urdf/diffbot.materials.xacro
[22.456s] -- Up-to-date symlink: /home/abdn/robot_ws/install/diffdrive_arduino/share/diffdrive_arduino/urdf/diffbot.urdf.xacro
[22.457s] -- Up-to-date symlink: /home/abdn/robot_ws/install/diffdrive_arduino/share/diffdrive_arduino/urdf/diffbot_description.urdf.xacro
[22.459s] -- Up-to-date symlink: /home/abdn/robot_ws/install/diffdrive_arduino/share/diffdrive_arduino/rviz/diffbot.rviz
[22.460s] -- Up-to-date symlink: /home/abdn/robot_ws/install/diffdrive_arduino/share/diffdrive_arduino/rviz/diffbot_view.rviz
[22.462s] -- Up-to-date symlink: /home/abdn/robot_ws/install/diffdrive_arduino/share/diffdrive_arduino/launch/diffbot.launch.py
[22.463s] -- Up-to-date symlink: /home/abdn/robot_ws/install/diffdrive_arduino/share/diffdrive_arduino/config/diffbot_controllers.yaml
[22.465s] -- Up-to-date symlink: /home/abdn/robot_ws/install/diffdrive_arduino/share/diffdrive_arduino/environment/library_path.sh
[22.466s] -- Up-to-date symlink: /home/abdn/robot_ws/install/diffdrive_arduino/share/diffdrive_arduino/environment/library_path.dsv
[22.467s] -- Up-to-date symlink: /home/abdn/robot_ws/install/diffdrive_arduino/share/ament_index/resource_index/package_run_dependencies/diffdrive_arduino
[22.468s] -- Up-to-date symlink: /home/abdn/robot_ws/install/diffdrive_arduino/share/ament_index/resource_index/parent_prefix_path/diffdrive_arduino
[22.470s] -- Up-to-date symlink: /home/abdn/robot_ws/install/diffdrive_arduino/share/diffdrive_arduino/environment/ament_prefix_path.sh
[22.471s] -- Up-to-date symlink: /home/abdn/robot_ws/install/diffdrive_arduino/share/diffdrive_arduino/environment/ament_prefix_path.dsv
[22.472s] -- Up-to-date symlink: /home/abdn/robot_ws/install/diffdrive_arduino/share/diffdrive_arduino/environment/path.sh
[22.473s] -- Up-to-date symlink: /home/abdn/robot_ws/install/diffdrive_arduino/share/diffdrive_arduino/environment/path.dsv
[22.474s] -- Up-to-date symlink: /home/abdn/robot_ws/install/diffdrive_arduino/share/diffdrive_arduino/local_setup.bash
[22.475s] -- Up-to-date symlink: /home/abdn/robot_ws/install/diffdrive_arduino/share/diffdrive_arduino/local_setup.sh
[22.476s] -- Up-to-date symlink: /home/abdn/robot_ws/install/diffdrive_arduino/share/diffdrive_arduino/local_setup.zsh
[22.477s] -- Up-to-date symlink: /home/abdn/robot_ws/install/diffdrive_arduino/share/diffdrive_arduino/local_setup.dsv
[22.478s] -- Symlinking: /home/abdn/robot_ws/install/diffdrive_arduino/share/diffdrive_arduino/package.dsv
[22.513s] -- Up-to-date symlink: /home/abdn/robot_ws/install/diffdrive_arduino/share/ament_index/resource_index/packages/diffdrive_arduino
[22.515s] -- Up-to-date symlink: /home/abdn/robot_ws/install/diffdrive_arduino/share/ament_index/resource_index/hardware_interface__pluginlib__plugin/diffdrive_arduino
[22.516s] -- Up-to-date symlink: /home/abdn/robot_ws/install/diffdrive_arduino/share/diffdrive_arduino/cmake/ament_cmake_export_targets-extras.cmake
[22.517s] -- Up-to-date symlink: /home/abdn/robot_ws/install/diffdrive_arduino/share/diffdrive_arduino/cmake/ament_cmake_export_dependencies-extras.cmake
[22.518s] -- Up-to-date symlink: /home/abdn/robot_ws/install/diffdrive_arduino/share/diffdrive_arduino/cmake/diffdrive_arduinoConfig.cmake
[22.519s] -- Up-to-date symlink: /home/abdn/robot_ws/install/diffdrive_arduino/share/diffdrive_arduino/cmake/diffdrive_arduinoConfig-version.cmake
[22.520s] -- Up-to-date symlink: /home/abdn/robot_ws/install/diffdrive_arduino/share/diffdrive_arduino/package.xml
[22.522s] -- Installing: /home/abdn/robot_ws/install/diffdrive_arduino/lib/libdiffdrive_arduino.so
[22.532s] -- Set runtime path of "/home/abdn/robot_ws/install/diffdrive_arduino/lib/libdiffdrive_arduino.so" to ""
[22.533s] -- Up-to-date: /home/abdn/robot_ws/install/diffdrive_arduino/share/diffdrive_arduino/cmake/export_diffdrive_arduinoExport.cmake
[22.533s] -- Up-to-date: /home/abdn/robot_ws/install/diffdrive_arduino/share/diffdrive_arduino/cmake/export_diffdrive_arduinoExport-noconfig.cmake
[22.541s] Invoked command in '/home/abdn/robot_ws/build/diffdrive_arduino' returned '0': CMAKE_PREFIX_PATH=${CMAKE_PREFIX_PATH}:/opt/ros/humble /usr/bin/cmake --install /home/abdn/robot_ws/build/diffdrive_arduino
