[0.066s] Invoking command in '/home/abdn/robot_ws/build/my_bot': CMAKE_PREFIX_PATH=/opt/ros/humble /usr/bin/cmake /home/abdn/robot_ws/src/my_bot -DAMENT_CMAKE_SYMLINK_INSTALL=1 -DCMAKE_INSTALL_PREFIX=/home/abdn/robot_ws/install/my_bot
[0.796s] -- The C compiler identification is GNU 11.4.0
[1.096s] -- The CXX compiler identification is GNU 11.4.0
[1.145s] -- Detecting C compiler ABI info
[1.522s] -- Detecting C compiler ABI info - done
[1.552s] -- Check for working C compiler: /usr/bin/cc - skipped
[1.559s] -- Detecting C compile features
[1.562s] -- Detecting C compile features - done
[1.585s] -- Detecting CXX compiler ABI info
[1.989s] -- Detecting CXX compiler ABI info - done
[2.019s] -- Check for working CXX compiler: /usr/bin/c++ - skipped
[2.020s] -- Detecting CXX compile features
[2.022s] -- Detecting CXX compile features - done
[2.055s] -- Found ament_cmake: 1.3.14 (/opt/ros/humble/share/ament_cmake/cmake)
[2.844s] -- Found Python3: /usr/bin/python3 (found version "3.10.12") found components: Interpreter 
[3.152s] -- Override CMake install command with custom implementation using symlinks instead of copying resources
[3.455s] -- Found ament_lint_auto: 0.12.15 (/opt/ros/humble/share/ament_lint_auto/cmake)
[4.071s] -- Added test 'copyright' to check source files copyright and LICENSE
[4.186s] -- Added test 'flake8' to check Python code syntax and style conventions
[4.200s] -- Added test 'lint_cmake' to check CMake code style
[4.208s] -- Added test 'pep257' to check Python code against some of the docstring style conventions in PEP 257
[4.266s] -- Added test 'xmllint' to check XML markup files
[4.276s] -- Configuring done
[4.300s] -- Generating done
[4.309s] -- Build files have been written to: /home/abdn/robot_ws/build/my_bot
[4.326s] Invoked command in '/home/abdn/robot_ws/build/my_bot' returned '0': CMAKE_PREFIX_PATH=/opt/ros/humble /usr/bin/cmake /home/abdn/robot_ws/src/my_bot -DAMENT_CMAKE_SYMLINK_INSTALL=1 -DCMAKE_INSTALL_PREFIX=/home/abdn/robot_ws/install/my_bot
[4.334s] Invoking command in '/home/abdn/robot_ws/build/my_bot': CMAKE_PREFIX_PATH=/opt/ros/humble /usr/bin/cmake --build /home/abdn/robot_ws/build/my_bot -- -j4 -l4
[4.491s] Invoked command in '/home/abdn/robot_ws/build/my_bot' returned '0': CMAKE_PREFIX_PATH=/opt/ros/humble /usr/bin/cmake --build /home/abdn/robot_ws/build/my_bot -- -j4 -l4
[4.503s] Invoking command in '/home/abdn/robot_ws/build/my_bot': CMAKE_PREFIX_PATH=/opt/ros/humble /usr/bin/cmake --install /home/abdn/robot_ws/build/my_bot
[4.532s] -- Install configuration: ""
[4.534s] -- Execute custom install script
[4.537s] -- Symlinking: /home/abdn/robot_ws/install/my_bot/share/my_bot/config/drive_bot.rviz
[4.571s] -- Symlinking: /home/abdn/robot_ws/install/my_bot/share/my_bot/config/empty.yaml
[4.606s] -- Symlinking: /home/abdn/robot_ws/install/my_bot/share/my_bot/config/gazebo_params.yaml
[4.640s] -- Symlinking: /home/abdn/robot_ws/install/my_bot/share/my_bot/config/my_controllers.yaml
[4.673s] -- Symlinking: /home/abdn/robot_ws/install/my_bot/share/my_bot/config/view_bot.rviz
[4.708s] -- Symlinking: /home/abdn/robot_ws/install/my_bot/share/my_bot/description/gazebo_control.xacro
[4.743s] -- Symlinking: /home/abdn/robot_ws/install/my_bot/share/my_bot/description/inertial_macros.xacro
[4.777s] -- Symlinking: /home/abdn/robot_ws/install/my_bot/share/my_bot/description/lidar.xacro
[4.812s] -- Symlinking: /home/abdn/robot_ws/install/my_bot/share/my_bot/description/robot.urdf.xacro
[4.847s] -- Symlinking: /home/abdn/robot_ws/install/my_bot/share/my_bot/description/robot_core.xacro
[4.880s] -- Symlinking: /home/abdn/robot_ws/install/my_bot/share/my_bot/description/ros2_control.xacro
[4.916s] -- Symlinking: /home/abdn/robot_ws/install/my_bot/share/my_bot/launch/launch_robot.launch.py
[4.951s] -- Symlinking: /home/abdn/robot_ws/install/my_bot/share/my_bot/launch/launch_sim.launch.py
[4.985s] -- Symlinking: /home/abdn/robot_ws/install/my_bot/share/my_bot/launch/rplidar.launch.py
[5.018s] -- Symlinking: /home/abdn/robot_ws/install/my_bot/share/my_bot/launch/rsp.launch.py
[5.053s] -- Symlinking: /home/abdn/robot_ws/install/my_bot/share/my_bot/worlds/empty.world
[5.087s] -- Symlinking: /home/abdn/robot_ws/install/my_bot/share/my_bot/worlds/obstacles.world
[5.122s] -- Symlinking: /home/abdn/robot_ws/install/my_bot/share/ament_index/resource_index/package_run_dependencies/my_bot
[5.157s] -- Symlinking: /home/abdn/robot_ws/install/my_bot/share/ament_index/resource_index/parent_prefix_path/my_bot
[5.192s] -- Symlinking: /home/abdn/robot_ws/install/my_bot/share/my_bot/environment/ament_prefix_path.sh
[5.227s] -- Symlinking: /home/abdn/robot_ws/install/my_bot/share/my_bot/environment/ament_prefix_path.dsv
[5.261s] -- Symlinking: /home/abdn/robot_ws/install/my_bot/share/my_bot/environment/path.sh
[5.295s] -- Symlinking: /home/abdn/robot_ws/install/my_bot/share/my_bot/environment/path.dsv
[5.330s] -- Symlinking: /home/abdn/robot_ws/install/my_bot/share/my_bot/local_setup.bash
[5.365s] -- Symlinking: /home/abdn/robot_ws/install/my_bot/share/my_bot/local_setup.sh
[5.399s] -- Symlinking: /home/abdn/robot_ws/install/my_bot/share/my_bot/local_setup.zsh
[5.433s] -- Symlinking: /home/abdn/robot_ws/install/my_bot/share/my_bot/local_setup.dsv
[5.469s] -- Symlinking: /home/abdn/robot_ws/install/my_bot/share/my_bot/package.dsv
[5.505s] -- Symlinking: /home/abdn/robot_ws/install/my_bot/share/ament_index/resource_index/packages/my_bot
[5.541s] -- Symlinking: /home/abdn/robot_ws/install/my_bot/share/my_bot/cmake/my_botConfig.cmake
[5.575s] -- Symlinking: /home/abdn/robot_ws/install/my_bot/share/my_bot/cmake/my_botConfig-version.cmake
[5.624s] -- Symlinking: /home/abdn/robot_ws/install/my_bot/share/my_bot/package.xml
[5.673s] Invoked command in '/home/abdn/robot_ws/build/my_bot' returned '0': CMAKE_PREFIX_PATH=/opt/ros/humble /usr/bin/cmake --install /home/abdn/robot_ws/build/my_bot
